TN:
SF:src/foundation.ts
FN:27,isCreate
FN:34,isDelete
FN:41,isMove
FN:49,isUpdate
FN:59,invert
FN:78,newActionEvent
FN:95,newPendingStateEvent
FN:108,unreachable
FNF:8
FNH:8
FNDA:13,isCreate
FNDA:11,isDelete
FNDA:10,isMove
FNDA:8,isUpdate
FNDA:8,invert
FNDA:1,newActionEvent
FNDA:3,newPendingStateEvent
FNDA:1,unreachable
DA:28,13
DA:35,11
DA:42,10
DA:50,8
DA:60,8
DA:61,6
DA:62,2
DA:63,4
DA:64,1
DA:68,3
DA:69,2
DA:70,1
DA:82,1
DA:99,3
DA:109,1
LF:15
LH:15
BRDA:29,0,0,13
BRDA:29,0,1,5
BRDA:29,0,2,4
BRDA:36,1,0,11
BRDA:36,1,1,6
BRDA:36,1,2,6
BRDA:43,2,0,10
BRDA:43,2,1,5
BRDA:43,2,2,5
BRDA:43,2,3,4
BRDA:51,3,0,8
BRDA:51,3,1,6
BRDA:51,3,2,4
BRDA:51,3,3,4
BRDA:60,4,0,2
BRDA:60,4,1,6
BRDA:61,5,0,2
BRDA:61,5,1,4
BRDA:63,6,0,1
BRDA:63,6,1,3
BRDA:68,7,0,2
BRDA:68,7,1,1
BRF:22
BRH:22
end_of_record
TN:
SF:src/logging.ts
FN:22,Logging
FN:109,(anonymous_1)
FN:28,(anonymous_2)
FN:31,(anonymous_3)
FN:34,(anonymous_4)
FN:38,(anonymous_5)
FN:41,(anonymous_6)
FN:44,(anonymous_7)
FN:49,(anonymous_8)
FN:62,(anonymous_9)
FN:75,(anonymous_10)
FN:96,(anonymous_11)
FN:99,(anonymous_12)
FN:102,(anonymous_13)
FN:105,(anonymous_14)
FNF:15
FNH:15
FNDA:1,Logging
FNDA:6,(anonymous_1)
FNDA:30,(anonymous_2)
FNDA:10,(anonymous_3)
FNDA:13,(anonymous_4)
FNDA:12,(anonymous_5)
FNDA:25,(anonymous_6)
FNDA:15,(anonymous_7)
FNDA:4,(anonymous_8)
FNDA:4,(anonymous_9)
FNDA:9,(anonymous_10)
FNDA:1,(anonymous_11)
FNDA:1,(anonymous_12)
FNDA:1,(anonymous_13)
FNDA:6,(anonymous_14)
DA:23,1
DA:24,6
DA:26,6
DA:29,30
DA:32,10
DA:35,13
DA:36,10
DA:38,12
DA:42,25
DA:44,15
DA:45,25
DA:46,25
DA:50,4
DA:51,3
DA:58,3
DA:59,3
DA:63,4
DA:64,3
DA:71,3
DA:72,3
DA:76,9
DA:81,9
DA:82,6
DA:83,1
DA:88,5
DA:89,5
DA:90,5
DA:92,8
DA:93,8
DA:97,1
DA:100,1
DA:103,1
DA:106,6
DA:110,6
DA:111,6
DA:112,6
DA:113,6
DA:114,6
DA:115,6
DA:116,6
DA:117,6
LF:41
LH:41
BRDA:35,0,0,3
BRDA:35,0,1,10
BRDA:38,1,0,9
BRDA:38,1,1,3
BRDA:45,2,0,15
BRDA:45,2,1,10
BRDA:50,3,0,1
BRDA:50,3,1,3
BRDA:63,4,0,1
BRDA:63,4,1,3
BRDA:81,5,0,6
BRDA:81,5,1,3
BRDA:82,6,0,1
BRDA:82,6,1,5
BRDA:89,7,0,2
BRDA:89,7,1,3
BRF:16
BRH:16
end_of_record
TN:
SF:src/waiting.ts
FN:5,Waiting
FN:11,(anonymous_1)
FN:15,(anonymous_2)
FNF:3
FNH:3
FNDA:1,Waiting
FNDA:3,(anonymous_1)
FNDA:2,(anonymous_2)
DA:6,1
DA:7,3
DA:8,3
DA:10,3
DA:12,3
DA:13,3
DA:16,2
DA:17,2
DA:18,2
DA:19,2
DA:23,2
DA:24,2
LF:12
LH:12
BRDA:20,0,0,2
BRDA:20,0,1,2
BRDA:21,1,0,2
BRDA:21,1,1,2
BRF:4
BRH:4
end_of_record
