TN:
SF:src/editing.ts
FN:32,Editing
FN:167,(anonymous_1)
FN:40,(anonymous_2)
FN:43,(anonymous_3)
FN:46,(anonymous_4)
FN:50,(anonymous_5)
FN:53,(anonymous_6)
FN:56,(anonymous_7)
FN:61,(anonymous_8)
FN:70,(anonymous_9)
FN:77,(anonymous_10)
FN:98,(anonymous_11)
FN:101,(anonymous_12)
FN:104,(anonymous_13)
FN:107,(anonymous_14)
FN:111,(anonymous_15)
FN:122,(anonymous_16)
FN:130,(anonymous_17)
FN:141,(anonymous_18)
FN:154,(anonymous_19)
FNF:20
FNH:20
FNDA:2,Editing
FNDA:32,(anonymous_1)
FNDA:111,(anonymous_2)
FNDA:88,(anonymous_3)
FNDA:17,(anonymous_4)
FNDA:10,(anonymous_5)
FNDA:103,(anonymous_6)
FNDA:174,(anonymous_7)
FNDA:8,(anonymous_8)
FNDA:4,(anonymous_9)
FNDA:69,(anonymous_10)
FNDA:10,(anonymous_11)
FNDA:4,(anonymous_12)
FNDA:31,(anonymous_13)
FNDA:24,(anonymous_14)
FNDA:5,(anonymous_15)
FNDA:5,(anonymous_16)
FNDA:3,(anonymous_17)
FNDA:5,(anonymous_18)
FNDA:18,(anonymous_19)
DA:33,2
DA:36,32
DA:38,32
DA:41,111
DA:44,88
DA:47,17
DA:48,14
DA:50,10
DA:54,103
DA:56,174
DA:57,103
DA:58,103
DA:62,8
DA:63,7
DA:66,7
DA:67,7
DA:71,4
DA:72,3
DA:73,3
DA:74,3
DA:78,69
DA:83,69
DA:84,24
DA:85,10
DA:90,14
DA:91,14
DA:92,14
DA:94,59
DA:95,59
DA:99,10
DA:102,4
DA:105,31
DA:108,24
DA:112,5
DA:116,5
DA:123,5
DA:124,5
DA:131,3
DA:135,3
DA:142,5
DA:145,5
DA:148,5
DA:155,18
DA:156,15
DA:157,5
DA:158,10
DA:159,5
DA:160,5
DA:161,5
DA:163,18
DA:164,108
DA:168,32
DA:170,32
DA:171,32
DA:172,32
DA:173,32
DA:174,32
DA:175,32
DA:176,32
DA:178,32
LF:60
LH:60
BRDA:47,0,0,3
BRDA:47,0,1,14
BRDA:50,1,0,10
BRDA:50,1,1,0
BRDA:57,2,0,15
BRDA:57,2,1,88
BRDA:62,3,0,1
BRDA:62,3,1,7
BRDA:71,4,0,1
BRDA:71,4,1,3
BRDA:83,5,0,24
BRDA:83,5,1,45
BRDA:84,6,0,10
BRDA:84,6,1,14
BRDA:155,7,0,3
BRDA:155,7,1,15
BRDA:156,8,0,5
BRDA:156,8,1,10
BRDA:158,9,0,5
BRDA:158,9,1,5
BRDA:160,10,0,5
BRDA:160,10,1,0
BRDA:164,11,0,18
BRDA:164,11,1,90
BRF:24
BRH:22
end_of_record
TN:
SF:src/foundation.ts
FN:27,isCreate
FN:35,isDelete
FN:43,isMove
FN:53,isUpdate
FN:63,invert
FN:86,newActionEvent
FN:103,newPendingStateEvent
FN:116,unreachable
FNF:8
FNH:8
FNDA:32,isCreate
FNDA:24,isDelete
FNDA:30,isMove
FNDA:14,isUpdate
FNDA:12,invert
FNDA:19,newActionEvent
FNDA:7,newPendingStateEvent
FNDA:1,unreachable
DA:28,32
DA:36,24
DA:44,30
DA:54,14
DA:64,12
DA:65,9
DA:66,3
DA:67,6
DA:68,2
DA:76,4
DA:77,3
DA:78,1
DA:90,19
DA:107,7
DA:117,1
LF:15
LH:15
BRDA:29,0,0,32
BRDA:29,0,1,11
BRDA:29,0,2,10
BRDA:29,0,3,10
BRDA:37,1,0,24
BRDA:37,1,1,13
BRDA:37,1,2,13
BRDA:37,1,3,13
BRDA:45,2,0,30
BRDA:45,2,1,14
BRDA:45,2,2,14
BRDA:45,2,3,14
BRDA:45,2,4,8
BRDA:45,2,5,8
BRDA:55,3,0,14
BRDA:55,3,1,12
BRDA:55,3,2,10
BRDA:55,3,3,10
BRDA:64,4,0,3
BRDA:64,4,1,9
BRDA:65,5,0,3
BRDA:65,5,1,6
BRDA:67,6,0,2
BRDA:67,6,1,4
BRDA:76,7,0,3
BRDA:76,7,1,1
BRF:26
BRH:26
end_of_record
TN:
SF:src/icons.ts
FNF:0
FNH:0
DA:3,1
DA:47,1
DA:123,1
LF:3
LH:3
BRF:0
BRH:0
end_of_record
TN:
SF:src/open-scd-base.ts
FN:45,newEmptySCD
FN:152,(anonymous_1)
FN:165,(anonymous_2)
FN:177,(anonymous_3)
FN:185,(anonymous_4)
FN:193,(anonymous_5)
FN:203,(anonymous_6)
FN:205,(anonymous_7)
FN:212,(anonymous_8)
FN:218,(anonymous_9)
FN:224,(anonymous_10)
FN:66,(anonymous_11)
FN:76,(anonymous_12)
FN:79,(anonymous_13)
FN:89,(anonymous_14)
FN:94,(anonymous_15)
FN:96,(anonymous_16)
FN:99,(anonymous_17)
FN:109,(anonymous_18)
FN:110,(anonymous_19)
FN:118,(anonymous_20)
FN:121,(anonymous_21)
FN:124,(anonymous_22)
FN:125,(anonymous_23)
FN:132,(anonymous_24)
FN:141,(anonymous_25)
FN:229,(anonymous_26)
FN:250,(anonymous_27)
FN:262,(anonymous_28)
FN:273,(anonymous_29)
FN:285,(anonymous_30)
FN:305,(anonymous_31)
FN:314,(anonymous_32)
FN:325,(anonymous_33)
FN:332,(anonymous_34)
FN:372,(anonymous_35)
FN:374,(anonymous_36)
FNF:37
FNH:29
FNDA:14,newEmptySCD
FNDA:12,(anonymous_1)
FNDA:1,(anonymous_2)
FNDA:52,(anonymous_3)
FNDA:52,(anonymous_4)
FNDA:2,(anonymous_5)
FNDA:26,(anonymous_6)
FNDA:0,(anonymous_7)
FNDA:0,(anonymous_8)
FNDA:0,(anonymous_9)
FNDA:0,(anonymous_10)
FNDA:78,(anonymous_11)
FNDA:1,(anonymous_12)
FNDA:4,(anonymous_13)
FNDA:30,(anonymous_14)
FNDA:4,(anonymous_15)
FNDA:4,(anonymous_16)
FNDA:4,(anonymous_17)
FNDA:4,(anonymous_18)
FNDA:29,(anonymous_19)
FNDA:0,(anonymous_20)
FNDA:0,(anonymous_21)
FNDA:4,(anonymous_22)
FNDA:4,(anonymous_23)
FNDA:0,(anonymous_24)
FNDA:0,(anonymous_25)
FNDA:208,(anonymous_26)
FNDA:208,(anonymous_27)
FNDA:104,(anonymous_28)
FNDA:26,(anonymous_29)
FNDA:53,(anonymous_30)
FNDA:26,(anonymous_31)
FNDA:1,(anonymous_32)
FNDA:1,(anonymous_33)
FNDA:12,(anonymous_34)
FNDA:21,(anonymous_35)
FNDA:1,(anonymous_36)
DA:46,14
DA:55,12
DA:58,12
DA:61,12
DA:64,12
DA:66,1
DA:67,78
DA:70,12
DA:72,12
DA:73,12
DA:76,1
DA:77,1
DA:80,4
DA:81,4
DA:84,1
DA:85,1
DA:86,1
DA:87,1
DA:90,30
DA:91,30
DA:95,4
DA:97,4
DA:98,4
DA:99,4
DA:100,4
DA:107,4
DA:108,4
DA:109,4
DA:110,4
DA:111,29
DA:113,4
DA:114,1
DA:115,3
DA:118,4
DA:119,0
DA:121,4
DA:122,0
DA:124,4
DA:125,4
DA:134,0
DA:135,0
DA:136,0
DA:137,0
DA:142,0
DA:143,0
DA:144,0
DA:145,0
DA:146,0
DA:147,0
DA:148,0
DA:149,0
DA:153,12
DA:155,12
DA:156,12
DA:159,12
DA:165,1
DA:177,52
DA:185,52
DA:193,2
DA:197,12
DA:204,26
DA:205,0
DA:212,0
DA:218,0
DA:224,0
DA:230,208
DA:251,208
DA:252,104
DA:259,104
DA:263,104
DA:274,26
DA:275,12
DA:277,14
DA:290,53
DA:306,26
DA:315,1
DA:325,1
DA:333,12
DA:372,21
DA:374,1
LF:80
LH:62
BRDA:67,0,0,78
BRDA:67,0,1,66
BRDA:101,1,0,4
BRDA:101,1,1,0
BRDA:107,2,0,3
BRDA:107,2,1,1
BRDA:110,3,0,4
BRDA:110,3,1,0
BRDA:113,4,0,1
BRDA:113,4,1,3
BRDA:124,5,0,4
BRDA:124,5,1,0
BRDA:134,6,0,0
BRDA:134,6,1,0
BRDA:135,7,0,0
BRDA:135,7,1,0
BRDA:143,8,0,0
BRDA:143,8,1,0
BRDA:143,9,0,0
BRDA:143,9,1,0
BRDA:143,9,2,0
BRDA:144,10,0,0
BRDA:144,10,1,0
BRDA:144,11,0,0
BRDA:144,11,1,0
BRDA:144,11,2,0
BRDA:145,12,0,0
BRDA:145,12,1,0
BRDA:145,13,0,0
BRDA:145,13,1,0
BRDA:145,13,2,0
BRDA:146,14,0,0
BRDA:146,14,1,0
BRDA:147,15,0,0
BRDA:147,15,1,0
BRDA:147,16,0,0
BRDA:147,16,1,0
BRDA:147,16,2,0
BRDA:149,17,0,0
BRDA:149,17,1,0
BRDA:232,18,0,78
BRDA:232,18,1,130
BRDA:237,19,0,208
BRDA:237,19,1,156
BRDA:237,20,0,52
BRDA:237,20,1,104
BRDA:244,21,0,78
BRDA:244,21,1,130
BRDA:251,22,0,104
BRDA:251,22,1,104
BRDA:256,23,0,104
BRDA:256,23,1,52
BRDA:265,24,0,78
BRDA:265,24,1,26
BRDA:269,25,0,78
BRDA:269,25,1,26
BRDA:274,26,0,12
BRDA:274,26,1,14
BRDA:308,27,0,26
BRDA:308,27,1,22
BRDA:310,28,0,4
BRDA:310,28,1,22
BRDA:328,29,0,26
BRDA:328,29,1,22
BRDA:369,30,0,26
BRDA:369,30,1,23
BRF:66
BRH:35
end_of_record
TN:
SF:src/open-scd-css.ts
FNF:0
FNH:0
DA:3,1
LF:1
LH:1
BRF:0
BRH:0
end_of_record
TN:
SF:src/open-scd.ts
FNF:0
FNH:0
DA:12,1
DA:13,1
LF:2
LH:2
BRF:0
BRH:0
end_of_record
TN:
SF:src/plugin.ts
FN:1,plugin
FNF:1
FNH:1
FNDA:26,plugin
DA:2,26
DA:3,26
DA:4,0
LF:3
LH:2
BRDA:2,0,0,26
BRDA:2,0,1,0
BRF:2
BRH:1
end_of_record
TN:
SF:src/validate.ts
FN:13,validateSCL
FN:25,(anonymous_1)
FN:28,(anonymous_2)
FN:28,(anonymous_3)
FN:29,(anonymous_4)
FNF:5
FNH:5
FNDA:4,validateSCL
FNDA:37,(anonymous_1)
FNDA:29,(anonymous_2)
FNDA:145,(anonymous_3)
FNDA:29,(anonymous_4)
DA:19,4
DA:25,37
DA:27,4
DA:28,145
DA:31,29
DA:32,29
DA:36,1
LF:7
LH:7
BRDA:15,0,0,0
BRDA:19,1,0,4
BRDA:19,1,1,0
BRF:3
BRH:1
end_of_record
TN:
SF:src/waiting.ts
FN:5,Waiting
FN:11,(anonymous_1)
FN:15,(anonymous_2)
FNF:3
FNH:3
FNDA:2,Waiting
FNDA:15,(anonymous_1)
FNDA:6,(anonymous_2)
DA:6,2
DA:7,15
DA:8,15
DA:10,15
DA:12,15
DA:13,15
DA:16,6
DA:17,6
DA:18,6
DA:19,6
DA:23,6
DA:24,6
LF:12
LH:12
BRDA:20,0,0,6
BRDA:20,0,1,2
BRDA:21,1,0,6
BRDA:21,1,1,2
BRF:4
BRH:4
end_of_record
TN:
SF:src/xml-entities.ts
FN:2,encodeNonASCII
FNF:1
FNH:1
FNDA:4,encodeNonASCII
DA:3,4
DA:4,0
DA:6,4
DA:7,4
DA:8,4
DA:9,4
DA:10,6991004
DA:11,6991004
DA:12,6990920
DA:13,6990920
DA:15,84
DA:16,84
DA:18,4
LF:13
LH:12
BRDA:3,0,0,0
BRDA:3,0,1,4
BRDA:3,1,0,4
BRDA:3,1,1,4
BRDA:11,2,0,6990920
BRDA:11,2,1,84
BRF:6
BRH:5
end_of_record
