TN:
SF:src/Editing.ts
FN:25,newEmptySCD
FN:47,Editing
FN:258,(anonymous_2)
FN:55,(anonymous_3)
FN:61,(anonymous_4)
FN:87,(anonymous_5)
FN:94,(anonymous_6)
FN:106,(anonymous_7)
FN:111,(anonymous_8)
FN:123,(anonymous_9)
FN:130,(anonymous_10)
FN:153,(anonymous_11)
FN:160,(anonymous_12)
FN:172,(anonymous_13)
FN:180,(anonymous_14)
FN:203,(anonymous_15)
FN:211,(anonymous_16)
FN:223,(anonymous_17)
FN:230,(anonymous_18)
FN:237,(anonymous_19)
FN:242,(anonymous_20)
FNF:21
FNH:20
FNDA:2,newEmptySCD
FNDA:7,Editing
FNDA:193,(anonymous_2)
FNDA:262,(anonymous_3)
FNDA:113,(anonymous_4)
FNDA:262,(anonymous_5)
FNDA:37,(anonymous_6)
FNDA:20,(anonymous_7)
FNDA:20,(anonymous_8)
FNDA:5,(anonymous_9)
FNDA:0,(anonymous_10)
FNDA:5,(anonymous_11)
FNDA:4,(anonymous_12)
FNDA:36,(anonymous_13)
FNDA:30,(anonymous_14)
FNDA:36,(anonymous_15)
FNDA:32,(anonymous_16)
FNDA:323,(anonymous_17)
FNDA:93,(anonymous_18)
FNDA:109,(anonymous_19)
FNDA:224,(anonymous_20)
DA:29,2
DA:30,2
DA:38,2
DA:51,193
DA:53,193
DA:56,262
DA:59,262
DA:62,113
DA:66,262
DA:67,3
DA:84,262
DA:88,262
DA:90,259
DA:91,259
DA:95,37
DA:107,20
DA:108,20
DA:112,20
DA:124,5
DA:127,5
DA:131,0
DA:135,5
DA:136,0
DA:150,5
DA:154,5
DA:156,5
DA:157,5
DA:161,4
DA:173,36
DA:176,36
DA:181,30
DA:185,36
DA:186,3
DA:200,36
DA:204,36
DA:206,33
DA:207,33
DA:208,33
DA:212,32
DA:224,323
DA:225,318
DA:226,56
DA:227,36
DA:231,93
DA:232,89
DA:233,52
DA:234,32
DA:238,109
DA:239,99
DA:240,93
DA:241,10
DA:242,8
DA:243,224
DA:245,8
DA:254,109
DA:255,843
DA:259,193
DA:261,193
DA:265,7
LF:59
LH:57
BRDA:32,0,0,2
BRDA:32,0,1,0
BRDA:33,1,0,2
BRDA:33,1,1,0
BRDA:34,2,0,1
BRDA:34,2,1,1
BRDA:56,3,0,0
BRDA:56,3,1,262
BRDA:59,4,0,262
BRDA:59,4,1,33
BRDA:62,5,0,113
BRDA:62,5,1,76
BRDA:66,6,0,3
BRDA:66,6,1,259
BRDA:76,7,0,0
BRDA:76,7,1,3
BRDA:88,8,0,3
BRDA:88,8,1,259
BRDA:124,9,0,0
BRDA:124,9,1,5
BRDA:127,10,0,5
BRDA:127,10,1,4
BRDA:127,10,2,1
BRDA:131,11,0,0
BRDA:131,11,1,0
BRDA:135,12,0,0
BRDA:135,12,1,5
BRDA:154,13,0,0
BRDA:154,13,1,5
BRDA:173,14,0,0
BRDA:173,14,1,36
BRDA:176,15,0,36
BRDA:176,15,1,23
BRDA:176,15,2,8
BRDA:179,16,0,8
BRDA:179,16,1,0
BRDA:181,17,0,30
BRDA:181,17,1,18
BRDA:185,18,0,3
BRDA:185,18,1,33
BRDA:204,19,0,3
BRDA:204,19,1,33
BRDA:224,20,0,5
BRDA:224,20,1,318
BRDA:225,21,0,262
BRDA:225,21,1,56
BRDA:226,22,0,20
BRDA:226,22,1,36
BRDA:227,23,0,36
BRDA:227,23,1,0
BRDA:231,24,0,4
BRDA:231,24,1,89
BRDA:232,25,0,37
BRDA:232,25,1,52
BRDA:233,26,0,20
BRDA:233,26,1,32
BRDA:234,27,0,32
BRDA:234,27,1,0
BRDA:238,28,0,99
BRDA:238,28,1,10
BRDA:239,29,0,93
BRDA:239,29,1,6
BRDA:241,30,0,8
BRDA:241,30,1,2
BRDA:255,31,0,209
BRDA:255,31,1,634
BRF:66
BRH:53
end_of_record
TN:
SF:src/Importing.ts
FN:17,Importing
FN:19,(anonymous_1)
FN:46,(anonymous_2)
FN:58,(anonymous_3)
FN:83,(anonymous_4)
FN:95,(anonymous_5)
FN:121,(anonymous_6)
FN:133,(anonymous_7)
FN:158,(anonymous_8)
FN:170,(anonymous_9)
FN:175,(anonymous_10)
FN:179,(anonymous_11)
FN:183,(anonymous_12)
FN:187,(anonymous_13)
FN:201,(anonymous_14)
FN:207,(anonymous_15)
FN:219,(anonymous_16)
FN:220,(anonymous_17)
FN:237,(anonymous_18)
FNF:19
FNH:19
FNDA:1,Importing
FNDA:49,(anonymous_1)
FNDA:6,(anonymous_2)
FNDA:91,(anonymous_3)
FNDA:18,(anonymous_4)
FNDA:49,(anonymous_5)
FNDA:12,(anonymous_6)
FNDA:56,(anonymous_7)
FNDA:6,(anonymous_8)
FNDA:7,(anonymous_9)
FNDA:49,(anonymous_10)
FNDA:91,(anonymous_11)
FNDA:49,(anonymous_12)
FNDA:56,(anonymous_13)
FNDA:252,(anonymous_14)
FNDA:9,(anonymous_15)
FNDA:21,(anonymous_16)
FNDA:21,(anonymous_17)
FNDA:10,(anonymous_18)
DA:23,49
DA:29,49
DA:31,37
DA:34,6
DA:38,6
DA:39,6
DA:41,6
DA:42,6
DA:46,6
DA:49,37
DA:62,91
DA:66,91
DA:68,85
DA:71,12
DA:74,12
DA:76,12
DA:77,12
DA:78,12
DA:79,12
DA:83,18
DA:86,85
DA:99,49
DA:103,49
DA:105,43
DA:108,12
DA:111,12
DA:113,12
DA:114,12
DA:116,12
DA:117,12
DA:121,12
DA:124,43
DA:134,56
DA:140,56
DA:142,50
DA:145,6
DA:148,6
DA:150,6
DA:151,6
DA:153,6
DA:154,6
DA:158,6
DA:161,50
DA:171,7
DA:173,7
DA:175,49
DA:177,7
DA:179,91
DA:181,7
DA:183,49
DA:185,7
DA:187,56
DA:189,7
DA:197,7
DA:201,252
DA:208,9
DA:209,1
DA:215,1
DA:217,8
DA:219,21
DA:220,21
DA:222,1
DA:230,1
DA:233,7
DA:238,10
DA:240,10
DA:241,10
DA:242,10
DA:244,10
DA:245,1
DA:246,1
DA:252,1
DA:258,1
DA:261,9
DA:262,1
DA:263,1
DA:274,9
DA:278,9
DA:282,9
DA:283,7
DA:290,9
DA:292,9
DA:293,7
DA:299,7
DA:302,2
DA:308,2
DA:312,1
LF:87
LH:87
BRDA:29,0,0,12
BRDA:29,0,1,37
BRDA:29,1,0,49
BRDA:29,1,1,18
BRDA:31,2,0,6
BRDA:31,2,1,31
BRDA:66,3,0,6
BRDA:66,3,1,85
BRDA:66,4,0,91
BRDA:66,4,1,18
BRDA:68,5,0,12
BRDA:68,5,1,73
BRDA:103,6,0,6
BRDA:103,6,1,43
BRDA:103,7,0,49
BRDA:103,7,1,18
BRDA:105,8,0,12
BRDA:105,8,1,31
BRDA:140,9,0,6
BRDA:140,9,1,50
BRDA:140,10,0,56
BRDA:140,10,1,12
BRDA:142,11,0,6
BRDA:142,11,1,44
BRDA:208,12,0,1
BRDA:208,12,1,8
BRDA:217,13,0,1
BRDA:217,13,1,7
BRDA:244,14,0,1
BRDA:244,14,1,9
BRDA:244,15,0,10
BRDA:244,15,1,10
BRDA:245,16,0,1
BRDA:245,16,1,0
BRDA:261,17,0,1
BRDA:261,17,1,8
BRDA:275,18,0,9
BRDA:275,18,1,1
BRDA:282,19,0,7
BRDA:282,19,1,2
BRDA:290,20,0,9
BRDA:290,20,1,0
BRDA:292,21,0,7
BRDA:292,21,1,2
BRF:44
BRH:42
end_of_record
TN:
SF:src/Logging.ts
FN:43,Logging
FN:143,(anonymous_1)
FN:57,(anonymous_2)
FN:60,(anonymous_3)
FN:64,(anonymous_4)
FN:68,(anonymous_5)
FN:71,(anonymous_6)
FN:74,(anonymous_7)
FN:79,(anonymous_8)
FN:89,(anonymous_9)
FN:99,(anonymous_10)
FN:104,(anonymous_11)
FN:136,(anonymous_12)
FN:137,(anonymous_13)
FN:138,(anonymous_14)
FN:153,(anonymous_15)
FN:182,(anonymous_16)
FN:192,(anonymous_17)
FN:194,(anonymous_18)
FN:201,(anonymous_19)
FN:275,(anonymous_20)
FN:286,(anonymous_21)
FN:292,(anonymous_22)
FN:303,(anonymous_23)
FN:309,(anonymous_24)
FNF:25
FNH:24
FNDA:2,Logging
FNDA:55,(anonymous_1)
FNDA:334,(anonymous_2)
FNDA:309,(anonymous_3)
FNDA:16,(anonymous_4)
FNDA:24,(anonymous_5)
FNDA:367,(anonymous_6)
FNDA:246,(anonymous_7)
FNDA:12,(anonymous_8)
FNDA:5,(anonymous_9)
FNDA:15,(anonymous_10)
FNDA:116,(anonymous_11)
FNDA:165,(anonymous_12)
FNDA:165,(anonymous_13)
FNDA:165,(anonymous_14)
FNDA:167,(anonymous_15)
FNDA:165,(anonymous_16)
FNDA:165,(anonymous_17)
FNDA:660,(anonymous_18)
FNDA:165,(anonymous_19)
FNDA:106,(anonymous_20)
FNDA:156,(anonymous_21)
FNDA:0,(anonymous_22)
FNDA:155,(anonymous_23)
FNDA:2,(anonymous_24)
DA:21,1
DA:47,55
DA:50,55
DA:52,2
DA:53,2
DA:54,2
DA:55,2
DA:58,334
DA:61,309
DA:65,16
DA:66,15
DA:68,24
DA:72,367
DA:74,246
DA:75,367
DA:76,367
DA:80,12
DA:81,11
DA:86,11
DA:87,11
DA:90,5
DA:91,4
DA:94,4
DA:95,4
DA:100,15
DA:101,15
DA:105,116
DA:110,116
DA:111,44
DA:112,43
DA:113,43
DA:114,43
DA:117,115
DA:118,115
DA:119,115
DA:126,115
DA:127,115
DA:129,115
DA:130,8
DA:131,8
DA:133,115
DA:137,165
DA:138,165
DA:140,165
DA:144,55
DA:146,55
DA:147,55
DA:149,55
DA:150,55
DA:158,167
DA:183,165
DA:184,97
DA:186,68
DA:193,165
DA:194,660
DA:202,165
DA:275,106
DA:286,156
DA:292,0
DA:303,155
DA:309,2
DA:317,2
LF:62
LH:61
BRDA:65,0,0,1
BRDA:65,0,1,15
BRDA:68,1,0,12
BRDA:68,1,1,12
BRDA:75,2,0,21
BRDA:75,2,1,346
BRDA:80,3,0,1
BRDA:80,3,1,11
BRDA:90,4,0,1
BRDA:90,4,1,4
BRDA:110,5,0,44
BRDA:110,5,1,72
BRDA:111,6,0,1
BRDA:111,6,1,43
BRDA:113,7,0,1
BRDA:113,7,1,42
BRDA:118,8,0,115
BRDA:118,8,1,0
BRDA:129,9,0,8
BRDA:129,9,1,107
BRDA:183,10,0,97
BRDA:183,10,1,68
BRDA:272,11,0,165
BRDA:272,11,1,72
BRDA:275,12,0,106
BRDA:275,12,1,68
BRDA:283,13,0,165
BRDA:283,13,1,160
BRDA:300,14,0,165
BRDA:300,14,1,159
BRF:30
BRH:29
end_of_record
TN:
SF:src/Plugging.ts
FN:38,(anonymous_0)
FN:40,storeDefaultPlugins
FN:44,(anonymous_2)
FN:45,(anonymous_3)
FN:58,Plugging
FN:152,(anonymous_5)
FN:156,(anonymous_6)
FN:62,(anonymous_7)
FN:64,(anonymous_8)
FN:65,(anonymous_9)
FN:67,(anonymous_10)
FN:69,(anonymous_11)
FN:70,(anonymous_12)
FN:80,(anonymous_13)
FN:81,(anonymous_14)
FN:88,(anonymous_15)
FN:89,(anonymous_16)
FN:96,(anonymous_17)
FN:102,(anonymous_18)
FN:106,(anonymous_19)
FN:110,(anonymous_20)
FN:120,(anonymous_21)
FN:159,(anonymous_22)
FN:206,(anonymous_23)
FN:212,(anonymous_24)
FN:220,(anonymous_25)
FN:227,(anonymous_26)
FN:249,(anonymous_27)
FN:262,(anonymous_28)
FN:269,(anonymous_29)
FNF:30
FNH:29
FNDA:1,(anonymous_0)
FNDA:8,storeDefaultPlugins
FNDA:8,(anonymous_2)
FNDA:56,(anonymous_3)
FNDA:2,Plugging
FNDA:27,(anonymous_5)
FNDA:7,(anonymous_6)
FNDA:89,(anonymous_7)
FNDA:624,(anonymous_8)
FNDA:267,(anonymous_9)
FNDA:137,(anonymous_10)
FNDA:959,(anonymous_11)
FNDA:548,(anonymous_12)
FNDA:33,(anonymous_13)
FNDA:233,(anonymous_14)
FNDA:2,(anonymous_15)
FNDA:14,(anonymous_16)
FNDA:360,(anonymous_17)
FNDA:815,(anonymous_18)
FNDA:300,(anonymous_19)
FNDA:0,(anonymous_20)
FNDA:5,(anonymous_21)
FNDA:97,(anonymous_22)
FNDA:5,(anonymous_23)
FNDA:97,(anonymous_24)
FNDA:33,(anonymous_25)
FNDA:641,(anonymous_26)
FNDA:1,(anonymous_27)
FNDA:1,(anonymous_28)
FNDA:97,(anonymous_29)
DA:5,1
DA:31,1
DA:38,1
DA:41,8
DA:45,8
DA:46,56
DA:56,1
DA:63,89
DA:64,624
DA:65,267
DA:68,137
DA:69,959
DA:70,548
DA:74,2
DA:76,2
DA:78,2
DA:81,33
DA:82,233
DA:84,33
DA:85,33
DA:89,14
DA:91,2
DA:92,2
DA:93,2
DA:97,360
DA:103,815
DA:107,300
DA:108,300
DA:110,0
DA:112,0
DA:122,5
DA:125,5
DA:128,5
DA:131,5
DA:138,3
DA:140,2
DA:147,2
DA:148,2
DA:149,2
DA:153,27
DA:155,27
DA:156,7
DA:160,97
DA:206,5
DA:213,97
DA:221,33
DA:228,641
DA:250,1
DA:251,1
DA:262,1
DA:270,97
DA:277,2
LF:52
LH:50
BRDA:46,0,0,56
BRDA:46,0,1,0
BRDA:155,1,0,7
BRDA:155,1,1,20
BRDA:64,2,0,624
BRDA:64,2,1,623
BRDA:69,3,0,959
BRDA:69,3,1,959
BRDA:89,4,0,0
BRDA:89,4,1,2
BRDA:98,5,0,360
BRDA:98,5,1,6
BRDA:107,6,0,300
BRDA:107,6,1,0
BRDA:131,7,0,3
BRDA:131,7,1,2
BRDA:133,8,0,5
BRDA:133,8,1,3
BRDA:133,8,2,2
BRDA:236,9,0,641
BRDA:236,9,1,95
BRF:21
BRH:18
end_of_record
TN:
SF:src/Setting.ts
FN:21,Setting
FN:68,(anonymous_1)
FN:71,(anonymous_2)
FN:25,(anonymous_3)
FN:39,(anonymous_4)
FN:45,(anonymous_5)
FN:50,(anonymous_6)
FN:52,(anonymous_7)
FN:63,(anonymous_8)
FN:75,(anonymous_9)
FN:90,(anonymous_10)
FNF:11
FNH:11
FNDA:2,Setting
FNDA:25,(anonymous_1)
FNDA:142,(anonymous_2)
FNDA:331,(anonymous_3)
FNDA:662,(anonymous_4)
FNDA:4,(anonymous_5)
FNDA:2,(anonymous_6)
FNDA:2,(anonymous_7)
FNDA:76,(anonymous_8)
FNDA:76,(anonymous_9)
FNDA:152,(anonymous_10)
DA:15,1
DA:25,2
DA:26,331
DA:33,2
DA:35,2
DA:37,2
DA:40,662
DA:46,4
DA:47,4
DA:51,2
DA:52,1
DA:53,2
DA:55,1
DA:56,1
DA:57,1
DA:58,1
DA:59,1
DA:64,76
DA:65,76
DA:69,25
DA:71,142
DA:72,25
DA:76,76
DA:91,152
DA:128,2
LF:25
LH:25
BRDA:41,0,0,662
BRDA:41,0,1,644
BRDA:51,1,0,1
BRDA:51,1,1,1
BRDA:56,2,0,1
BRDA:56,2,1,0
BRDA:58,3,0,1
BRDA:58,3,1,0
BRDA:65,4,0,2
BRDA:65,4,1,74
BRF:10
BRH:8
end_of_record
TN:
SF:src/Validating.ts
FN:19,Validating
FN:20,(anonymous_1)
FN:28,(anonymous_2)
FN:46,(anonymous_3)
FN:68,(anonymous_4)
FN:77,validate
FN:81,(anonymous_6)
FN:84,(anonymous_7)
FN:93,(anonymous_8)
FN:94,(anonymous_9)
FNF:10
FNH:10
FNDA:2,Validating
FNDA:23,(anonymous_1)
FNDA:15,(anonymous_2)
FNDA:15,(anonymous_3)
FNDA:15,(anonymous_4)
FNDA:15,validate
FNDA:15,(anonymous_6)
FNDA:19,(anonymous_7)
FNDA:15,(anonymous_8)
FNDA:34,(anonymous_9)
DA:15,1
DA:22,23
DA:37,15
DA:38,15
DA:43,15
DA:47,15
DA:49,15
DA:50,2
DA:56,2
DA:59,13
DA:65,13
DA:72,15
DA:73,15
DA:75,15
DA:81,15
DA:82,15
DA:85,19
DA:86,15
DA:89,15
DA:93,15
DA:94,15
DA:95,34
DA:96,15
DA:97,0
DA:98,19
DA:99,4
DA:100,4
DA:101,4
DA:102,4
DA:117,15
DA:118,0
DA:127,15
DA:132,2
LF:33
LH:31
BRDA:35,0,0,0
BRDA:31,1,0,15
BRDA:32,2,0,15
BRDA:33,3,0,15
BRDA:34,4,0,0
BRDA:37,5,0,15
BRDA:37,5,1,0
BRDA:39,6,0,15
BRDA:39,6,1,0
BRDA:40,7,0,15
BRDA:40,7,1,0
BRDA:41,8,0,15
BRDA:41,8,1,3
BRDA:49,9,0,2
BRDA:49,9,1,13
BRDA:72,10,0,0
BRDA:72,10,1,15
BRDA:73,11,0,0
BRDA:73,11,1,15
BRDA:85,12,0,15
BRDA:85,12,1,4
BRDA:85,13,0,19
BRDA:85,13,1,15
BRDA:95,14,0,15
BRDA:95,14,1,19
BRDA:96,15,0,15
BRDA:96,15,1,0
BRDA:98,16,0,4
BRDA:98,16,1,15
BRDA:100,17,0,4
BRDA:100,17,1,0
BRDA:101,18,0,4
BRDA:101,18,1,0
BRDA:105,19,0,4
BRDA:105,19,1,0
BRDA:117,20,0,0
BRDA:117,20,1,15
BRF:37
BRH:25
end_of_record
TN:
SF:src/Waiting.ts
FN:15,Waiting
FN:34,(anonymous_1)
FN:25,(anonymous_2)
FN:29,(anonymous_3)
FN:41,(anonymous_4)
FNF:5
FNH:5
FNDA:2,Waiting
FNDA:24,(anonymous_1)
FNDA:39,(anonymous_2)
FNDA:6,(anonymous_3)
FNDA:78,(anonymous_4)
DA:19,24
DA:21,24
DA:23,24
DA:26,39
DA:27,39
DA:28,39
DA:29,39
DA:30,39
DA:31,39
DA:35,24
DA:37,24
DA:38,24
DA:42,78
DA:50,2
LF:14
LH:14
BRF:0
BRH:0
end_of_record
TN:
SF:src/Wizarding.ts
FN:17,Wizarding
FN:39,(anonymous_1)
FN:43,(anonymous_2)
FN:25,(anonymous_3)
FN:30,(anonymous_4)
FN:31,(anonymous_5)
FN:32,(anonymous_6)
FN:48,(anonymous_7)
FNF:8
FNH:8
FNDA:6,Wizarding
FNDA:357,(anonymous_1)
FNDA:105,(anonymous_2)
FNDA:707,(anonymous_3)
FNDA:707,(anonymous_4)
FNDA:707,(anonymous_5)
FNDA:355,(anonymous_6)
FNDA:1142,(anonymous_7)
DA:21,357
DA:23,6
DA:26,707
DA:27,309
DA:28,292
DA:29,707
DA:30,707
DA:31,707
DA:32,707
DA:33,355
DA:40,357
DA:42,357
DA:43,357
DA:44,105
DA:49,1142
DA:54,6
LF:16
LH:16
BRDA:26,0,0,398
BRDA:26,0,1,309
BRDA:27,1,0,17
BRDA:27,1,1,292
BRDA:50,2,0,1142
BRDA:50,2,1,775
BRF:6
BRH:6
end_of_record
TN:
SF:src/filtered-list.ts
FN:19,(anonymous_0)
FN:20,(anonymous_1)
FN:25,(anonymous_2)
FN:30,(anonymous_3)
FN:36,(anonymous_4)
FN:42,(anonymous_5)
FNF:6
FNH:5
FNDA:3,(anonymous_0)
FNDA:12,(anonymous_1)
FNDA:24,(anonymous_2)
FNDA:16,(anonymous_3)
FNDA:93,(anonymous_4)
FNDA:0,(anonymous_5)
DA:13,1
DA:15,1
DA:17,1
DA:20,3
DA:21,12
DA:25,24
DA:28,12
DA:30,16
DA:37,93
DA:42,0
DA:48,1
LF:11
LH:10
BRDA:31,0,0,9
BRDA:31,0,1,3
BRDA:39,1,0,93
BRDA:39,1,1,51
BRF:4
BRH:4
end_of_record
TN:
SF:src/foundation.ts
FN:43,isCreate
FN:51,isDelete
FN:59,isMove
FN:69,isUpdate
FN:77,isSimple
FN:82,invert
FN:89,(anonymous_6)
FN:123,newActionEvent
FN:146,isWizard
FN:153,getValue
FN:159,getMultiplier
FN:187,newWizardEvent
FN:221,newLogEvent
FN:248,newPendingStateEvent
FN:262,referencePath
FN:272,pathParts
FN:281,hitemIdentity
FN:285,hitemSelector
FN:293,terminalIdentity
FN:297,terminalSelector
FN:300,(anonymous_20)
FN:309,(anonymous_21)
FN:313,lNodeIdentity
FN:321,(anonymous_23)
FN:329,lNodeSelector
FN:340,(anonymous_25)
FN:377,(anonymous_26)
FN:381,kDCIdentity
FN:387,kDCSelector
FN:396,associationIdentity
FN:400,associationSelector
FN:411,lDeviceIdentity
FN:415,lDeviceSelector
FN:423,iEDNameIdentity
FN:431,(anonymous_34)
FN:437,iEDNameSelector
FN:452,(anonymous_36)
FN:473,(anonymous_37)
FN:477,fCDAIdentity
FN:487,(anonymous_39)
FN:496,fCDASelector
FN:524,(anonymous_41)
FN:550,(anonymous_42)
FN:554,extRefIdentity
FN:589,(anonymous_44)
FN:604,extRefSelector
FN:607,(anonymous_46)
FN:616,(anonymous_47)
FN:754,(anonymous_48)
FN:758,lNIdentity
FN:759,(anonymous_50)
FN:765,lNSelector
FN:768,(anonymous_52)
FN:790,(anonymous_53)
FN:794,clientLNIdentity
FN:802,(anonymous_55)
FN:808,clientLNSelector
FN:811,(anonymous_57)
FN:846,(anonymous_58)
FN:850,ixNamingIdentity
FN:851,(anonymous_60)
FN:855,ixNamingSelector
FN:872,(anonymous_62)
FN:877,(anonymous_63)
FN:893,(anonymous_64)
FN:897,valIdentity
FN:901,(anonymous_66)
FN:902,(anonymous_67)
FN:906,valSelector
FN:912,(anonymous_69)
FN:928,(anonymous_70)
FN:932,connectedAPIdentity
FN:933,(anonymous_72)
FN:939,connectedAPSelector
FN:945,controlBlockIdentity
FN:946,(anonymous_75)
FN:952,controlBlockSelector
FN:960,physConnIdentity
FN:973,physConnSelector
FN:977,(anonymous_79)
FN:984,(anonymous_80)
FN:988,pIdentity
FN:995,(anonymous_82)
FN:996,(anonymous_83)
FN:1000,pSelector
FN:1012,(anonymous_85)
FN:1026,(anonymous_86)
FN:1030,enumValIdentity
FN:1034,enumValSelector
FN:1039,protNsIdentity
FN:1045,protNsSelector
FN:1051,(anonymous_91)
FN:1064,(anonymous_92)
FN:1068,sCLIdentity
FN:1072,sCLSelector
FN:1076,namingIdentity
FN:1082,namingSelector
FN:1093,(anonymous_97)
FN:1098,(anonymous_98)
FN:1103,(anonymous_99)
FN:1107,singletonIdentity
FN:1111,singletonSelector
FN:1116,(anonymous_102)
FN:1117,(anonymous_103)
FN:1122,(anonymous_104)
FN:1126,idNamingIdentity
FN:1130,idNamingSelector
FN:1304,isSCLTag
FN:1879,(anonymous_108)
FN:1880,(anonymous_109)
FN:2160,(anonymous_110)
FN:2218,getReference
FN:2229,(anonymous_112)
FN:2232,(anonymous_113)
FN:2238,(anonymous_114)
FN:2245,selector
FN:2255,identity
FN:2266,isSame
FN:2272,isEqual
FN:2291,(anonymous_119)
FN:2297,(anonymous_120)
FN:2303,createElement
FN:2310,(anonymous_122)
FN:2311,(anonymous_123)
FN:2316,(anonymous_124)
FN:2316,(anonymous_125)
FN:2354,compareNames
FN:2370,unreachable
FN:2375,crossProduct
FN:2377,(anonymous_129)
FN:2377,(anonymous_130)
FN:2377,(anonymous_131)
FN:2382,findFCDAs
FN:2393,(anonymous_133)
FN:2395,(anonymous_134)
FN:2401,(anonymous_135)
FN:2403,(anonymous_136)
FN:2420,findControlBlocks
FN:2426,(anonymous_138)
FN:2431,(anonymous_139)
FN:2432,(anonymous_140)
FNF:141
FNH:132
FNDA:451,isCreate
FNDA:139,isDelete
FNDA:430,isMove
FNDA:93,isUpdate
FNDA:141,isSimple
FNDA:25,invert
FNDA:4,(anonymous_6)
FNDA:124,newActionEvent
FNDA:94,isWizard
FNDA:370,getValue
FNDA:48,getMultiplier
FNDA:722,newWizardEvent
FNDA:219,newLogEvent
FNDA:40,newPendingStateEvent
FNDA:17,referencePath
FNDA:975,pathParts
FNDA:2,hitemIdentity
FNDA:2,hitemSelector
FNDA:2,terminalIdentity
FNDA:3,terminalSelector
FNDA:9,(anonymous_20)
FNDA:50,(anonymous_21)
FNDA:5,lNodeIdentity
FNDA:30,(anonymous_23)
FNDA:2,lNodeSelector
FNDA:0,(anonymous_25)
FNDA:2,(anonymous_26)
FNDA:2,kDCIdentity
FNDA:2,kDCSelector
FNDA:0,associationIdentity
FNDA:1,associationSelector
FNDA:1287,lDeviceIdentity
FNDA:74,lDeviceSelector
FNDA:1,iEDNameIdentity
FNDA:5,(anonymous_34)
FNDA:1,iEDNameSelector
FNDA:2,(anonymous_36)
FNDA:16,(anonymous_37)
FNDA:2,fCDAIdentity
FNDA:16,(anonymous_39)
FNDA:2,fCDASelector
FNDA:2,(anonymous_41)
FNDA:20,(anonymous_42)
FNDA:3,extRefIdentity
FNDA:24,(anonymous_44)
FNDA:2,extRefSelector
FNDA:2,(anonymous_46)
FNDA:0,(anonymous_47)
FNDA:2064,(anonymous_48)
FNDA:546,lNIdentity
FNDA:1638,(anonymous_50)
FNDA:37,lNSelector
FNDA:74,(anonymous_52)
FNDA:82,(anonymous_53)
FNDA:2,clientLNIdentity
FNDA:12,(anonymous_55)
FNDA:2,clientLNSelector
FNDA:2,(anonymous_57)
FNDA:38,(anonymous_58)
FNDA:6,ixNamingIdentity
FNDA:12,(anonymous_60)
FNDA:18,ixNamingSelector
FNDA:24,(anonymous_62)
FNDA:32,(anonymous_63)
FNDA:34,(anonymous_64)
FNDA:2,valIdentity
FNDA:2,(anonymous_66)
FNDA:2,(anonymous_67)
FNDA:2,valSelector
FNDA:6,(anonymous_69)
FNDA:15,(anonymous_70)
FNDA:9,connectedAPIdentity
FNDA:18,(anonymous_72)
FNDA:10,connectedAPSelector
FNDA:4,controlBlockIdentity
FNDA:8,(anonymous_75)
FNDA:14,controlBlockSelector
FNDA:2,physConnIdentity
FNDA:4,physConnSelector
FNDA:4,(anonymous_79)
FNDA:4,(anonymous_80)
FNDA:2,pIdentity
FNDA:16,(anonymous_82)
FNDA:2,(anonymous_83)
FNDA:2,pSelector
FNDA:4,(anonymous_85)
FNDA:6,(anonymous_86)
FNDA:2,enumValIdentity
FNDA:2,enumValSelector
FNDA:1,protNsIdentity
FNDA:1,protNsSelector
FNDA:2,(anonymous_91)
FNDA:2,(anonymous_92)
FNDA:33,sCLIdentity
FNDA:127,sCLSelector
FNDA:2472,namingIdentity
FNDA:614,namingSelector
FNDA:500,(anonymous_97)
FNDA:606,(anonymous_98)
FNDA:347,(anonymous_99)
FNDA:907,singletonIdentity
FNDA:207,singletonSelector
FNDA:406,(anonymous_102)
FNDA:2531,(anonymous_103)
FNDA:105,(anonymous_104)
FNDA:20,idNamingIdentity
FNDA:16,idNamingSelector
FNDA:6173,isSCLTag
FNDA:0,(anonymous_108)
FNDA:0,(anonymous_109)
FNDA:124,(anonymous_110)
FNDA:56,getReference
FNDA:0,(anonymous_112)
FNDA:212,(anonymous_113)
FNDA:178,(anonymous_114)
FNDA:806,selector
FNDA:5318,identity
FNDA:18,isSame
FNDA:0,isEqual
FNDA:0,(anonymous_119)
FNDA:0,(anonymous_120)
FNDA:257,createElement
FNDA:826,(anonymous_122)
FNDA:768,(anonymous_123)
FNDA:1562,(anonymous_124)
FNDA:1562,(anonymous_125)
FNDA:29,compareNames
FNDA:1,unreachable
FNDA:1130,crossProduct
FNDA:5349,(anonymous_129)
FNDA:12046,(anonymous_130)
FNDA:16914,(anonymous_131)
FNDA:728,findFCDAs
FNDA:5068,(anonymous_133)
FNDA:1804,(anonymous_134)
FNDA:9092,(anonymous_135)
FNDA:9092,(anonymous_136)
FNDA:724,findControlBlocks
FNDA:722,(anonymous_138)
FNDA:1268,(anonymous_139)
FNDA:868,(anonymous_140)
DA:44,451
DA:52,139
DA:60,430
DA:70,93
DA:78,141
DA:83,25
DA:84,1
DA:89,1
DA:90,4
DA:92,1
DA:95,24
DA:99,24
DA:100,20
DA:101,7
DA:102,3
DA:111,4
DA:112,3
DA:113,1
DA:127,124
DA:135,1
DA:149,94
DA:154,370
DA:155,2
DA:160,48
DA:161,0
DA:191,722
DA:225,219
DA:252,40
DA:263,17
DA:264,17
DA:265,17
DA:266,68
DA:267,68
DA:269,17
DA:273,975
DA:274,975
DA:275,975
DA:276,975
DA:279,1
DA:282,2
DA:286,2
DA:288,2
DA:290,1
DA:294,2
DA:298,3
DA:300,3
DA:301,9
DA:304,3
DA:309,50
DA:314,5
DA:321,30
DA:322,5
DA:323,0
DA:324,5
DA:330,2
DA:331,0
DA:332,0
DA:336,0
DA:338,0
DA:341,0
DA:349,2
DA:351,2
DA:359,1
DA:369,1
DA:377,2
DA:382,2
DA:388,2
DA:389,2
DA:390,2
DA:397,0
DA:401,1
DA:403,1
DA:405,0
DA:412,1287
DA:416,74
DA:418,74
DA:420,47
DA:424,1
DA:425,1
DA:431,5
DA:432,1
DA:438,1
DA:440,1
DA:451,1
DA:453,2
DA:463,1
DA:473,16
DA:478,2
DA:487,16
DA:488,2
DA:491,2
DA:497,2
DA:499,2
DA:501,2
DA:504,2
DA:505,2
DA:507,2
DA:508,2
DA:510,2
DA:511,2
DA:523,2
DA:525,2
DA:537,2
DA:550,20
DA:555,3
DA:556,3
DA:557,3
DA:558,3
DA:559,3
DA:562,3
DA:576,2
DA:589,24
DA:591,2
DA:596,2
DA:599,2
DA:605,2
DA:607,2
DA:608,2
DA:611,2
DA:612,0
DA:613,0
DA:615,0
DA:616,0
DA:635,2
DA:636,1
DA:645,1
DA:646,0
DA:661,1
DA:662,0
DA:673,1
DA:706,2
DA:735,2
DA:754,2064
DA:759,546
DA:760,1638
DA:762,546
DA:766,37
DA:768,37
DA:769,74
DA:772,37
DA:774,37
DA:776,26
DA:782,26
DA:790,82
DA:795,2
DA:802,12
DA:803,2
DA:809,2
DA:811,2
DA:812,2
DA:815,2
DA:826,2
DA:835,2
DA:846,38
DA:851,12
DA:852,6
DA:860,18
DA:862,18
DA:865,18
DA:867,18
DA:869,12
DA:871,12
DA:873,24
DA:877,32
DA:879,12
DA:881,6
DA:886,6
DA:893,34
DA:898,2
DA:899,2
DA:900,2
DA:901,2
DA:902,2
DA:903,2
DA:907,2
DA:909,2
DA:910,2
DA:912,2
DA:913,6
DA:916,2
DA:921,2
DA:928,15
DA:933,9
DA:934,18
DA:936,9
DA:940,10
DA:941,10
DA:942,4
DA:946,4
DA:947,8
DA:949,4
DA:953,14
DA:955,14
DA:957,6
DA:961,2
DA:962,2
DA:963,2
DA:964,2
DA:969,0
DA:970,2
DA:974,4
DA:976,4
DA:978,4
DA:983,4
DA:984,4
DA:989,2
DA:990,2
DA:991,2
DA:992,2
DA:993,0
DA:994,2
DA:995,16
DA:996,2
DA:997,2
DA:1001,2
DA:1003,2
DA:1005,2
DA:1011,2
DA:1013,4
DA:1019,2
DA:1026,6
DA:1031,2
DA:1035,2
DA:1036,2
DA:1040,1
DA:1046,1
DA:1048,1
DA:1050,1
DA:1052,2
DA:1056,1
DA:1064,2
DA:1069,33
DA:1073,127
DA:1077,2472
DA:1083,614
DA:1085,614
DA:1086,614
DA:1087,292
DA:1089,292
DA:1090,292
DA:1092,292
DA:1094,500
DA:1098,606
DA:1100,292
DA:1102,196
DA:1103,347
DA:1108,907
DA:1112,207
DA:1113,207
DA:1115,207
DA:1116,406
DA:1117,2531
DA:1119,207
DA:1121,87
DA:1122,105
DA:1127,20
DA:1131,16
DA:1133,16
DA:1135,10
DA:1141,1
DA:1146,1
DA:1151,1
DA:1152,1
DA:1153,1
DA:1155,1
DA:1165,1
DA:1166,1
DA:1167,1
DA:1169,1
DA:1170,1
DA:1171,1
DA:1172,1
DA:1173,1
DA:1174,1
DA:1199,1
DA:1201,1
DA:1208,1
DA:1209,1
DA:1211,1
DA:1213,1
DA:1232,1
DA:1234,1
DA:1242,1
DA:1244,1
DA:1251,1
DA:1253,1
DA:1302,1
DA:1305,6173
DA:1308,1
DA:1309,1
DA:1310,1
DA:1311,1
DA:1313,1
DA:1314,1
DA:1315,1
DA:1316,1
DA:1317,1
DA:1322,1
DA:1326,1
DA:1327,1
DA:1328,1
DA:1329,1
DA:1338,1
DA:1343,1
DA:1344,1
DA:1358,1
DA:1879,0
DA:1880,0
DA:2160,124
DA:2219,56
DA:2221,56
DA:2222,56
DA:2224,56
DA:2229,0
DA:2231,56
DA:2232,212
DA:2234,56
DA:2237,56
DA:2238,178
DA:2239,65
DA:2242,56
DA:2246,806
DA:2248,805
DA:2250,0
DA:2256,5318
DA:2257,5315
DA:2258,5312
DA:2260,5312
DA:2262,0
DA:2267,18
DA:2268,1
DA:2269,17
DA:2273,0
DA:2275,0
DA:2278,0
DA:2279,0
DA:2281,0
DA:2282,0
DA:2287,0
DA:2288,0
DA:2290,0
DA:2291,0
DA:2292,0
DA:2293,0
DA:2296,0
DA:2297,0
DA:2299,0
DA:2308,257
DA:2309,257
DA:2310,826
DA:2311,768
DA:2312,257
DA:2316,1562
DA:2317,1562
DA:2318,1254
DA:2330,1
DA:2334,1
DA:2335,1
DA:2336,1
DA:2338,1
DA:2355,29
DA:2357,28
DA:2358,0
DA:2360,28
DA:2361,0
DA:2363,28
DA:2364,28
DA:2366,0
DA:2371,1
DA:2376,1130
DA:2377,16914
DA:2383,728
DA:2385,724
DA:2393,5068
DA:2394,724
DA:2396,1804
DA:2398,724
DA:2400,724
DA:2401,9092
DA:2404,9092
DA:2413,1
DA:2421,724
DA:2423,724
DA:2425,724
DA:2427,722
DA:2428,722
DA:2429,722
DA:2430,722
DA:2431,1268
DA:2432,868
DA:2435,724
LF:391
LH:351
BRDA:45,0,0,451
BRDA:45,0,1,321
BRDA:45,0,2,319
BRDA:45,0,3,319
BRDA:53,1,0,139
BRDA:53,1,1,64
BRDA:53,1,2,64
BRDA:53,1,3,64
BRDA:61,2,0,430
BRDA:61,2,1,56
BRDA:61,2,2,56
BRDA:61,2,3,56
BRDA:61,2,4,15
BRDA:61,2,5,15
BRDA:71,3,0,93
BRDA:71,3,1,91
BRDA:71,3,2,88
BRDA:71,3,3,88
BRDA:83,4,0,1
BRDA:83,4,1,24
BRDA:99,5,0,4
BRDA:99,5,1,20
BRDA:100,6,0,13
BRDA:100,6,1,7
BRDA:101,7,0,3
BRDA:101,7,1,4
BRDA:111,8,0,3
BRDA:111,8,1,1
BRDA:154,9,0,368
BRDA:154,9,1,2
BRDA:160,10,0,48
BRDA:160,10,1,0
BRDA:188,11,0,416
BRDA:274,12,0,975
BRDA:274,12,1,0
BRDA:288,13,0,1
BRDA:288,13,1,1
BRDA:288,14,0,2
BRDA:288,14,1,1
BRDA:322,15,0,0
BRDA:322,15,1,5
BRDA:324,16,0,5
BRDA:324,16,1,1
BRDA:324,17,0,5
BRDA:324,17,1,2
BRDA:325,18,0,5
BRDA:325,18,1,0
BRDA:330,19,0,0
BRDA:330,19,1,2
BRDA:336,20,0,0
BRDA:336,20,1,0
BRDA:336,21,0,0
BRDA:336,21,1,0
BRDA:351,22,0,1
BRDA:351,22,1,1
BRDA:351,23,0,2
BRDA:351,23,1,1
BRDA:351,23,2,1
BRDA:362,24,0,0
BRDA:362,24,1,1
BRDA:364,25,0,0
BRDA:364,25,1,1
BRDA:366,26,0,1
BRDA:366,26,1,0
BRDA:403,27,0,1
BRDA:403,27,1,0
BRDA:418,28,0,27
BRDA:418,28,1,47
BRDA:432,29,0,1
BRDA:432,29,1,0
BRDA:433,30,0,1
BRDA:433,30,1,0
BRDA:434,31,0,1
BRDA:434,31,1,1
BRDA:434,32,0,1
BRDA:434,32,1,0
BRDA:434,33,0,1
BRDA:434,33,1,0
BRDA:456,34,0,0
BRDA:456,34,1,1
BRDA:457,35,0,0
BRDA:457,35,1,1
BRDA:458,36,0,0
BRDA:458,36,1,1
BRDA:460,37,0,0
BRDA:460,37,1,1
BRDA:488,38,0,2
BRDA:488,38,1,0
BRDA:489,39,0,2
BRDA:489,39,1,0
BRDA:490,40,0,2
BRDA:490,40,1,0
BRDA:492,41,0,0
BRDA:492,41,1,2
BRDA:504,42,0,1
BRDA:504,42,1,1
BRDA:504,43,0,2
BRDA:504,43,1,1
BRDA:505,44,0,1
BRDA:505,44,1,1
BRDA:505,45,0,2
BRDA:505,45,1,1
BRDA:510,46,0,1
BRDA:510,46,1,1
BRDA:510,47,0,2
BRDA:510,47,1,1
BRDA:511,48,0,0
BRDA:511,48,1,2
BRDA:511,49,0,2
BRDA:511,49,1,0
BRDA:528,50,0,0
BRDA:528,50,1,2
BRDA:530,51,0,1
BRDA:530,51,1,1
BRDA:532,52,0,1
BRDA:532,52,1,1
BRDA:534,53,0,0
BRDA:534,53,1,2
BRDA:555,54,0,0
BRDA:555,54,1,3
BRDA:562,55,0,1
BRDA:562,55,1,2
BRDA:592,56,0,2
BRDA:592,56,1,0
BRDA:592,57,0,2
BRDA:592,57,1,0
BRDA:593,58,0,2
BRDA:593,58,1,2
BRDA:594,59,0,2
BRDA:594,59,1,2
BRDA:596,60,0,2
BRDA:596,60,1,2
BRDA:597,61,0,2
BRDA:597,61,1,0
BRDA:598,62,0,2
BRDA:598,62,1,0
BRDA:600,63,0,2
BRDA:600,63,1,0
BRDA:611,64,0,0
BRDA:611,64,1,2
BRDA:635,65,0,1
BRDA:635,65,1,1
BRDA:635,66,0,2
BRDA:635,66,1,1
BRDA:645,67,0,0
BRDA:645,67,1,1
BRDA:645,68,0,1
BRDA:645,68,1,1
BRDA:661,69,0,0
BRDA:661,69,1,1
BRDA:661,70,0,1
BRDA:661,70,1,0
BRDA:707,71,0,1
BRDA:707,71,1,1
BRDA:708,72,0,1
BRDA:708,72,1,1
BRDA:709,73,0,0
BRDA:709,73,1,2
BRDA:710,74,0,1
BRDA:710,74,1,1
BRDA:711,75,0,1
BRDA:711,75,1,1
BRDA:712,76,0,1
BRDA:712,76,1,1
BRDA:713,77,0,1
BRDA:713,77,1,1
BRDA:715,78,0,1
BRDA:715,78,1,1
BRDA:718,79,0,1
BRDA:718,79,1,1
BRDA:721,80,0,1
BRDA:721,80,1,1
BRDA:724,81,0,0
BRDA:724,81,1,2
BRDA:727,82,0,1
BRDA:727,82,1,1
BRDA:730,83,0,0
BRDA:730,83,1,2
BRDA:732,84,0,1
BRDA:732,84,1,1
BRDA:762,85,0,546
BRDA:762,85,1,376
BRDA:774,86,0,11
BRDA:774,86,1,26
BRDA:777,87,0,11
BRDA:777,87,1,15
BRDA:804,88,0,2
BRDA:804,88,1,0
BRDA:805,89,0,2
BRDA:805,89,1,2
BRDA:827,90,0,1
BRDA:827,90,1,1
BRDA:828,91,0,1
BRDA:828,91,1,1
BRDA:829,92,0,1
BRDA:829,92,1,1
BRDA:830,93,0,0
BRDA:830,93,1,2
BRDA:832,94,0,1
BRDA:832,94,1,1
BRDA:852,95,0,0
BRDA:852,95,1,6
BRDA:858,96,0,6
BRDA:860,97,0,6
BRDA:860,97,1,12
BRDA:865,98,0,18
BRDA:865,98,1,0
BRDA:867,99,0,6
BRDA:867,99,1,12
BRDA:869,100,0,0
BRDA:869,100,1,12
BRDA:874,101,0,12
BRDA:874,101,1,12
BRDA:879,102,0,6
BRDA:879,102,1,6
BRDA:883,103,0,0
BRDA:883,103,1,6
BRDA:898,104,0,0
BRDA:898,104,1,2
BRDA:903,105,0,0
BRDA:903,105,1,2
BRDA:917,106,0,0
BRDA:917,106,1,2
BRDA:918,107,0,0
BRDA:918,107,1,2
BRDA:941,108,0,6
BRDA:941,108,1,4
BRDA:941,109,0,10
BRDA:941,109,1,4
BRDA:955,110,0,8
BRDA:955,110,1,6
BRDA:955,111,0,14
BRDA:955,111,1,6
BRDA:961,112,0,0
BRDA:961,112,1,2
BRDA:962,113,0,0
BRDA:962,113,1,2
BRDA:964,114,0,0
BRDA:964,114,1,2
BRDA:965,115,0,2
BRDA:965,115,1,2
BRDA:965,115,2,2
BRDA:980,116,0,2
BRDA:980,116,1,2
BRDA:989,117,0,0
BRDA:989,117,1,2
BRDA:992,118,0,0
BRDA:992,118,1,2
BRDA:1008,119,0,1
BRDA:1008,119,1,1
BRDA:1005,120,0,2
BRDA:1005,120,1,1
BRDA:1005,120,2,1
BRDA:1016,121,0,0
BRDA:1016,121,1,2
BRDA:1040,122,0,1
BRDA:1040,122,1,1
BRDA:1078,123,0,1477
BRDA:1078,123,1,995
BRDA:1082,124,0,286
BRDA:1083,125,0,286
BRDA:1083,125,1,328
BRDA:1086,126,0,322
BRDA:1086,126,1,292
BRDA:1087,127,0,0
BRDA:1087,127,1,292
BRDA:1090,128,0,0
BRDA:1090,128,1,292
BRDA:1095,129,0,328
BRDA:1095,129,1,172
BRDA:1100,130,0,96
BRDA:1100,130,1,196
BRDA:1113,131,0,0
BRDA:1113,131,1,207
BRDA:1119,132,0,120
BRDA:1119,132,1,87
BRDA:1133,133,0,6
BRDA:1133,133,1,10
BRDA:2160,134,0,124
BRDA:2160,134,1,123
BRDA:2219,135,0,3
BRDA:2219,135,1,53
BRDA:2224,136,0,0
BRDA:2224,136,1,56
BRDA:2225,137,0,56
BRDA:2225,137,1,56
BRDA:2225,137,2,56
BRDA:2229,138,0,0
BRDA:2229,138,1,0
BRDA:2231,139,0,56
BRDA:2231,139,1,0
BRDA:2234,140,0,0
BRDA:2234,140,1,56
BRDA:2237,141,0,121
BRDA:2237,141,1,98
BRDA:2242,142,0,56
BRDA:2242,142,1,1
BRDA:2246,143,0,1
BRDA:2246,143,1,805
BRDA:2248,144,0,805
BRDA:2248,144,1,0
BRDA:2256,145,0,3
BRDA:2256,145,1,5315
BRDA:2257,146,0,3
BRDA:2257,146,1,5312
BRDA:2260,147,0,5312
BRDA:2260,147,1,0
BRDA:2267,148,0,1
BRDA:2267,148,1,17
BRDA:2268,149,0,1
BRDA:2268,149,1,1
BRDA:2269,150,0,17
BRDA:2269,150,1,12
BRDA:2273,151,0,0
BRDA:2273,151,1,0
BRDA:2273,152,0,0
BRDA:2273,152,1,0
BRDA:2279,153,0,0
BRDA:2279,153,1,0
BRDA:2281,154,0,0
BRDA:2281,154,1,0
BRDA:2283,155,0,0
BRDA:2283,155,1,0
BRDA:2292,156,0,0
BRDA:2292,156,1,0
BRDA:2297,157,0,0
BRDA:2297,157,1,0
BRDA:2317,158,0,308
BRDA:2317,158,1,1254
BRDA:2355,159,0,1
BRDA:2355,159,1,28
BRDA:2355,160,0,29
BRDA:2355,160,1,1
BRDA:2357,161,0,0
BRDA:2357,161,1,28
BRDA:2357,162,0,28
BRDA:2357,162,1,28
BRDA:2360,163,0,0
BRDA:2360,163,1,28
BRDA:2360,164,0,28
BRDA:2360,164,1,0
BRDA:2363,165,0,28
BRDA:2363,165,1,0
BRDA:2363,166,0,28
BRDA:2363,166,1,28
BRDA:2383,167,0,4
BRDA:2383,167,1,724
BRDA:2383,168,0,728
BRDA:2383,168,1,724
BRDA:2396,169,0,1804
BRDA:2396,169,1,724
BRDA:2398,170,0,0
BRDA:2398,170,1,724
BRDA:2404,171,0,9092
BRDA:2404,171,1,8724
BRDA:2404,171,2,1668
BRDA:2404,171,3,1592
BRDA:2404,171,4,1448
BRDA:2404,171,5,1448
BRDA:2404,172,0,9092
BRDA:2404,172,1,0
BRDA:2404,173,0,9092
BRDA:2404,173,1,0
BRDA:2405,174,0,8724
BRDA:2405,174,1,144
BRDA:2405,175,0,8724
BRDA:2405,175,1,288
BRDA:2406,176,0,1668
BRDA:2406,176,1,0
BRDA:2406,177,0,1668
BRDA:2406,177,1,0
BRDA:2407,178,0,1592
BRDA:2407,178,1,0
BRDA:2407,179,0,1592
BRDA:2407,179,1,0
BRDA:2408,180,0,1448
BRDA:2408,180,1,0
BRDA:2408,181,0,1448
BRDA:2408,181,1,0
BRDA:2409,182,0,1448
BRDA:2409,182,1,0
BRDA:2409,183,0,1448
BRDA:2409,183,1,0
BRDA:2423,184,0,724
BRDA:2423,184,1,0
BRDA:2423,185,0,724
BRDA:2423,185,1,184
BRDA:2428,186,0,722
BRDA:2428,186,1,0
BRF:389
BRH:290
end_of_record
TN:
SF:src/icons.ts
FN:56,getFilterIcon
FNF:1
FNH:1
FNDA:1320,getFilterIcon
DA:3,1
DA:7,1
DA:11,1
DA:15,1
DA:19,1
DA:26,1
DA:30,1
DA:34,1
DA:38,1
DA:49,1
DA:60,1320
DA:72,1
DA:116,1
DA:192,1
DA:210,1
DA:224,1
DA:294,1
DA:328,1
DA:379,1
DA:403,1
DA:454,1
DA:505,1
LF:22
LH:22
BRDA:61,0,0,660
BRDA:61,0,1,660
BRDA:62,1,0,660
BRDA:62,1,1,660
BRF:4
BRH:4
end_of_record
TN:
SF:src/open-scd.ts
FN:383,(anonymous_0)
FN:93,(anonymous_1)
FN:96,(anonymous_2)
FN:101,(anonymous_3)
FN:111,(anonymous_4)
FN:122,(anonymous_5)
FN:154,(anonymous_6)
FN:163,(anonymous_7)
FN:170,(anonymous_8)
FN:175,(anonymous_9)
FN:183,(anonymous_10)
FN:200,(anonymous_11)
FN:206,(anonymous_12)
FN:208,(anonymous_13)
FN:223,(anonymous_14)
FN:242,(anonymous_15)
FN:249,(anonymous_16)
FN:275,(anonymous_17)
FN:279,(anonymous_18)
FN:282,(anonymous_19)
FN:286,(anonymous_20)
FN:297,(anonymous_21)
FN:309,(anonymous_22)
FN:314,(anonymous_23)
FN:319,(anonymous_24)
FN:320,(anonymous_25)
FN:325,(anonymous_26)
FN:326,(anonymous_27)
FN:331,(anonymous_28)
FN:332,(anonymous_29)
FN:340,(anonymous_30)
FN:347,(anonymous_31)
FN:352,(anonymous_32)
FN:360,(anonymous_33)
FN:366,(anonymous_34)
FN:373,(anonymous_35)
FN:378,(anonymous_36)
FN:390,(anonymous_37)
FN:413,(anonymous_38)
FN:425,(anonymous_39)
FN:430,(anonymous_40)
FN:439,(anonymous_41)
FN:441,(anonymous_42)
FN:451,(anonymous_43)
FN:458,(anonymous_44)
FN:474,(anonymous_45)
FN:498,(anonymous_46)
FN:504,(anonymous_47)
FN:510,(anonymous_48)
FN:515,(anonymous_49)
FNF:50
FNH:28
FNDA:20,(anonymous_0)
FNDA:1,(anonymous_1)
FNDA:13,(anonymous_2)
FNDA:10,(anonymous_3)
FNDA:0,(anonymous_4)
FNDA:13,(anonymous_5)
FNDA:0,(anonymous_6)
FNDA:0,(anonymous_7)
FNDA:0,(anonymous_8)
FNDA:0,(anonymous_9)
FNDA:0,(anonymous_10)
FNDA:0,(anonymous_11)
FNDA:0,(anonymous_12)
FNDA:0,(anonymous_13)
FNDA:1,(anonymous_14)
FNDA:2,(anonymous_15)
FNDA:1,(anonymous_16)
FNDA:2,(anonymous_17)
FNDA:137,(anonymous_18)
FNDA:548,(anonymous_19)
FNDA:0,(anonymous_20)
FNDA:272,(anonymous_21)
FNDA:0,(anonymous_22)
FNDA:0,(anonymous_23)
FNDA:0,(anonymous_24)
FNDA:68,(anonymous_25)
FNDA:0,(anonymous_26)
FNDA:68,(anonymous_27)
FNDA:0,(anonymous_28)
FNDA:68,(anonymous_29)
FNDA:136,(anonymous_30)
FNDA:136,(anonymous_31)
FNDA:0,(anonymous_32)
FNDA:68,(anonymous_33)
FNDA:2,(anonymous_34)
FNDA:0,(anonymous_35)
FNDA:0,(anonymous_36)
FNDA:1292,(anonymous_37)
FNDA:1292,(anonymous_38)
FNDA:84,(anonymous_39)
FNDA:68,(anonymous_40)
FNDA:1,(anonymous_41)
FNDA:19,(anonymous_42)
FNDA:1,(anonymous_43)
FNDA:12,(anonymous_44)
FNDA:0,(anonymous_45)
FNDA:2,(anonymous_46)
FNDA:0,(anonymous_47)
FNDA:0,(anonymous_48)
FNDA:0,(anonymous_49)
DA:82,1
DA:89,20
DA:90,20
DA:93,1
DA:94,1
DA:97,13
DA:98,13
DA:101,1
DA:102,10
DA:105,1
DA:106,1
DA:107,1
DA:108,1
DA:113,0
DA:114,0
DA:115,0
DA:116,0
DA:117,0
DA:123,13
DA:125,13
DA:132,13
DA:133,13
DA:134,13
DA:136,13
DA:138,13
DA:140,13
DA:142,13
DA:144,12
DA:150,12
DA:156,0
DA:157,0
DA:158,0
DA:159,0
DA:164,0
DA:166,0
DA:167,0
DA:171,0
DA:172,0
DA:174,0
DA:175,0
DA:176,0
DA:177,0
DA:178,0
DA:180,0
DA:184,0
DA:185,0
DA:192,0
DA:193,0
DA:194,0
DA:195,0
DA:196,0
DA:197,0
DA:198,0
DA:199,0
DA:200,0
DA:201,0
DA:207,0
DA:208,0
DA:209,0
DA:211,0
DA:212,0
DA:213,0
DA:214,0
DA:215,0
DA:216,0
DA:217,0
DA:218,0
DA:220,0
DA:227,1
DA:231,1
DA:235,1
DA:237,1
DA:239,1
DA:243,2
DA:249,1
DA:276,2
DA:280,137
DA:282,137
DA:283,548
DA:287,0
DA:297,272
DA:302,137
DA:304,137
DA:309,0
DA:314,0
DA:319,0
DA:320,68
DA:325,0
DA:326,68
DA:331,0
DA:332,68
DA:340,136
DA:347,136
DA:353,0
DA:360,68
DA:366,2
DA:373,0
DA:378,0
DA:384,20
DA:386,20
DA:387,20
DA:391,1292
DA:392,272
DA:393,1020
DA:414,1292
DA:415,204
DA:422,1088
DA:426,84
DA:431,68
DA:440,1
DA:441,19
DA:451,1
DA:459,12
DA:474,0
DA:498,2
DA:504,0
DA:512,0
DA:517,0
DA:525,1
LF:119
LH:62
BRDA:113,0,0,0
BRDA:113,0,1,0
BRDA:114,1,0,0
BRDA:114,1,1,0
BRDA:136,2,0,13
BRDA:136,2,1,0
BRDA:140,3,0,13
BRDA:140,3,1,0
BRDA:156,4,0,0
BRDA:156,4,1,0
BRDA:157,5,0,0
BRDA:157,5,1,0
BRDA:165,6,0,0
BRDA:165,6,1,0
BRDA:174,7,0,0
BRDA:174,7,1,0
BRDA:176,8,0,0
BRDA:176,8,1,0
BRDA:178,9,0,0
BRDA:178,9,1,0
BRDA:184,10,0,0
BRDA:184,10,1,0
BRDA:209,11,0,0
BRDA:209,11,1,0
BRDA:209,11,2,0
BRDA:211,12,0,0
BRDA:211,12,1,0
BRDA:212,13,0,0
BRDA:212,13,1,0
BRDA:213,14,0,0
BRDA:213,14,1,0
BRDA:213,15,0,0
BRDA:213,15,1,0
BRDA:214,16,0,0
BRDA:214,16,1,0
BRDA:215,17,0,0
BRDA:215,17,1,0
BRDA:216,18,0,0
BRDA:216,18,1,0
BRDA:217,19,0,0
BRDA:217,19,1,0
BRDA:218,20,0,0
BRDA:218,20,1,0
BRDA:220,21,0,0
BRDA:220,21,1,0
BRDA:228,22,0,1
BRDA:228,22,1,0
BRDA:284,23,0,548
BRDA:284,23,1,137
BRDA:302,24,0,137
BRDA:302,24,1,0
BRDA:354,25,0,0
BRDA:354,25,1,0
BRDA:391,26,0,272
BRDA:391,26,1,1020
BRDA:397,27,0,1020
BRDA:397,27,1,570
BRDA:401,28,0,0
BRDA:401,28,1,1020
BRDA:404,29,0,272
BRDA:404,29,1,748
BRDA:414,30,0,204
BRDA:414,30,1,1088
BRDA:414,31,0,1292
BRDA:414,31,1,1020
BRDA:419,32,0,204
BRDA:419,32,1,74
BRDA:426,33,0,84
BRDA:426,33,1,0
BRDA:435,34,0,2
BRDA:435,34,1,66
BRDA:457,35,0,28
BRDA:457,35,1,40
BRDA:489,36,0,28
BRDA:489,36,1,40
BRDA:490,37,0,28
BRDA:490,37,1,28
BRF:77
BRH:28
end_of_record
TN:
SF:src/schemas.ts
FN:33,isValidationError
FN:42,isValidationResult
FN:53,isLoadSchemaResult
FN:69,getSchema
FN:90,isSupported
FNF:5
FNH:4
FNDA:19,isValidationError
FNDA:34,isValidationResult
FNDA:34,isLoadSchemaResult
FNDA:15,getSchema
FNDA:0,isSupported
DA:34,19
DA:45,34
DA:56,34
DA:74,15
DA:75,15
DA:78,1
DA:91,0
DA:98,1
DA:104,1
LF:9
LH:8
BRDA:35,0,0,19
BRDA:35,0,1,19
BRDA:35,0,2,19
BRDA:35,0,3,4
BRDA:46,1,0,34
BRDA:46,1,1,34
BRDA:46,1,2,34
BRDA:46,1,3,30
BRDA:57,2,0,34
BRDA:57,2,1,34
BRDA:57,2,2,34
BRDA:57,2,3,19
BRDA:75,3,0,15
BRDA:75,3,1,0
BRF:14
BRH:13
end_of_record
TN:
SF:src/themes.ts
FN:4,getTheme
FNF:1
FNH:1
FNDA:68,getTheme
DA:5,68
DA:6,68
DA:64,1
DA:69,1
LF:4
LH:4
BRF:0
BRH:0
end_of_record
TN:
SF:src/wizard-dialog.ts
FN:27,dialogInputs
FN:31,dialogValid
FN:32,(anonymous_2)
FN:111,(anonymous_3)
FN:52,(anonymous_4)
FN:57,(anonymous_5)
FN:58,(anonymous_6)
FN:61,(anonymous_7)
FN:62,(anonymous_8)
FN:65,(anonymous_9)
FN:68,(anonymous_10)
FN:74,(anonymous_11)
FN:79,(anonymous_12)
FN:86,(anonymous_13)
FN:96,(anonymous_14)
FN:104,(anonymous_15)
FN:118,(anonymous_16)
FN:125,(anonymous_17)
FN:144,(anonymous_18)
FN:157,(anonymous_19)
FN:175,(anonymous_20)
FNF:21
FNH:21
FNDA:18,dialogInputs
FNDA:17,dialogValid
FNDA:17,(anonymous_2)
FNDA:385,(anonymous_3)
FNDA:2444,(anonymous_4)
FNDA:92,(anonymous_5)
FNDA:197,(anonymous_6)
FNDA:5,(anonymous_7)
FNDA:8,(anonymous_8)
FNDA:2,(anonymous_9)
FNDA:9,(anonymous_10)
FNDA:1,(anonymous_11)
FNDA:90,(anonymous_12)
FNDA:5,(anonymous_13)
FNDA:94,(anonymous_14)
FNDA:316,(anonymous_15)
FNDA:1164,(anonymous_16)
FNDA:464,(anonymous_17)
FNDA:1,(anonymous_18)
FNDA:86,(anonymous_19)
FNDA:1164,(anonymous_20)
DA:28,18
DA:32,17
DA:38,1
DA:41,385
DA:44,385
DA:47,1
DA:49,1
DA:53,2444
DA:58,197
DA:62,8
DA:66,2
DA:69,9
DA:70,8
DA:72,1
DA:73,1
DA:74,1
DA:80,90
DA:81,89
DA:82,89
DA:83,89
DA:84,89
DA:85,2
DA:86,5
DA:87,2
DA:90,87
DA:91,87
DA:92,81
DA:93,81
DA:94,81
DA:96,87
DA:97,94
DA:101,87
DA:105,316
DA:106,316
DA:107,2
DA:108,1
DA:112,385
DA:114,385
DA:115,385
DA:119,1164
DA:120,1147
DA:121,1147
DA:126,464
DA:144,1
DA:157,86
DA:176,1164
DA:179,1
LF:47
LH:47
BRDA:28,0,0,18
BRDA:28,0,1,0
BRDA:66,1,0,2
BRDA:66,1,1,0
BRDA:69,2,0,8
BRDA:69,2,1,1
BRDA:70,3,0,8
BRDA:70,3,1,0
BRDA:79,4,0,89
BRDA:80,5,0,1
BRDA:80,5,1,89
BRDA:81,6,0,0
BRDA:81,6,1,89
BRDA:84,7,0,2
BRDA:84,7,1,87
BRDA:91,8,0,81
BRDA:91,8,1,6
BRDA:92,9,0,0
BRDA:92,9,1,81
BRDA:98,10,0,23
BRDA:98,10,1,71
BRDA:105,11,0,0
BRDA:105,11,1,316
BRDA:105,12,0,316
BRDA:105,12,1,316
BRDA:106,13,0,314
BRDA:106,13,1,2
BRDA:107,14,0,1
BRDA:107,14,1,1
BRDA:108,15,0,1
BRDA:108,15,1,0
BRDA:119,16,0,1147
BRDA:119,16,1,17
BRDA:134,17,0,100
BRDA:134,17,1,364
BRDA:142,18,0,52
BRDA:142,18,1,412
BRDA:155,19,0,349
BRDA:155,19,1,115
BRDA:164,20,0,100
BRDA:164,20,1,15
BRDA:163,21,0,115
BRDA:163,21,1,0
BRF:43
BRH:35
end_of_record
TN:
SF:src/wizard-textfield.ts
FN:22,(anonymous_0)
FN:31,(anonymous_1)
FN:37,(anonymous_2)
FN:48,(anonymous_3)
FN:51,(anonymous_4)
FN:59,(anonymous_5)
FN:62,(anonymous_6)
FN:82,(anonymous_7)
FN:86,(anonymous_8)
FN:94,(anonymous_9)
FN:102,(anonymous_10)
FN:108,(anonymous_11)
FN:111,(anonymous_12)
FN:120,(anonymous_13)
FN:127,(anonymous_14)
FN:139,(anonymous_15)
FN:141,(anonymous_16)
FN:150,(anonymous_17)
FN:155,(anonymous_18)
FN:163,(anonymous_19)
FNF:20
FNH:20
FNDA:1994,(anonymous_0)
FNDA:2316,(anonymous_1)
FNDA:157,(anonymous_2)
FNDA:7674,(anonymous_3)
FNDA:1807,(anonymous_4)
FNDA:373,(anonymous_5)
FNDA:1789,(anonymous_6)
FNDA:86,(anonymous_7)
FNDA:15,(anonymous_8)
FNDA:851,(anonymous_9)
FNDA:1994,(anonymous_10)
FNDA:5370,(anonymous_11)
FNDA:515,(anonymous_12)
FNDA:7501,(anonymous_13)
FNDA:1,(anonymous_14)
FNDA:515,(anonymous_15)
FNDA:2108,(anonymous_16)
FNDA:7501,(anonymous_17)
FNDA:18,(anonymous_18)
FNDA:7501,(anonymous_19)
DA:22,1
DA:25,1994
DA:28,1994
DA:29,1994
DA:31,1
DA:32,2316
DA:33,2295
DA:38,157
DA:39,157
DA:40,157
DA:45,1994
DA:46,1994
DA:48,1
DA:49,7674
DA:52,1807
DA:53,866
DA:54,866
DA:55,15
DA:59,1
DA:60,373
DA:63,1789
DA:65,953
DA:66,953
DA:71,1994
DA:74,1994
DA:76,1
DA:77,1
DA:78,1
DA:80,1994
DA:83,86
DA:87,15
DA:88,15
DA:89,15
DA:90,15
DA:91,15
DA:95,851
DA:96,851
DA:97,851
DA:98,851
DA:99,851
DA:103,1994
DA:104,1994
DA:105,68
DA:109,5370
DA:111,515
DA:113,4
DA:114,4
DA:116,5366
DA:117,5366
DA:121,7501
DA:122,515
DA:127,1
DA:136,6986
DA:140,515
DA:142,2108
DA:151,7501
DA:152,5920
DA:156,18
DA:160,1581
DA:164,7501
LF:60
LH:60
BRDA:32,0,0,21
BRDA:32,0,1,2295
BRDA:34,1,0,2295
BRDA:34,1,1,560
BRDA:34,1,2,560
BRDA:39,2,0,150
BRDA:39,2,1,7
BRDA:40,3,0,157
BRDA:40,3,1,58
BRDA:49,4,0,7674
BRDA:49,4,1,7457
BRDA:52,5,0,941
BRDA:52,5,1,866
BRDA:52,6,0,1807
BRDA:52,6,1,1637
BRDA:54,7,0,851
BRDA:54,7,1,15
BRDA:60,8,0,90
BRDA:60,8,1,283
BRDA:63,9,0,836
BRDA:63,9,1,953
BRDA:87,10,0,0
BRDA:87,10,1,15
BRDA:95,11,0,0
BRDA:95,11,1,851
BRDA:104,12,0,68
BRDA:104,12,1,1926
BRDA:105,13,0,68
BRDA:105,13,1,0
BRDA:109,14,0,4
BRDA:109,14,1,5366
BRDA:110,15,0,5370
BRDA:110,15,1,5370
BRDA:121,16,0,515
BRDA:121,16,1,6986
BRDA:121,17,0,7501
BRDA:121,17,1,7501
BRDA:132,18,0,515
BRDA:132,18,1,79
BRDA:144,19,0,497
BRDA:144,19,1,1611
BRDA:151,20,0,5920
BRDA:151,20,1,1581
BRF:43
BRH:40
end_of_record
TN:
SF:src/wizards.ts
FN:28,describe
FN:34,mergeWizardAction
FN:41,(anonymous_2)
FN:46,(anonymous_3)
FN:47,(anonymous_4)
FN:64,(anonymous_5)
FN:65,(anonymous_6)
FN:108,mergeWizard
FN:142,(anonymous_8)
FN:143,(anonymous_9)
FN:154,(anonymous_10)
FN:175,(anonymous_11)
FN:176,(anonymous_12)
FN:214,(anonymous_13)
FN:215,(anonymous_14)
FNF:15
FNH:0
FNDA:0,describe
FNDA:0,mergeWizardAction
FNDA:0,(anonymous_2)
FNDA:0,(anonymous_3)
FNDA:0,(anonymous_4)
FNDA:0,(anonymous_5)
FNDA:0,(anonymous_6)
FNDA:0,mergeWizard
FNDA:0,(anonymous_8)
FNDA:0,(anonymous_9)
FNDA:0,(anonymous_10)
FNDA:0,(anonymous_11)
FNDA:0,(anonymous_12)
FNDA:0,(anonymous_13)
FNDA:0,(anonymous_14)
DA:29,0
DA:31,0
DA:41,0
DA:42,0
DA:43,0
DA:45,0
DA:46,0
DA:47,0
DA:49,0
DA:50,0
DA:51,0
DA:52,0
DA:53,0
DA:54,0
DA:55,0
DA:56,0
DA:57,0
DA:58,0
DA:61,0
DA:63,0
DA:64,0
DA:65,0
DA:66,0
DA:67,0
DA:68,0
DA:69,0
DA:72,0
DA:73,0
DA:81,0
DA:82,0
DA:93,0
DA:95,0
DA:113,0
DA:114,0
DA:115,0
DA:117,0
DA:122,0
DA:124,0
DA:128,0
DA:129,0
DA:130,0
DA:138,0
DA:139,0
DA:140,0
DA:142,0
DA:143,0
DA:144,0
DA:146,0
DA:148,0
DA:149,0
DA:151,0
DA:154,0
DA:156,0
DA:175,0
DA:177,0
DA:214,0
DA:216,0
LF:57
LH:0
BRDA:31,0,0,0
BRDA:31,0,1,0
BRDA:50,1,0,0
BRDA:50,1,1,0
BRDA:51,2,0,0
BRDA:51,2,1,0
BRDA:52,3,0,0
BRDA:52,3,1,0
BRDA:54,4,0,0
BRDA:54,4,1,0
BRDA:56,5,0,0
BRDA:56,5,1,0
BRDA:66,6,0,0
BRDA:66,6,1,0
BRDA:68,7,0,0
BRDA:68,7,1,0
BRDA:72,8,0,0
BRDA:72,8,1,0
BRDA:93,9,0,0
BRDA:93,9,1,0
BRDA:93,10,0,0
BRDA:93,10,1,0
BRDA:114,11,0,0
BRDA:114,11,1,0
BRDA:115,12,0,0
BRDA:115,12,1,0
BRDA:117,13,0,0
BRDA:117,13,1,0
BRDA:118,14,0,0
BRDA:118,14,1,0
BRDA:118,14,2,0
BRDA:129,15,0,0
BRDA:129,15,1,0
BRDA:146,16,0,0
BRDA:146,16,1,0
BRDA:148,17,0,0
BRDA:148,17,1,0
BRDA:149,18,0,0
BRDA:149,18,1,0
BRDA:149,19,0,0
BRDA:149,19,1,0
BRDA:151,20,0,0
BRDA:151,20,1,0
BRDA:151,21,0,0
BRDA:151,21,1,0
BRDA:159,22,0,0
BRDA:159,22,1,0
BRDA:183,23,0,0
BRDA:183,23,1,0
BRDA:184,24,0,0
BRDA:184,24,1,0
BRDA:186,25,0,0
BRDA:186,25,1,0
BRDA:187,26,0,0
BRDA:187,26,1,0
BRDA:193,27,0,0
BRDA:193,27,1,0
BRDA:194,28,0,0
BRDA:194,28,1,0
BRDA:194,29,0,0
BRDA:194,29,1,0
BRDA:195,30,0,0
BRDA:195,30,1,0
BRDA:199,31,0,0
BRDA:199,31,1,0
BRDA:200,32,0,0
BRDA:200,32,1,0
BRDA:207,33,0,0
BRDA:207,33,1,0
BRDA:222,34,0,0
BRDA:222,34,1,0
BRDA:223,35,0,0
BRDA:223,35,1,0
BRDA:225,36,0,0
BRDA:225,36,1,0
BRDA:226,37,0,0
BRDA:226,37,1,0
BRDA:230,38,0,0
BRDA:230,38,1,0
BRDA:232,39,0,0
BRDA:232,39,1,0
BRDA:236,40,0,0
BRDA:236,40,1,0
BRDA:233,41,0,0
BRDA:233,41,1,0
BRDA:233,41,2,0
BRDA:238,42,0,0
BRDA:238,42,1,0
BRDA:242,43,0,0
BRDA:242,43,1,0
BRDA:243,44,0,0
BRDA:243,44,1,0
BRF:92
BRH:0
end_of_record
TN:
SF:src/editors/Communication.ts
FN:22,(anonymous_0)
FN:47,(anonymous_1)
FN:56,(anonymous_2)
FN:63,(anonymous_3)
FN:66,(anonymous_4)
FNF:5
FNH:4
FNDA:1,(anonymous_0)
FNDA:9,(anonymous_1)
FNDA:1,(anonymous_2)
FNDA:0,(anonymous_3)
FNDA:2,(anonymous_4)
DA:19,1
DA:23,1
DA:24,1
DA:36,1
DA:48,9
DA:49,8
DA:56,1
DA:59,1
DA:63,0
DA:67,2
DA:71,1
LF:11
LH:10
BRDA:23,0,0,1
BRDA:23,0,1,0
BRDA:30,1,0,1
BRDA:30,1,1,0
BRDA:30,1,2,0
BRDA:48,2,0,8
BRDA:48,2,1,1
BRDA:65,3,0,1
BRDA:65,3,1,0
BRF:9
BRH:5
end_of_record
TN:
SF:src/editors/Substation.ts
FN:18,(anonymous_0)
FN:26,(anonymous_1)
FN:36,(anonymous_2)
FN:41,(anonymous_3)
FNF:4
FNH:4
FNDA:1,(anonymous_0)
FNDA:9,(anonymous_1)
FNDA:1,(anonymous_2)
FNDA:1,(anonymous_3)
DA:15,1
DA:19,1
DA:27,9
DA:28,8
DA:36,1
DA:39,1
DA:42,1
DA:47,1
LF:8
LH:8
BRDA:27,0,0,8
BRDA:27,0,1,1
BRDA:40,1,0,1
BRDA:40,1,1,0
BRF:4
BRH:3
end_of_record
TN:
SF:src/editors/Templates.ts
FN:11,(anonymous_0)
FN:12,(anonymous_1)
FN:21,(anonymous_2)
FN:43,(anonymous_3)
FN:56,(anonymous_4)
FN:66,(anonymous_5)
FN:77,(anonymous_6)
FN:87,(anonymous_7)
FNF:8
FNH:8
FNDA:1,(anonymous_0)
FNDA:1,(anonymous_1)
FNDA:2,(anonymous_2)
FNDA:1,(anonymous_3)
FNDA:16,(anonymous_4)
FNDA:1,(anonymous_5)
FNDA:2,(anonymous_6)
FNDA:29,(anonymous_7)
DA:10,1
DA:11,1
DA:12,1
DA:18,1
DA:22,2
DA:23,0
DA:33,2
DA:44,1
DA:45,1
DA:57,16
DA:58,8
DA:66,1
DA:69,8
DA:77,2
DA:88,29
DA:95,1
LF:16
LH:15
BRDA:22,0,0,0
BRDA:22,0,1,2
BRDA:44,1,0,1
BRDA:44,1,1,0
BRDA:57,2,0,8
BRDA:57,2,1,8
BRDA:84,3,0,8
BRDA:84,3,1,0
BRF:8
BRH:5
end_of_record
TN:
SF:src/editors/communication/connectedap-editor.ts
FN:50,compareListItemConnection
FN:58,isEqualAddress
FN:61,(anonymous_2)
FN:69,createAddressElement
FN:77,(anonymous_4)
FN:78,(anonymous_5)
FN:101,(anonymous_6)
FN:105,(anonymous_7)
FN:111,(anonymous_8)
FN:124,(anonymous_9)
FN:132,(anonymous_10)
FN:138,(anonymous_11)
FN:145,(anonymous_12)
FN:146,(anonymous_13)
FN:149,(anonymous_14)
FN:152,(anonymous_15)
FN:169,(anonymous_16)
FN:172,(anonymous_17)
FN:181,(anonymous_18)
FN:186,(anonymous_19)
FN:189,(anonymous_20)
FN:197,(anonymous_21)
FN:217,(anonymous_22)
FN:236,(anonymous_23)
FN:250,(anonymous_24)
FN:251,(anonymous_25)
FN:297,(anonymous_26)
FN:314,(anonymous_27)
FN:317,(anonymous_28)
FNF:29
FNH:27
FNDA:20,compareListItemConnection
FNDA:6,isEqualAddress
FNDA:48,(anonymous_2)
FNDA:10,createAddressElement
FNDA:54,(anonymous_4)
FNDA:35,(anonymous_5)
FNDA:105,(anonymous_6)
FNDA:64,(anonymous_7)
FNDA:1,(anonymous_8)
FNDA:104,(anonymous_9)
FNDA:64,(anonymous_10)
FNDA:1,(anonymous_11)
FNDA:4,(anonymous_12)
FNDA:1,(anonymous_13)
FNDA:1,(anonymous_14)
FNDA:1,(anonymous_15)
FNDA:0,(anonymous_16)
FNDA:0,(anonymous_17)
FNDA:4,(anonymous_18)
FNDA:12,(anonymous_19)
FNDA:16,(anonymous_20)
FNDA:16,(anonymous_21)
FNDA:16,(anonymous_22)
FNDA:4,(anonymous_23)
FNDA:71,(anonymous_24)
FNDA:10,(anonymous_25)
FNDA:64,(anonymous_26)
FNDA:512,(anonymous_27)
FNDA:1246,(anonymous_28)
DA:54,20
DA:55,8
DA:59,6
DA:62,48
DA:74,10
DA:76,10
DA:77,54
DA:79,35
DA:80,35
DA:81,35
DA:82,0
DA:87,35
DA:88,35
DA:91,10
DA:96,1
DA:98,1
DA:101,1
DA:102,105
DA:106,64
DA:112,1
DA:113,1
DA:125,104
DA:132,64
DA:138,1
DA:146,4
DA:147,1
DA:149,1
DA:151,1
DA:153,1
DA:165,1
DA:170,0
DA:173,0
DA:182,4
DA:184,4
DA:187,12
DA:190,16
DA:196,4
DA:198,16
DA:208,4
DA:209,4
DA:217,16
DA:229,0
DA:237,4
DA:251,71
DA:253,10
DA:256,10
DA:258,10
DA:266,10
DA:268,10
DA:270,5
DA:277,5
DA:284,5
DA:285,4
DA:293,10
DA:298,64
DA:314,512
DA:318,1246
DA:333,1
LF:58
LH:54
BRDA:54,0,0,12
BRDA:54,0,1,8
BRDA:54,1,0,12
BRDA:54,1,1,0
BRDA:81,2,0,0
BRDA:81,2,1,35
BRDA:102,3,0,105
BRDA:102,3,1,0
BRDA:112,4,0,1
BRDA:112,4,1,0
BRDA:176,5,0,0
BRDA:176,5,1,0
BRDA:208,6,0,4
BRDA:208,6,1,0
BRDA:253,7,0,10
BRDA:253,7,1,9
BRDA:261,8,0,10
BRDA:261,8,1,0
BRDA:262,9,0,10
BRDA:262,9,1,0
BRDA:268,10,0,5
BRDA:268,10,1,5
BRDA:268,11,0,10
BRDA:268,11,1,6
BRDA:284,12,0,4
BRDA:284,12,1,1
BRDA:322,13,0,1246
BRDA:322,13,1,734
BRDA:325,14,0,1246
BRDA:325,14,1,774
BRF:30
BRH:21
end_of_record
TN:
SF:src/editors/communication/foundation.ts
FN:15,isCreateOptions
FN:39,(anonymous_1)
FNF:2
FNH:2
FNDA:28,isCreateOptions
FNDA:5,(anonymous_1)
DA:18,28
DA:22,1
DA:38,1
DA:39,5
DA:44,1
LF:5
LH:5
BRF:0
BRH:0
end_of_record
TN:
SF:src/editors/communication/p-types.ts
FN:6,getTypes
FNF:1
FNH:1
FNDA:64,getTypes
DA:7,64
DA:9,64
DA:12,64
DA:16,64
DA:18,37
DA:20,24
DA:23,1
DA:39,1
DA:49,1
DA:61,1
DA:68,1
DA:100,1
DA:117,1
DA:150,1
LF:14
LH:14
BRDA:7,0,0,0
BRDA:7,0,1,64
BRDA:12,1,0,64
BRDA:12,1,1,27
BRDA:13,2,0,64
BRDA:13,2,1,27
BRDA:14,3,0,64
BRDA:14,3,1,40
BRDA:16,4,0,27
BRDA:16,4,1,37
BRDA:18,5,0,13
BRDA:18,5,1,24
BRF:12
BRH:11
end_of_record
TN:
SF:src/editors/communication/subnetwork-editor.ts
FN:42,getBitRateAction
FN:88,(anonymous_1)
FN:92,(anonymous_2)
FN:96,(anonymous_3)
FN:100,(anonymous_4)
FN:109,(anonymous_5)
FN:115,(anonymous_6)
FN:121,(anonymous_7)
FN:134,(anonymous_8)
FN:142,(anonymous_9)
FN:149,(anonymous_10)
FN:156,(anonymous_11)
FN:162,(anonymous_12)
FN:169,(anonymous_13)
FN:173,(anonymous_14)
FN:174,(anonymous_15)
FN:177,(anonymous_16)
FN:185,(anonymous_17)
FN:195,(anonymous_18)
FN:202,(anonymous_19)
FN:203,(anonymous_20)
FN:204,(anonymous_21)
FN:205,(anonymous_22)
FN:206,(anonymous_23)
FN:207,(anonymous_24)
FN:209,(anonymous_25)
FN:257,(anonymous_26)
FN:258,(anonymous_27)
FN:259,(anonymous_28)
FN:260,(anonymous_29)
FN:261,(anonymous_30)
FN:262,(anonymous_31)
FN:264,(anonymous_32)
FN:294,(anonymous_33)
FNF:34
FNH:34
FNDA:14,getBitRateAction
FNDA:37,(anonymous_1)
FNDA:73,(anonymous_2)
FNDA:109,(anonymous_3)
FNDA:72,(anonymous_4)
FNDA:4,(anonymous_5)
FNDA:27,(anonymous_6)
FNDA:1,(anonymous_7)
FNDA:36,(anonymous_8)
FNDA:36,(anonymous_9)
FNDA:4,(anonymous_10)
FNDA:27,(anonymous_11)
FNDA:1,(anonymous_12)
FNDA:36,(anonymous_13)
FNDA:36,(anonymous_14)
FNDA:36,(anonymous_15)
FNDA:36,(anonymous_16)
FNDA:36,(anonymous_17)
FNDA:36,(anonymous_18)
FNDA:39,(anonymous_19)
FNDA:21,(anonymous_20)
FNDA:21,(anonymous_21)
FNDA:42,(anonymous_22)
FNDA:63,(anonymous_23)
FNDA:84,(anonymous_24)
FNDA:84,(anonymous_25)
FNDA:2,(anonymous_26)
FNDA:1,(anonymous_27)
FNDA:1,(anonymous_28)
FNDA:2,(anonymous_29)
FNDA:3,(anonymous_30)
FNDA:4,(anonymous_31)
FNDA:4,(anonymous_32)
FNDA:28,(anonymous_33)
DA:36,1
DA:48,14
DA:49,3
DA:62,11
DA:63,4
DA:71,7
DA:72,7
DA:73,7
DA:74,1
DA:75,7
DA:83,1
DA:85,1
DA:88,1
DA:89,37
DA:92,1
DA:93,73
DA:96,1
DA:97,109
DA:100,1
DA:101,72
DA:102,72
DA:103,68
DA:104,68
DA:105,68
DA:106,68
DA:110,4
DA:116,27
DA:122,1
DA:123,1
DA:135,36
DA:137,36
DA:143,36
DA:149,4
DA:156,27
DA:162,1
DA:170,36
DA:173,36
DA:174,36
DA:177,36
DA:186,36
DA:196,36
DA:203,39
DA:204,21
DA:205,42
DA:206,63
DA:207,84
DA:208,21
DA:209,84
DA:215,21
DA:220,6
DA:222,15
DA:223,15
DA:224,15
DA:225,12
DA:226,15
DA:227,14
DA:228,15
DA:231,21
DA:240,7
DA:242,14
DA:250,21
DA:251,21
DA:252,21
DA:253,21
DA:258,2
DA:259,1
DA:260,2
DA:261,3
DA:262,4
DA:263,1
DA:264,4
DA:267,1
DA:273,1
DA:274,1
DA:278,1
DA:279,1
DA:282,1
DA:290,1
DA:305,28
DA:333,28
DA:380,1
LF:81
LH:81
BRDA:48,0,0,3
BRDA:48,0,1,11
BRDA:54,1,0,3
BRDA:54,1,1,0
BRDA:55,2,0,0
BRDA:55,2,1,3
BRDA:62,3,0,4
BRDA:62,3,1,7
BRDA:73,4,0,6
BRDA:73,4,1,1
BRDA:89,5,0,37
BRDA:89,5,1,0
BRDA:93,6,0,73
BRDA:93,6,1,12
BRDA:97,7,0,109
BRDA:97,7,1,9
BRDA:102,8,0,4
BRDA:102,8,1,68
BRDA:103,9,0,68
BRDA:103,9,1,0
BRDA:105,10,0,66
BRDA:105,10,1,2
BRDA:106,11,0,68
BRDA:106,11,1,0
BRDA:122,12,0,1
BRDA:122,12,1,0
BRDA:135,13,0,0
BRDA:135,13,1,36
BRDA:135,14,0,36
BRDA:135,14,1,3
BRDA:138,15,0,31
BRDA:138,15,1,5
BRDA:137,16,0,36
BRDA:137,16,1,33
BRDA:144,17,0,6
BRDA:144,17,1,30
BRDA:171,18,0,36
BRDA:171,18,1,0
BRDA:215,19,0,6
BRDA:215,19,1,15
BRDA:216,20,0,21
BRDA:216,20,1,10
BRDA:216,20,2,8
BRDA:224,21,0,3
BRDA:224,21,1,12
BRDA:226,22,0,1
BRDA:226,22,1,14
BRDA:231,23,0,7
BRDA:231,23,1,14
BRDA:232,24,0,21
BRDA:232,24,1,8
BRDA:233,25,0,21
BRDA:233,25,1,3
BRDA:236,26,0,8
BRDA:236,26,1,8
BRDA:246,27,0,14
BRDA:246,27,1,5
BRDA:251,28,0,15
BRDA:251,28,1,6
BRDA:252,29,0,14
BRDA:252,29,1,7
BRDA:273,30,0,1
BRDA:273,30,1,0
BRDA:306,31,0,1
BRDA:306,31,1,27
BRDA:325,32,0,27
BRDA:325,32,1,0
BRDA:328,33,0,27
BRDA:328,33,1,25
BRF:69
BRH:59
end_of_record
TN:
SF:src/editors/substation/bay-editor.ts
FN:42,(anonymous_0)
FN:46,(anonymous_1)
FN:50,(anonymous_2)
FN:56,(anonymous_3)
FN:64,(anonymous_4)
FN:68,(anonymous_5)
FN:81,(anonymous_6)
FN:87,(anonymous_7)
FN:94,(anonymous_8)
FN:100,(anonymous_9)
FN:106,(anonymous_10)
FN:112,(anonymous_11)
FN:118,(anonymous_12)
FN:125,(anonymous_13)
FN:134,(anonymous_14)
FN:143,(anonymous_15)
FN:144,(anonymous_16)
FN:145,(anonymous_17)
FN:146,(anonymous_18)
FN:164,(anonymous_19)
FNF:20
FNH:20
FNDA:220,(anonymous_0)
FNDA:439,(anonymous_1)
FNDA:14,(anonymous_2)
FNDA:7,(anonymous_3)
FNDA:3,(anonymous_4)
FNDA:1,(anonymous_5)
FNDA:219,(anonymous_6)
FNDA:7,(anonymous_7)
FNDA:3,(anonymous_8)
FNDA:5,(anonymous_9)
FNDA:14,(anonymous_10)
FNDA:1,(anonymous_11)
FNDA:1,(anonymous_12)
FNDA:219,(anonymous_13)
FNDA:570,(anonymous_14)
FNDA:5,(anonymous_15)
FNDA:3,(anonymous_16)
FNDA:3,(anonymous_17)
FNDA:6,(anonymous_18)
FNDA:18,(anonymous_19)
DA:37,1
DA:39,1
DA:42,1
DA:43,220
DA:46,1
DA:47,439
DA:51,14
DA:57,7
DA:58,7
DA:61,7
DA:65,3
DA:69,1
DA:70,1
DA:82,219
DA:87,7
DA:94,3
DA:100,5
DA:106,14
DA:112,1
DA:118,1
DA:126,219
DA:135,570
DA:144,5
DA:145,3
DA:146,6
DA:147,3
DA:152,3
DA:160,3
DA:172,18
DA:190,18
DA:218,1
LF:31
LH:31
BRDA:43,0,0,220
BRDA:43,0,1,0
BRDA:47,1,0,439
BRDA:47,1,1,0
BRDA:57,2,0,0
BRDA:57,2,1,7
BRDA:69,3,0,1
BRDA:69,3,1,0
BRDA:83,4,0,0
BRDA:83,4,1,219
BRDA:130,5,0,219
BRDA:130,5,1,0
BRDA:173,6,0,4
BRDA:173,6,1,14
BRF:14
BRH:8
end_of_record
TN:
SF:src/editors/substation/conducting-equipment-editor.ts
FN:40,(anonymous_0)
FN:44,(anonymous_1)
FN:48,(anonymous_2)
FN:56,(anonymous_3)
FN:60,(anonymous_4)
FN:73,(anonymous_5)
FN:80,(anonymous_6)
FN:87,(anonymous_7)
FN:92,(anonymous_8)
FN:100,(anonymous_9)
FN:107,(anonymous_10)
FN:108,(anonymous_11)
FN:109,(anonymous_12)
FN:110,(anonymous_13)
FN:111,(anonymous_14)
FN:140,(anonymous_15)
FN:159,(anonymous_16)
FN:173,(anonymous_17)
FN:174,(anonymous_18)
FN:207,(anonymous_19)
FN:217,(anonymous_20)
FNF:21
FNH:21
FNDA:575,(anonymous_0)
FNDA:1,(anonymous_1)
FNDA:15,(anonymous_2)
FNDA:3,(anonymous_3)
FNDA:1,(anonymous_4)
FNDA:574,(anonymous_5)
FNDA:3,(anonymous_6)
FNDA:15,(anonymous_7)
FNDA:1,(anonymous_8)
FNDA:1,(anonymous_9)
FNDA:8,(anonymous_10)
FNDA:2,(anonymous_11)
FNDA:3,(anonymous_12)
FNDA:5,(anonymous_13)
FNDA:4,(anonymous_14)
FNDA:22,(anonymous_15)
FNDA:35,(anonymous_16)
FNDA:75,(anonymous_17)
FNDA:75,(anonymous_18)
FNDA:22,(anonymous_19)
FNDA:196,(anonymous_20)
DA:35,1
DA:37,1
DA:40,1
DA:41,575
DA:44,1
DA:45,1
DA:49,15
DA:57,3
DA:61,1
DA:62,1
DA:74,574
DA:80,3
DA:87,15
DA:93,1
DA:100,1
DA:108,8
DA:109,3
DA:110,5
DA:111,4
DA:112,2
DA:114,2
DA:120,2
DA:121,0
DA:128,2
DA:136,2
DA:149,22
DA:159,35
DA:173,75
DA:174,75
DA:177,22
DA:208,22
DA:217,196
DA:232,1
LF:33
LH:32
BRDA:41,0,0,575
BRDA:41,0,1,0
BRDA:45,1,0,1
BRDA:45,1,1,0
BRDA:61,2,0,1
BRDA:61,2,1,0
BRDA:112,3,0,0
BRDA:112,3,1,2
BRDA:120,4,0,0
BRDA:120,4,1,2
BRDA:150,5,0,7
BRDA:150,5,1,15
BRDA:159,6,0,35
BRDA:159,6,1,0
BRDA:173,7,0,75
BRDA:173,7,1,0
BRDA:209,8,0,7
BRDA:209,8,1,15
BRF:18
BRH:11
end_of_record
TN:
SF:src/editors/substation/conducting-equipment-types.ts
FN:13,typeStr
FN:20,typeIcon
FN:24,typeName
FNF:3
FNH:3
FNDA:589,typeStr
FNDA:574,typeIcon
FNDA:15,typeName
DA:14,589
DA:21,574
DA:25,15
DA:28,1
DA:36,1
LF:5
LH:5
BRDA:16,0,0,110
BRDA:16,0,1,479
BRDA:14,1,0,589
BRDA:14,1,1,441
BRDA:17,2,0,479
BRDA:17,2,1,0
BRDA:21,3,0,574
BRDA:21,3,1,0
BRDA:25,4,0,15
BRDA:25,4,1,0
BRF:10
BRH:7
end_of_record
TN:
SF:src/editors/substation/foundation.ts
FN:25,isCreateOptions
FN:31,updateNamingAction
FN:32,(anonymous_2)
FN:33,(anonymous_3)
FN:34,(anonymous_4)
FN:51,cloneElement
FN:61,(anonymous_6)
FN:66,(anonymous_7)
FN:72,(anonymous_8)
FN:97,startMove
FN:106,(anonymous_10)
FN:126,(anonymous_11)
FN:178,(anonymous_12)
FNF:13
FNH:13
FNDA:149,isCreateOptions
FNDA:51,updateNamingAction
FNDA:20,(anonymous_2)
FNDA:24,(anonymous_3)
FNDA:44,(anonymous_4)
FNDA:11,cloneElement
FNDA:44,(anonymous_6)
FNDA:11,(anonymous_7)
FNDA:11,(anonymous_8)
FNDA:3,startMove
FNDA:3,(anonymous_10)
FNDA:3,(anonymous_11)
FNDA:5,(anonymous_12)
DA:28,149
DA:32,51
DA:33,24
DA:34,44
DA:36,20
DA:40,4
DA:42,16
DA:43,16
DA:44,16
DA:45,13
DA:47,16
DA:52,11
DA:53,11
DA:54,11
DA:58,11
DA:59,11
DA:61,44
DA:64,11
DA:66,11
DA:70,11
DA:72,11
DA:76,11
DA:78,11
DA:102,3
DA:104,3
DA:106,3
DA:107,3
DA:113,0
DA:115,3
DA:116,3
DA:117,3
DA:119,3
DA:120,3
DA:122,3
DA:124,3
DA:126,3
DA:128,3
DA:131,3
DA:138,3
DA:140,3
DA:144,3
DA:156,3
DA:157,3
DA:161,1
DA:177,1
DA:178,5
DA:183,1
LF:47
LH:46
BRDA:36,0,0,4
BRDA:36,0,1,16
BRDA:37,1,0,20
BRDA:37,1,1,10
BRDA:44,2,0,3
BRDA:44,2,1,13
BRDA:55,3,0,11
BRDA:55,3,1,0
BRDA:102,4,0,0
BRDA:102,4,1,3
BRDA:107,5,0,0
BRDA:107,5,1,3
BRDA:108,6,0,3
BRDA:108,6,1,0
BRDA:108,6,2,0
BRDA:108,6,3,0
BRDA:122,7,0,0
BRDA:122,7,1,3
BRDA:122,8,0,3
BRDA:122,8,1,0
BRDA:126,9,0,3
BRDA:126,9,1,0
BRDA:128,10,0,0
BRDA:128,10,1,3
BRDA:128,11,0,3
BRDA:128,11,1,3
BRDA:132,12,0,3
BRDA:132,12,1,0
BRDA:138,13,0,0
BRDA:138,13,1,3
BRDA:140,14,0,3
BRDA:140,14,1,0
BRDA:141,15,0,3
BRDA:141,15,1,3
BRF:34
BRH:21
end_of_record
TN:
SF:src/editors/substation/guess-wizard.ts
FN:20,addLNodes
FN:50,(anonymous_1)
FN:68,getSwitchGearType
FN:82,getSwitchGearName
FN:92,isSwitchGear
FN:97,(anonymous_5)
FN:111,(anonymous_6)
FN:112,(anonymous_7)
FN:119,(anonymous_8)
FN:124,getCSWI
FN:130,getValidCSWI
FN:133,(anonymous_11)
FN:136,createBayElement
FN:150,(anonymous_13)
FN:160,(anonymous_14)
FN:167,guessBasedOnCSWI
FN:168,(anonymous_16)
FN:173,(anonymous_17)
FN:194,(anonymous_18)
FN:195,(anonymous_19)
FN:213,guessVoltageLevel
FNF:21
FNH:21
FNDA:40,addLNodes
FNDA:100,(anonymous_1)
FNDA:60,getSwitchGearType
FNDA:40,getSwitchGearName
FNDA:60,isSwitchGear
FNDA:40,(anonymous_5)
FNDA:40,(anonymous_6)
FNDA:40,(anonymous_7)
FNDA:20,(anonymous_8)
FNDA:30,getCSWI
FNDA:30,getValidCSWI
FNDA:60,(anonymous_11)
FNDA:30,createBayElement
FNDA:40,(anonymous_13)
FNDA:40,(anonymous_14)
FNDA:16,guessBasedOnCSWI
FNDA:10,(anonymous_16)
FNDA:10,(anonymous_17)
FNDA:30,(anonymous_18)
FNDA:30,(anonymous_19)
FNDA:16,guessVoltageLevel
DA:16,1
DA:17,1
DA:18,1
DA:22,40
DA:51,100
DA:65,40
DA:69,60
DA:83,40
DA:84,20
DA:86,20
DA:87,10
DA:89,10
DA:94,60
DA:97,40
DA:99,20
DA:102,40
DA:103,40
DA:111,40
DA:113,40
DA:119,20
DA:125,30
DA:131,30
DA:133,60
DA:140,30
DA:141,30
DA:142,30
DA:144,30
DA:145,10
DA:150,10
DA:151,40
DA:160,40
DA:162,10
DA:164,20
DA:168,16
DA:169,10
DA:171,10
DA:173,10
DA:175,10
DA:177,10
DA:179,10
DA:185,10
DA:189,10
DA:190,10
DA:192,10
DA:194,30
DA:196,30
DA:199,10
DA:207,10
DA:214,16
LF:49
LH:49
BRDA:26,0,0,20
BRDA:26,0,1,20
BRDA:29,1,0,40
BRDA:29,1,1,0
BRDA:32,2,0,20
BRDA:32,2,1,20
BRDA:35,3,0,40
BRDA:35,3,1,0
BRDA:38,4,0,20
BRDA:38,4,1,20
BRDA:41,5,0,40
BRDA:41,5,1,0
BRDA:44,6,0,20
BRDA:44,6,1,20
BRDA:47,7,0,40
BRDA:47,7,1,0
BRDA:54,8,0,100
BRDA:54,8,1,0
BRDA:57,9,0,100
BRDA:57,9,1,0
BRDA:78,10,0,30
BRDA:78,10,1,30
BRDA:72,11,0,20
BRDA:72,11,1,40
BRDA:75,12,0,60
BRDA:75,12,1,0
BRDA:83,13,0,20
BRDA:83,13,1,20
BRDA:83,14,0,40
BRDA:83,14,1,20
BRDA:86,15,0,10
BRDA:86,15,1,10
BRDA:86,16,0,20
BRDA:86,16,1,20
BRDA:94,17,0,20
BRDA:94,17,1,40
BRDA:131,18,0,0
BRDA:131,18,1,30
BRDA:144,19,0,10
BRDA:144,19,1,20
BRDA:196,20,0,10
BRDA:196,20,1,20
BRF:42
BRH:34
end_of_record
TN:
SF:src/editors/substation/lnodewizard.ts
FN:41,compareDescription
FN:50,getLNode
FN:65,(anonymous_2)
FN:73,(anonymous_3)
FN:79,createAction
FN:100,deleteAction
FN:115,lNodeWizardAction
FN:116,(anonymous_7)
FN:118,(anonymous_8)
FN:119,(anonymous_9)
FN:125,(anonymous_10)
FN:138,(anonymous_11)
FN:141,(anonymous_12)
FN:142,(anonymous_13)
FN:144,(anonymous_14)
FN:145,(anonymous_15)
FN:151,getListContainer
FN:159,onIEDSelect
FN:168,(anonymous_18)
FN:171,(anonymous_19)
FN:174,(anonymous_20)
FN:192,(anonymous_21)
FN:206,(anonymous_22)
FN:221,onLDSelect
FN:230,(anonymous_24)
FN:233,(anonymous_25)
FN:239,(anonymous_26)
FN:252,(anonymous_27)
FN:259,(anonymous_28)
FN:267,(anonymous_29)
FN:291,onFilterInput
FN:294,(anonymous_31)
FN:303,renderIEDPage
FN:315,(anonymous_33)
FN:317,(anonymous_34)
FN:318,(anonymous_35)
FN:331,(anonymous_36)
FN:346,renderLdPage
FN:356,(anonymous_38)
FN:360,renderLnPage
FN:371,editlNode
FNF:41
FNH:39
FNDA:325,compareDescription
FNDA:792,getLNode
FNDA:936,(anonymous_2)
FNDA:3210,(anonymous_3)
FNDA:8,createAction
FNDA:8,deleteAction
FNDA:30,lNodeWizardAction
FNDA:8,(anonymous_7)
FNDA:34,(anonymous_8)
FNDA:14,(anonymous_9)
FNDA:14,(anonymous_10)
FNDA:14,(anonymous_11)
FNDA:14,(anonymous_12)
FNDA:8,(anonymous_13)
FNDA:14,(anonymous_14)
FNDA:8,(anonymous_15)
FNDA:43,getListContainer
FNDA:22,onIEDSelect
FNDA:22,(anonymous_18)
FNDA:22,(anonymous_19)
FNDA:44,(anonymous_20)
FNDA:44,(anonymous_21)
FNDA:44,(anonymous_22)
FNDA:21,onLDSelect
FNDA:20,(anonymous_24)
FNDA:20,(anonymous_25)
FNDA:134,(anonymous_26)
FNDA:134,(anonymous_27)
FNDA:134,(anonymous_28)
FNDA:134,(anonymous_29)
FNDA:0,onFilterInput
FNDA:0,(anonymous_31)
FNDA:26,renderIEDPage
FNDA:22,(anonymous_33)
FNDA:78,(anonymous_34)
FNDA:78,(anonymous_35)
FNDA:78,(anonymous_36)
FNDA:26,renderLdPage
FNDA:21,(anonymous_38)
FNDA:26,renderLnPage
FNDA:26,editlNode
DA:42,325
DA:43,205
DA:44,154
DA:47,1
DA:55,792
DA:57,792
DA:58,792
DA:65,936
DA:66,792
DA:69,792
DA:72,792
DA:73,3210
DA:76,792
DA:83,8
DA:91,8
DA:101,8
DA:102,8
DA:116,30
DA:117,8
DA:118,34
DA:119,14
DA:120,8
DA:126,14
DA:138,14
DA:140,8
DA:141,14
DA:142,8
DA:143,8
DA:144,14
DA:145,8
DA:147,8
DA:152,43
DA:160,22
DA:161,22
DA:162,22
DA:164,22
DA:166,22
DA:167,22
DA:168,22
DA:171,22
DA:172,22
DA:175,44
DA:181,22
DA:182,0
DA:188,22
DA:191,22
DA:193,44
DA:205,22
DA:207,44
DA:218,22
DA:222,21
DA:223,21
DA:224,21
DA:226,21
DA:228,21
DA:229,21
DA:230,20
DA:233,21
DA:235,20
DA:239,20
DA:240,134
DA:248,20
DA:251,21
DA:253,134
DA:260,134
DA:267,21
DA:268,134
DA:288,21
DA:292,0
DA:295,0
DA:304,26
DA:305,26
DA:306,26
DA:315,22
DA:317,78
DA:319,78
DA:332,78
DA:340,0
DA:347,26
DA:356,21
DA:361,26
DA:372,26
LF:82
LH:78
BRDA:42,0,0,120
BRDA:42,0,1,205
BRDA:42,1,0,68
BRDA:42,1,1,52
BRDA:43,2,0,51
BRDA:43,2,1,154
BRDA:43,3,0,17
BRDA:43,3,1,34
BRDA:55,4,0,558
BRDA:55,4,1,234
BRDA:59,5,0,558
BRDA:59,5,1,234
BRDA:67,6,0,454
BRDA:67,6,1,338
BRDA:70,7,0,376
BRDA:70,7,1,416
BRDA:127,8,0,14
BRDA:127,8,1,0
BRDA:130,9,0,0
BRDA:130,9,1,14
BRDA:131,10,0,14
BRDA:131,10,1,0
BRDA:132,11,0,14
BRDA:132,11,1,6
BRDA:133,12,0,14
BRDA:133,12,1,0
BRDA:134,13,0,14
BRDA:134,13,1,4
BRDA:153,14,0,43
BRDA:153,14,1,0
BRDA:160,15,0,0
BRDA:160,15,1,22
BRDA:162,16,0,0
BRDA:162,16,1,22
BRDA:177,17,0,44
BRDA:177,17,1,0
BRDA:181,18,0,0
BRDA:181,18,1,22
BRDA:198,19,0,0
BRDA:198,19,1,44
BRDA:211,20,0,44
BRDA:211,20,1,0
BRDA:222,21,0,0
BRDA:222,21,1,21
BRDA:224,22,0,0
BRDA:224,22,1,21
BRDA:236,23,0,0
BRDA:236,23,1,20
BRDA:242,24,0,134
BRDA:242,24,1,128
BRDA:243,25,0,134
BRDA:243,25,1,0
BRDA:244,26,0,134
BRDA:244,26,1,0
BRDA:262,27,0,134
BRDA:262,27,1,100
BRDA:276,28,0,17
BRDA:276,28,1,117
BRDA:283,29,0,134
BRDA:283,29,1,0
BRDA:298,30,0,0
BRDA:298,30,1,0
BRDA:305,31,0,26
BRDA:305,31,1,0
BRDA:333,32,0,78
BRDA:333,32,1,0
BRF:66
BRH:45
end_of_record
TN:
SF:src/editors/substation/substation-editor.ts
FN:43,(anonymous_0)
FN:48,(anonymous_1)
FN:53,(anonymous_2)
FN:60,(anonymous_3)
FN:67,(anonymous_4)
FN:72,(anonymous_5)
FN:84,(anonymous_6)
FN:91,(anonymous_7)
FN:98,(anonymous_8)
FN:104,(anonymous_9)
FN:110,(anonymous_10)
FN:118,(anonymous_11)
FN:119,(anonymous_12)
FN:120,(anonymous_13)
FN:121,(anonymous_14)
FN:146,(anonymous_15)
FN:151,(anonymous_16)
FN:160,(anonymous_17)
FNF:18
FNH:18
FNDA:27,(anonymous_0)
FNDA:53,(anonymous_1)
FNDA:13,(anonymous_2)
FNDA:4,(anonymous_3)
FNDA:3,(anonymous_4)
FNDA:1,(anonymous_5)
FNDA:26,(anonymous_6)
FNDA:4,(anonymous_7)
FNDA:3,(anonymous_8)
FNDA:13,(anonymous_9)
FNDA:1,(anonymous_10)
FNDA:2,(anonymous_11)
FNDA:1,(anonymous_12)
FNDA:1,(anonymous_13)
FNDA:2,(anonymous_14)
FNDA:26,(anonymous_15)
FNDA:50,(anonymous_16)
FNDA:14,(anonymous_17)
DA:36,1
DA:39,1
DA:43,1
DA:44,27
DA:48,1
DA:49,53
DA:54,13
DA:61,4
DA:68,3
DA:73,1
DA:85,26
DA:91,4
DA:98,3
DA:104,13
DA:110,1
DA:119,2
DA:120,1
DA:121,2
DA:122,1
DA:123,1
DA:124,1
DA:129,1
DA:137,1
DA:138,0
DA:142,1
DA:147,26
DA:152,50
DA:169,14
DA:189,14
DA:222,1
LF:30
LH:29
BRDA:44,0,0,27
BRDA:44,0,1,0
BRDA:87,1,0,0
BRDA:87,1,1,26
BRDA:137,2,0,0
BRDA:137,2,1,1
BRDA:170,3,0,1
BRDA:170,3,1,13
BRDA:213,4,0,1
BRDA:213,4,1,13
BRF:10
BRH:7
end_of_record
TN:
SF:src/editors/substation/voltage-level-editor.ts
FN:45,getVoltageAction
FN:92,(anonymous_1)
FN:96,(anonymous_2)
FN:100,(anonymous_3)
FN:109,(anonymous_4)
FN:115,(anonymous_5)
FN:121,(anonymous_6)
FN:125,(anonymous_7)
FN:138,(anonymous_8)
FN:145,(anonymous_9)
FN:152,(anonymous_10)
FN:158,(anonymous_11)
FN:164,(anonymous_12)
FN:170,(anonymous_13)
FN:177,(anonymous_14)
FN:184,(anonymous_15)
FN:189,(anonymous_16)
FN:195,(anonymous_17)
FN:196,(anonymous_18)
FN:197,(anonymous_19)
FN:198,(anonymous_20)
FN:199,(anonymous_21)
FN:200,(anonymous_22)
FN:201,(anonymous_23)
FN:203,(anonymous_24)
FN:255,(anonymous_25)
FN:256,(anonymous_26)
FN:257,(anonymous_27)
FN:258,(anonymous_28)
FN:259,(anonymous_29)
FN:260,(anonymous_30)
FN:261,(anonymous_31)
FN:263,(anonymous_32)
FN:294,(anonymous_33)
FNF:34
FNH:34
FNDA:14,getVoltageAction
FNDA:110,(anonymous_1)
FNDA:219,(anonymous_2)
FNDA:217,(anonymous_3)
FNDA:35,(anonymous_4)
FNDA:4,(anonymous_5)
FNDA:3,(anonymous_6)
FNDA:1,(anonymous_7)
FNDA:109,(anonymous_8)
FNDA:4,(anonymous_9)
FNDA:3,(anonymous_10)
FNDA:6,(anonymous_11)
FNDA:35,(anonymous_12)
FNDA:1,(anonymous_13)
FNDA:1,(anonymous_14)
FNDA:109,(anonymous_15)
FNDA:189,(anonymous_16)
FNDA:47,(anonymous_17)
FNDA:23,(anonymous_18)
FNDA:23,(anonymous_19)
FNDA:46,(anonymous_20)
FNDA:69,(anonymous_21)
FNDA:92,(anonymous_22)
FNDA:115,(anonymous_23)
FNDA:115,(anonymous_24)
FNDA:5,(anonymous_25)
FNDA:3,(anonymous_26)
FNDA:3,(anonymous_27)
FNDA:6,(anonymous_28)
FNDA:9,(anonymous_29)
FNDA:12,(anonymous_30)
FNDA:15,(anonymous_31)
FNDA:15,(anonymous_32)
FNDA:39,(anonymous_33)
DA:38,1
DA:51,14
DA:52,3
DA:56,3
DA:57,3
DA:66,11
DA:67,4
DA:75,7
DA:76,7
DA:77,7
DA:78,2
DA:79,7
DA:87,1
DA:89,1
DA:92,1
DA:93,110
DA:96,1
DA:97,219
DA:100,1
DA:101,217
DA:102,217
DA:103,216
DA:104,216
DA:105,216
DA:106,216
DA:110,35
DA:116,4
DA:122,3
DA:126,1
DA:127,1
DA:139,109
DA:145,4
DA:152,3
DA:158,6
DA:164,35
DA:171,1
DA:177,1
DA:185,109
DA:189,189
DA:196,47
DA:197,23
DA:198,46
DA:199,69
DA:200,92
DA:201,115
DA:202,23
DA:203,115
DA:209,23
DA:215,7
DA:217,16
DA:218,16
DA:219,16
DA:220,12
DA:221,16
DA:222,14
DA:223,16
DA:224,15
DA:225,16
DA:228,23
DA:238,9
DA:240,14
DA:248,23
DA:249,23
DA:250,23
DA:251,23
DA:256,5
DA:257,3
DA:258,6
DA:259,9
DA:260,12
DA:261,15
DA:262,3
DA:263,15
DA:266,3
DA:273,3
DA:274,3
DA:278,3
DA:279,3
DA:282,3
DA:306,39
DA:336,39
DA:398,1
LF:82
LH:82
BRDA:51,0,0,3
BRDA:51,0,1,11
BRDA:66,1,0,4
BRDA:66,1,1,7
BRDA:77,2,0,5
BRDA:77,2,1,2
BRDA:93,3,0,110
BRDA:93,3,1,0
BRDA:97,4,0,219
BRDA:97,4,1,14
BRDA:102,5,0,1
BRDA:102,5,1,216
BRDA:103,6,0,216
BRDA:103,6,1,0
BRDA:105,7,0,0
BRDA:105,7,1,216
BRDA:106,8,0,216
BRDA:106,8,1,0
BRDA:126,9,0,1
BRDA:126,9,1,0
BRDA:140,10,0,7
BRDA:140,10,1,102
BRDA:141,11,0,1
BRDA:141,11,1,108
BRDA:188,12,0,109
BRDA:188,12,1,0
BRDA:209,13,0,7
BRDA:209,13,1,16
BRDA:210,14,0,23
BRDA:210,14,1,12
BRDA:210,14,2,10
BRDA:210,14,3,8
BRDA:219,15,0,4
BRDA:219,15,1,12
BRDA:221,16,0,2
BRDA:221,16,1,14
BRDA:223,17,0,1
BRDA:223,17,1,15
BRDA:228,18,0,9
BRDA:228,18,1,14
BRDA:229,19,0,23
BRDA:229,19,1,10
BRDA:230,20,0,23
BRDA:230,20,1,3
BRDA:234,21,0,10
BRDA:234,21,1,1
BRDA:244,22,0,14
BRDA:244,22,1,5
BRDA:249,23,0,16
BRDA:249,23,1,7
BRDA:250,24,0,14
BRDA:250,24,1,9
BRDA:273,25,0,3
BRDA:273,25,1,0
BRDA:307,26,0,4
BRDA:307,26,1,35
BRDA:328,27,0,35
BRDA:328,27,1,0
BRDA:331,28,0,35
BRDA:331,28,1,0
BRF:60
BRH:51
end_of_record
TN:
SF:src/editors/templates/enum-type-editor.ts
FN:41,(anonymous_0)
FN:46,(anonymous_1)
FN:51,(anonymous_2)
FN:56,(anonymous_3)
FN:62,(anonymous_4)
FN:64,(anonymous_5)
FN:75,(anonymous_6)
FN:76,(anonymous_7)
FN:77,(anonymous_8)
FN:81,(anonymous_9)
FN:82,(anonymous_10)
FN:106,(anonymous_11)
FN:124,(anonymous_12)
FN:158,(anonymous_13)
FN:172,(anonymous_14)
FN:208,(anonymous_15)
FN:219,(anonymous_16)
FN:232,(anonymous_17)
FNF:18
FNH:17
FNDA:36,(anonymous_0)
FNDA:1,(anonymous_1)
FNDA:36,(anonymous_2)
FNDA:15,(anonymous_3)
FNDA:35,(anonymous_4)
FNDA:15,(anonymous_5)
FNDA:7,(anonymous_6)
FNDA:6,(anonymous_7)
FNDA:7,(anonymous_8)
FNDA:11,(anonymous_9)
FNDA:13,(anonymous_10)
FNDA:2,(anonymous_11)
FNDA:162,(anonymous_12)
FNDA:15,(anonymous_13)
FNDA:1,(anonymous_14)
FNDA:0,(anonymous_15)
FNDA:153,(anonymous_16)
FNDA:17,(anonymous_17)
DA:35,1
DA:37,1
DA:41,1
DA:42,36
DA:46,1
DA:47,1
DA:51,1
DA:52,36
DA:57,15
DA:63,35
DA:64,15
DA:76,7
DA:77,7
DA:79,6
DA:81,11
DA:82,13
DA:83,5
DA:91,5
DA:92,5
DA:94,5
DA:102,5
DA:107,2
DA:125,162
DA:159,15
DA:173,1
DA:174,1
DA:209,0
DA:220,153
DA:233,17
DA:238,1
LF:30
LH:29
BRDA:42,0,0,36
BRDA:42,0,1,0
BRDA:79,1,0,1
BRDA:79,1,1,5
BRDA:85,2,0,4
BRDA:85,2,1,1
BRDA:92,3,0,4
BRDA:92,3,1,1
BRDA:128,4,0,162
BRDA:128,4,1,0
BRDA:221,5,0,75
BRDA:221,5,1,78
BRDA:234,6,0,2
BRDA:234,6,1,15
BRF:14
BRH:12
end_of_record
TN:
SF:src/editors/templates/enum-val-editor.ts
FN:28,nextOrd
FN:30,(anonymous_1)
FN:45,(anonymous_2)
FN:50,(anonymous_3)
FN:55,(anonymous_4)
FN:60,(anonymous_5)
FN:68,(anonymous_6)
FN:70,(anonymous_7)
FN:81,(anonymous_8)
FN:82,(anonymous_9)
FN:83,(anonymous_10)
FN:84,(anonymous_11)
FN:86,(anonymous_12)
FN:107,(anonymous_13)
FN:108,(anonymous_14)
FN:109,(anonymous_15)
FN:110,(anonymous_16)
FN:112,(anonymous_17)
FN:133,(anonymous_18)
FN:177,(anonymous_19)
FNF:20
FNH:20
FNDA:3,nextOrd
FNDA:3,(anonymous_1)
FNDA:97,(anonymous_2)
FNDA:1,(anonymous_3)
FNDA:97,(anonymous_4)
FNDA:17,(anonymous_5)
FNDA:96,(anonymous_6)
FNDA:17,(anonymous_7)
FNDA:3,(anonymous_8)
FNDA:3,(anonymous_9)
FNDA:3,(anonymous_10)
FNDA:6,(anonymous_11)
FNDA:9,(anonymous_12)
FNDA:20,(anonymous_13)
FNDA:7,(anonymous_14)
FNDA:11,(anonymous_15)
FNDA:18,(anonymous_16)
FNDA:13,(anonymous_17)
FNDA:17,(anonymous_18)
FNDA:1,(anonymous_19)
DA:29,3
DA:31,3
DA:34,3
DA:39,1
DA:41,1
DA:45,1
DA:46,97
DA:50,1
DA:51,1
DA:55,1
DA:56,97
DA:61,17
DA:69,96
DA:70,17
DA:82,3
DA:83,3
DA:84,6
DA:86,9
DA:88,3
DA:93,3
DA:95,3
DA:103,3
DA:108,20
DA:109,11
DA:110,18
DA:112,13
DA:116,7
DA:121,2
DA:123,5
DA:124,5
DA:125,1
DA:126,5
DA:127,5
DA:129,5
DA:142,17
DA:162,17
DA:178,1
DA:179,1
DA:218,1
LF:39
LH:39
BRDA:31,0,0,3
BRDA:31,0,1,0
BRDA:34,1,0,3
BRDA:34,1,1,0
BRDA:46,2,0,97
BRDA:46,2,1,0
BRDA:56,3,0,97
BRDA:56,3,1,0
BRDA:86,4,0,3
BRDA:86,4,1,3
BRDA:109,5,0,7
BRDA:109,5,1,3
BRDA:112,6,0,7
BRDA:112,6,1,3
BRDA:112,6,2,0
BRDA:116,7,0,2
BRDA:116,7,1,5
BRDA:117,8,0,7
BRDA:117,8,1,4
BRDA:117,8,2,2
BRDA:124,9,0,4
BRDA:124,9,1,1
BRDA:143,10,0,0
BRDA:143,10,1,17
BRDA:172,11,0,0
BRDA:172,11,1,17
BRF:26
BRH:19
end_of_record
TN:
SF:src/editors/templates/foundation.ts
FN:19,isCreateOptions
FN:25,updateIDNamingAction
FN:26,(anonymous_2)
FN:27,(anonymous_3)
FN:28,(anonymous_4)
FNF:5
FNH:5
FNDA:17,isCreateOptions
FNDA:18,updateIDNamingAction
FNDA:6,(anonymous_2)
FNDA:6,(anonymous_3)
FNDA:12,(anonymous_4)
DA:22,17
DA:26,18
DA:27,6
DA:28,12
DA:30,6
DA:34,1
DA:36,5
DA:37,5
DA:38,5
DA:39,1
DA:41,5
DA:46,1
LF:12
LH:12
BRDA:30,0,0,1
BRDA:30,0,1,5
BRDA:31,1,0,6
BRDA:31,1,1,5
BRDA:38,2,0,4
BRDA:38,2,1,1
BRF:6
BRH:6
end_of_record
TN:
SF:src/translations/de.ts
FNF:0
FNH:0
DA:3,1
LF:1
LH:1
BRF:0
BRH:0
end_of_record
TN:
SF:src/translations/en.ts
FNF:0
FNH:0
DA:1,1
LF:1
LH:1
BRF:0
BRH:0
end_of_record
TN:
SF:src/translations/loader.ts
FN:10,loader
FNF:1
FNH:1
FNDA:28,loader
DA:6,1
DA:11,28
DA:12,1
LF:3
LH:3
BRDA:11,0,0,27
BRDA:11,0,1,1
BRF:2
BRH:2
end_of_record
TN:
SF:src/triggered/CommunicationMapping.ts
FN:24,getPath
FN:30,getElement
FN:36,getLogicalNode
FN:54,hasClientLN
FN:63,(anonymous_4)
FN:115,addClientLNAction
FN:116,(anonymous_6)
FN:127,(anonymous_7)
FN:131,(anonymous_8)
FN:132,(anonymous_9)
FN:133,(anonymous_10)
FN:135,(anonymous_11)
FN:169,(anonymous_12)
FN:175,clientlnwizard
FN:205,(anonymous_14)
FN:209,(anonymous_15)
FN:212,(anonymous_16)
FN:218,(anonymous_17)
FN:225,(anonymous_18)
FN:227,(anonymous_19)
FN:248,(anonymous_20)
FN:260,(anonymous_21)
FN:271,(anonymous_22)
FN:284,getSinkIedElement
FN:290,getSelectedSourceIedElements
FN:304,(anonymous_25)
FN:305,(anonymous_26)
FN:309,createConnectionWizard
FN:331,(anonymous_28)
FN:340,(anonymous_29)
FN:353,(anonymous_30)
FN:375,sinkPrimary
FN:390,sinkSecondary
FN:394,disconnectExtRefs
FN:396,(anonymous_34)
FN:405,(anonymous_35)
FN:440,(anonymous_36)
FN:441,(anonymous_37)
FN:446,(anonymous_38)
FN:450,(anonymous_39)
FN:459,(anonymous_40)
FN:466,(anonymous_41)
FN:472,(anonymous_42)
FN:476,(anonymous_43)
FN:490,findIEDNameTarget
FN:498,(anonymous_45)
FN:517,disconnect
FN:521,(anonymous_47)
FN:527,(anonymous_48)
FN:530,(anonymous_49)
FN:532,(anonymous_50)
FN:535,(anonymous_51)
FN:537,(anonymous_52)
FN:547,(anonymous_53)
FN:553,openCommunicationMappingWizard
FN:556,(anonymous_55)
FN:556,(anonymous_56)
FN:559,cbConnectionWizard
FN:582,(anonymous_58)
FN:599,getSinkReferences
FN:602,(anonymous_60)
FN:605,getSourceReferences
FN:607,(anonymous_62)
FN:608,(anonymous_63)
FN:611,openCreateConnection
FN:612,(anonymous_65)
FN:613,(anonymous_66)
FN:617,communicationMappingWizard
FN:625,(anonymous_68)
FN:626,(anonymous_69)
FN:636,(anonymous_70)
FN:639,(anonymous_71)
FN:664,(anonymous_72)
FN:671,(anonymous_73)
FN:707,(anonymous_74)
FNF:75
FNH:73
FNDA:135,getPath
FNDA:147,getElement
FNDA:9,getLogicalNode
FNDA:6,hasClientLN
FNDA:18,(anonymous_4)
FNDA:9,addClientLNAction
FNDA:6,(anonymous_6)
FNDA:6,(anonymous_7)
FNDA:6,(anonymous_8)
FNDA:6,(anonymous_9)
FNDA:6,(anonymous_10)
FNDA:6,(anonymous_11)
FNDA:6,(anonymous_12)
FNDA:9,clientlnwizard
FNDA:9,(anonymous_14)
FNDA:9,(anonymous_15)
FNDA:18,(anonymous_16)
FNDA:36,(anonymous_17)
FNDA:9,(anonymous_18)
FNDA:18,(anonymous_19)
FNDA:9,(anonymous_20)
FNDA:108,(anonymous_21)
FNDA:18,(anonymous_22)
FNDA:9,getSinkIedElement
FNDA:9,getSelectedSourceIedElements
FNDA:9,(anonymous_25)
FNDA:9,(anonymous_26)
FNDA:12,createConnectionWizard
FNDA:36,(anonymous_28)
FNDA:9,(anonymous_29)
FNDA:36,(anonymous_30)
FNDA:50,sinkPrimary
FNDA:50,sinkSecondary
FNDA:5,disconnectExtRefs
FNDA:8,(anonymous_34)
FNDA:56,(anonymous_35)
FNDA:8,(anonymous_36)
FNDA:8,(anonymous_37)
FNDA:24,(anonymous_38)
FNDA:7,(anonymous_39)
FNDA:3,(anonymous_40)
FNDA:2,(anonymous_41)
FNDA:16,(anonymous_42)
FNDA:5,(anonymous_43)
FNDA:2,findIEDNameTarget
FNDA:10,(anonymous_45)
FNDA:8,disconnect
FNDA:5,(anonymous_47)
FNDA:9,(anonymous_48)
FNDA:9,(anonymous_49)
FNDA:9,(anonymous_50)
FNDA:9,(anonymous_51)
FNDA:1,(anonymous_52)
FNDA:5,(anonymous_53)
FNDA:20,openCommunicationMappingWizard
FNDA:0,(anonymous_55)
FNDA:0,(anonymous_56)
FNDA:8,cbConnectionWizard
FNDA:50,(anonymous_58)
FNDA:42,getSinkReferences
FNDA:229,(anonymous_60)
FNDA:40,getSourceReferences
FNDA:769,(anonymous_62)
FNDA:769,(anonymous_63)
FNDA:45,openCreateConnection
FNDA:12,(anonymous_65)
FNDA:12,(anonymous_66)
FNDA:36,communicationMappingWizard
FNDA:217,(anonymous_68)
FNDA:146,(anonymous_69)
FNDA:712,(anonymous_70)
FNDA:712,(anonymous_71)
FNDA:146,(anonymous_72)
FNDA:8,(anonymous_73)
FNDA:25,(anonymous_74)
DA:25,135
DA:27,135
DA:31,147
DA:33,147
DA:37,9
DA:38,1
DA:41,8
DA:42,8
DA:43,7
DA:46,1
DA:47,1
DA:51,0
DA:55,6
DA:56,3
DA:63,18
DA:65,3
DA:66,3
DA:67,3
DA:68,3
DA:69,3
DA:71,3
DA:72,0
DA:80,0
DA:83,3
DA:84,3
DA:88,3
DA:89,3
DA:97,3
DA:100,0
DA:101,0
DA:107,0
DA:112,3
DA:116,9
DA:118,6
DA:122,6
DA:125,6
DA:127,6
DA:128,6
DA:130,6
DA:131,6
DA:132,6
DA:133,6
DA:135,6
DA:137,6
DA:138,3
DA:141,3
DA:144,6
DA:145,6
DA:150,3
DA:158,3
DA:169,6
DA:171,6
DA:179,9
DA:206,9
DA:210,9
DA:213,18
DA:219,36
DA:225,9
DA:228,18
DA:249,9
DA:261,108
DA:272,18
DA:285,9
DA:287,9
DA:295,9
DA:302,9
DA:304,9
DA:305,9
DA:310,12
DA:332,36
DA:341,9
DA:349,9
DA:354,36
DA:377,50
DA:381,50
DA:391,50
DA:395,5
DA:396,5
DA:397,8
DA:405,56
DA:407,8
DA:409,1
DA:419,1
DA:428,7
DA:439,5
DA:440,5
DA:441,8
DA:442,8
DA:443,8
DA:444,8
DA:445,8
DA:446,8
DA:447,24
DA:449,8
DA:451,7
DA:459,8
DA:460,3
DA:465,5
DA:466,5
DA:467,2
DA:469,2
DA:471,2
DA:472,2
DA:473,16
DA:476,5
DA:477,2
DA:478,1
DA:487,5
DA:491,2
DA:492,2
DA:498,10
DA:499,2
DA:500,2
DA:502,2
DA:503,2
DA:504,2
DA:509,2
DA:510,2
DA:512,2
DA:514,2
DA:521,8
DA:523,5
DA:526,5
DA:527,9
DA:529,5
DA:530,9
DA:532,9
DA:534,5
DA:535,9
DA:537,5
DA:538,1
DA:547,5
DA:549,5
DA:556,20
DA:566,8
DA:583,50
DA:600,42
DA:602,229
DA:606,40
DA:607,769
DA:608,769
DA:612,45
DA:613,12
DA:620,36
DA:621,36
DA:622,36
DA:624,36
DA:625,217
DA:627,146
DA:628,146
DA:630,146
DA:631,146
DA:632,146
DA:633,146
DA:636,36
DA:637,712
DA:638,712
DA:639,712
DA:641,712
DA:642,712
DA:643,712
DA:645,712
DA:646,0
DA:647,0
DA:648,0
DA:652,36
DA:665,146
DA:666,146
DA:667,146
DA:672,8
DA:683,8
DA:708,25
LF:172
LH:163
BRDA:25,0,0,0
BRDA:25,0,1,135
BRDA:27,1,0,135
BRDA:27,1,1,0
BRDA:31,2,0,0
BRDA:31,2,1,147
BRDA:33,3,0,147
BRDA:33,3,1,0
BRDA:37,4,0,1
BRDA:37,4,1,8
BRDA:41,5,0,8
BRDA:41,5,1,0
BRDA:42,6,0,7
BRDA:42,6,1,1
BRDA:46,7,0,1
BRDA:46,7,1,0
BRDA:66,8,0,0
BRDA:66,8,1,3
BRDA:71,9,0,0
BRDA:71,9,1,3
BRDA:72,10,0,0
BRDA:72,10,1,0
BRDA:73,11,0,0
BRDA:73,11,1,0
BRDA:73,11,2,0
BRDA:73,11,3,0
BRDA:73,11,4,0
BRDA:73,11,5,0
BRDA:76,12,0,0
BRDA:76,12,1,0
BRDA:76,13,0,0
BRDA:76,13,1,0
BRDA:78,14,0,0
BRDA:78,14,1,0
BRDA:78,15,0,0
BRDA:78,15,1,0
BRDA:83,16,0,3
BRDA:83,16,1,0
BRDA:84,17,0,3
BRDA:84,17,1,0
BRDA:89,18,0,3
BRDA:89,18,1,0
BRDA:90,19,0,3
BRDA:90,19,1,3
BRDA:90,19,2,3
BRDA:90,19,3,0
BRDA:90,19,4,3
BRDA:90,19,5,3
BRDA:90,19,6,3
BRDA:93,20,0,3
BRDA:93,20,1,0
BRDA:93,21,0,3
BRDA:93,21,1,0
BRDA:95,22,0,3
BRDA:95,22,1,0
BRDA:95,23,0,3
BRDA:95,23,1,0
BRDA:100,24,0,0
BRDA:100,24,1,0
BRDA:101,25,0,0
BRDA:101,25,1,0
BRDA:102,26,0,0
BRDA:102,26,1,0
BRDA:102,26,2,0
BRDA:102,26,3,0
BRDA:137,27,0,3
BRDA:137,27,1,3
BRDA:145,28,0,3
BRDA:145,28,1,3
BRDA:146,29,0,6
BRDA:146,29,1,6
BRDA:146,29,2,3
BRDA:151,30,0,3
BRDA:151,30,1,0
BRDA:152,31,0,3
BRDA:152,31,1,0
BRDA:153,32,0,3
BRDA:153,32,1,1
BRDA:154,33,0,3
BRDA:154,33,1,1
BRDA:155,34,0,3
BRDA:155,34,1,0
BRDA:156,35,0,3
BRDA:156,35,1,0
BRDA:182,36,0,9
BRDA:182,36,1,0
BRDA:285,37,0,9
BRDA:285,37,1,0
BRDA:296,38,0,9
BRDA:296,38,1,0
BRDA:297,39,0,9
BRDA:297,39,1,0
BRDA:320,40,0,12
BRDA:320,40,1,0
BRDA:330,41,0,12
BRDA:330,41,1,0
BRDA:352,42,0,12
BRDA:352,42,1,0
BRDA:377,43,0,50
BRDA:377,43,1,11
BRDA:379,44,0,50
BRDA:379,44,1,3
BRDA:382,45,0,12
BRDA:382,45,1,38
BRDA:387,46,0,38
BRDA:387,46,1,0
BRDA:391,47,0,12
BRDA:391,47,1,38
BRDA:391,48,0,38
BRDA:391,48,1,0
BRDA:407,49,0,1
BRDA:407,49,1,7
BRDA:445,50,0,8
BRDA:445,50,1,8
BRDA:451,51,0,7
BRDA:451,51,1,7
BRDA:451,51,2,7
BRDA:451,51,3,3
BRDA:451,51,4,3
BRDA:451,51,5,3
BRDA:452,52,0,7
BRDA:452,52,1,0
BRDA:453,53,0,7
BRDA:453,53,1,0
BRDA:454,54,0,3
BRDA:454,54,1,2
BRDA:455,55,0,3
BRDA:455,55,1,0
BRDA:456,56,0,3
BRDA:456,56,1,2
BRDA:471,57,0,2
BRDA:471,57,1,0
BRDA:477,58,0,1
BRDA:477,58,1,1
BRDA:491,59,0,2
BRDA:491,59,1,0
BRDA:500,60,0,0
BRDA:500,60,1,2
BRDA:502,61,0,2
BRDA:502,61,1,0
BRDA:503,62,0,2
BRDA:503,62,1,0
BRDA:505,63,0,2
BRDA:505,63,1,0
BRDA:506,64,0,0
BRDA:506,64,1,2
BRDA:509,65,0,1
BRDA:509,65,1,1
BRDA:510,66,0,1
BRDA:510,66,1,1
BRDA:588,67,0,12
BRDA:588,67,1,38
BRDA:631,68,0,39
BRDA:631,68,1,107
BRDA:637,69,0,712
BRDA:637,69,1,0
BRDA:642,70,0,107
BRDA:642,70,1,605
BRDA:645,71,0,0
BRDA:645,71,1,712
BRDA:647,72,0,0
BRDA:647,72,1,0
BRDA:659,73,0,36
BRDA:659,73,1,0
BRF:164
BRH:96
end_of_record
TN:
SF:src/triggered/SubscriberInfo.ts
FN:9,getElementIndexOf
FN:15,addIEDName
FN:31,(anonymous_2)
FN:51,getDestination
FN:84,createMissingIEDNameSubscriberInfo
FN:94,(anonymous_5)
FN:108,(anonymous_6)
FN:109,(anonymous_7)
FN:110,(anonymous_8)
FN:113,(anonymous_9)
FN:114,(anonymous_10)
FN:115,(anonymous_11)
FN:117,(anonymous_12)
FN:130,(anonymous_13)
FNF:14
FNH:13
FNDA:4,getElementIndexOf
FNDA:6,addIEDName
FNDA:4,(anonymous_2)
FNDA:7,getDestination
FNDA:1,createMissingIEDNameSubscriberInfo
FNDA:3,(anonymous_5)
FNDA:7,(anonymous_6)
FNDA:12,(anonymous_7)
FNDA:12,(anonymous_8)
FNDA:6,(anonymous_9)
FNDA:6,(anonymous_10)
FNDA:4,(anonymous_11)
FNDA:2,(anonymous_12)
FNDA:0,(anonymous_13)
DA:10,4
DA:12,0
DA:16,6
DA:17,0
DA:18,6
DA:20,6
DA:21,6
DA:23,6
DA:24,6
DA:26,6
DA:27,6
DA:29,6
DA:32,4
DA:38,2
DA:40,4
DA:46,4
DA:48,4
DA:52,7
DA:56,0
DA:59,7
DA:62,7
DA:64,7
DA:72,7
DA:76,7
DA:87,1
DA:93,1
DA:94,1
DA:95,3
DA:96,1
DA:98,2
DA:99,2
DA:107,2
DA:108,7
DA:109,12
DA:110,12
DA:112,2
DA:113,6
DA:114,6
DA:115,4
DA:117,2
DA:118,2
DA:124,1
DA:131,0
DA:135,0
DA:136,0
DA:141,0
DA:152,0
LF:47
LH:39
BRDA:10,0,0,4
BRDA:10,0,1,0
BRDA:16,1,0,0
BRDA:16,1,1,6
BRDA:20,2,0,0
BRDA:20,2,1,6
BRDA:23,3,0,0
BRDA:23,3,1,6
BRDA:26,4,0,0
BRDA:26,4,1,6
BRDA:29,5,0,2
BRDA:29,5,1,4
BRDA:32,6,0,4
BRDA:32,6,1,4
BRDA:32,6,2,2
BRDA:32,6,3,2
BRDA:52,7,0,0
BRDA:52,7,1,7
BRDA:62,8,0,0
BRDA:62,8,1,7
BRDA:73,9,0,2
BRDA:73,9,1,5
BRDA:95,10,0,1
BRDA:95,10,1,2
BRDA:95,11,0,3
BRDA:95,11,1,2
BRDA:135,12,0,0
BRDA:135,12,1,0
BRF:28
BRH:19
end_of_record
TN:
SF:src/triggered/UpdateSubstation.ts
FN:12,isValidReference
FN:43,(anonymous_1)
FN:74,(anonymous_2)
FN:85,(anonymous_3)
FN:89,(anonymous_4)
FN:100,(anonymous_5)
FN:109,(anonymous_6)
FN:124,(anonymous_7)
FN:128,(anonymous_8)
FN:129,(anonymous_9)
FNF:10
FNH:3
FNDA:6,isValidReference
FNDA:1,(anonymous_1)
FNDA:2,(anonymous_2)
FNDA:0,(anonymous_3)
FNDA:0,(anonymous_4)
FNDA:0,(anonymous_5)
FNDA:0,(anonymous_6)
FNDA:0,(anonymous_7)
FNDA:0,(anonymous_8)
FNDA:0,(anonymous_9)
DA:16,6
DA:17,3
DA:19,3
DA:21,3
DA:27,1
DA:34,1
DA:43,1
DA:55,2
DA:63,2
DA:74,2
DA:83,1
DA:87,0
DA:88,0
DA:89,0
DA:90,0
DA:92,0
DA:101,0
DA:110,0
DA:121,0
DA:125,0
DA:129,0
DA:130,0
DA:135,1
LF:23
LH:12
BRDA:16,0,0,3
BRDA:16,0,1,3
BRDA:19,1,0,0
BRDA:19,1,1,3
BRDA:19,2,0,3
BRDA:19,2,1,3
BRDA:21,3,0,1
BRDA:21,3,1,2
BRDA:29,4,0,1
BRDA:29,4,1,0
BRDA:31,5,0,1
BRDA:31,5,1,0
BRDA:58,6,0,2
BRDA:58,6,1,0
BRDA:59,7,0,0
BRDA:59,7,1,2
BRDA:60,8,0,2
BRDA:60,8,1,0
BRDA:87,9,0,0
BRDA:87,9,1,0
BRDA:88,10,0,0
BRDA:88,10,1,0
BRDA:102,11,0,0
BRDA:102,11,1,0
BRDA:103,12,0,0
BRDA:103,12,1,0
BRDA:103,13,0,0
BRDA:103,13,1,0
BRDA:110,14,0,0
BRDA:110,14,1,0
BRDA:110,14,2,0
BRDA:110,14,3,0
BRF:32
BRH:12
end_of_record
