TN:
SF:public/ace/mode-xml.js
FN:1,s
FN:1,embedTagRules
FN:1,u
FN:1,a
FN:1,l
FN:1,t.FoldMode
FN:1,f
FN:1,getFoldWidget
FN:1,getCommentFoldWidget
FN:1,_getFirstTagInLine
FN:1,_findEndTagInLine
FN:1,_readTagForward
FN:1,_readTagBackward
FN:1,_pop
FN:1,getFoldWidgetRange
FN:1,l
FN:1,createWorker
FNF:17
FNH:5
FNDA:1,s
FNDA:0,embedTagRules
FNDA:0,u
FNDA:1,a
FNDA:0,l
FNDA:1,t.FoldMode
FNDA:0,f
FNDA:0,getFoldWidget
FNDA:0,getCommentFoldWidget
FNDA:0,_getFirstTagInLine
FNDA:0,_findEndTagInLine
FNDA:0,_readTagForward
FNDA:0,_readTagBackward
FNDA:0,_pop
FNDA:0,getFoldWidgetRange
FNDA:1,l
FNDA:1,createWorker
DA:1,1
DA:2,1
DA:3,1
DA:4,0
DA:5,0
DA:6,1
DA:7,1
LF:7
LH:5
BRDA:1,0,0,1
BRDA:1,1,0,1
BRDA:1,2,0,1
BRDA:1,3,0,1
BRDA:1,4,0,1
BRDA:1,5,0,1
BRDA:1,6,0,1
BRDA:1,7,0,1
BRDA:1,8,0,1
BRDA:1,9,0,1
BRDA:1,10,0,1
BRDA:1,11,0,1
BRDA:1,12,0,1
BRDA:1,13,0,1
BRDA:1,14,0,1
BRDA:1,15,0,1
BRDA:2,16,0,1
BRDA:3,17,0,0
BRDA:3,18,0,0
BRDA:3,19,0,0
BRF:20
BRH:17
end_of_record
TN:
SF:public/js/plugins.js
FNF:0
FNH:0
DA:1,5
DA:2,5
DA:3,5
DA:4,5
DA:5,5
DA:6,5
DA:7,5
DA:8,5
DA:9,5
DA:10,5
DA:11,5
DA:12,5
DA:13,5
DA:14,5
DA:15,5
DA:16,5
DA:17,5
DA:18,5
DA:19,5
DA:20,5
DA:21,5
DA:22,5
DA:23,5
DA:24,5
DA:25,5
DA:26,5
DA:27,5
DA:28,5
DA:29,5
DA:30,5
DA:31,5
DA:32,5
DA:33,5
DA:34,5
DA:35,5
DA:36,5
DA:37,5
DA:38,5
DA:39,5
DA:40,5
DA:41,5
DA:42,5
DA:43,5
DA:44,5
DA:45,5
DA:46,5
DA:47,5
DA:48,5
DA:49,5
DA:50,5
DA:51,5
DA:52,5
DA:53,5
DA:54,5
DA:55,5
DA:56,5
DA:57,5
DA:58,5
DA:59,5
DA:60,5
DA:61,5
DA:62,5
DA:63,5
DA:64,5
DA:65,5
DA:66,5
DA:67,5
DA:68,5
DA:69,5
DA:70,5
DA:71,5
DA:72,5
DA:73,5
DA:74,5
DA:75,5
DA:76,5
DA:77,5
DA:78,5
DA:79,5
DA:80,5
DA:81,5
DA:82,5
DA:83,5
DA:84,5
DA:85,5
DA:86,5
DA:87,5
DA:88,5
DA:89,5
DA:90,5
DA:91,5
DA:92,5
DA:93,5
DA:94,5
DA:95,5
DA:96,5
DA:97,5
DA:98,5
DA:99,5
DA:100,5
DA:101,5
DA:102,5
DA:103,5
DA:104,5
DA:105,5
DA:106,5
DA:107,5
DA:108,5
DA:109,5
DA:110,5
DA:111,5
DA:112,5
DA:113,5
DA:114,5
DA:115,5
DA:116,5
DA:117,5
DA:118,5
DA:119,5
DA:120,5
DA:121,5
DA:122,5
DA:123,5
DA:124,5
DA:125,5
DA:126,5
DA:127,5
DA:128,5
DA:129,5
DA:130,5
DA:131,5
DA:132,5
DA:133,5
DA:134,5
DA:135,5
DA:136,5
DA:137,5
DA:138,5
DA:139,5
DA:140,5
DA:141,5
DA:142,5
DA:143,5
DA:144,5
DA:145,5
DA:146,5
DA:147,5
DA:148,5
DA:149,5
DA:150,5
DA:151,5
DA:152,5
DA:153,5
DA:154,5
DA:155,5
DA:156,5
DA:157,5
DA:158,5
DA:159,5
DA:160,5
DA:161,5
DA:162,5
DA:163,5
DA:164,5
DA:165,5
DA:166,5
DA:167,5
DA:168,5
DA:169,5
DA:170,5
DA:171,5
DA:172,5
DA:173,5
DA:174,5
DA:175,5
DA:176,5
DA:177,5
DA:178,5
DA:179,5
DA:180,5
DA:181,5
DA:182,5
DA:183,5
DA:184,5
DA:185,5
DA:186,5
DA:187,5
DA:188,5
DA:189,5
DA:190,5
DA:191,5
DA:192,5
DA:193,5
DA:194,5
DA:195,5
DA:196,5
DA:197,5
DA:198,5
DA:199,5
DA:200,5
DA:201,5
DA:202,5
DA:203,5
DA:204,5
DA:205,5
DA:206,5
DA:207,5
DA:208,5
DA:209,5
DA:210,5
DA:211,5
DA:212,5
DA:213,5
DA:214,5
DA:215,5
DA:216,5
DA:217,5
DA:218,5
DA:219,5
DA:220,5
DA:221,5
DA:222,5
DA:223,5
DA:224,5
DA:225,5
DA:226,5
DA:227,5
DA:228,5
LF:228
LH:228
BRDA:1,0,0,2
BRF:1
BRH:1
end_of_record
TN:
SF:src/Editing.ts
FN:34,Editing
FN:458,EditingElement
FN:114,onCreate
FN:132,logCreate
FN:147,onDelete
FN:157,logDelete
FN:172,checkMoveValidity
FN:202,onMove
FN:218,logMove
FN:230,checkReplaceValidity
FN:295,onReplace
FN:303,logUpdate
FN:319,checkUpdateValidity
FN:377,onUpdate
FN:392,onSimpleAction
FN:400,logSimpleAction
FN:405,onAction
FN:438,onOpenDoc
FNF:18
FNH:18
FNDA:63,Editing
FNDA:63,EditingElement
FNDA:37,onCreate
FNDA:26,logCreate
FNDA:33,onDelete
FNDA:25,logDelete
FNDA:5,checkMoveValidity
FNDA:5,onMove
FNDA:5,logMove
FNDA:29,checkReplaceValidity
FNDA:29,onReplace
FNDA:21,logUpdate
FNDA:3,checkUpdateValidity
FNDA:3,onUpdate
FNDA:48,onSimpleAction
FNDA:37,logSimpleAction
FNDA:49,onAction
FNDA:2,onOpenDoc
DA:1,63
DA:2,63
DA:3,63
DA:4,63
DA:5,63
DA:6,63
DA:7,63
DA:8,63
DA:9,63
DA:10,63
DA:11,63
DA:12,63
DA:13,63
DA:14,63
DA:15,63
DA:16,63
DA:17,63
DA:18,63
DA:19,63
DA:20,63
DA:21,63
DA:22,63
DA:23,63
DA:24,63
DA:25,63
DA:26,63
DA:27,63
DA:28,63
DA:29,63
DA:30,63
DA:31,63
DA:32,63
DA:33,63
DA:34,63
DA:35,63
DA:36,63
DA:37,63
DA:38,63
DA:39,63
DA:40,63
DA:41,63
DA:42,63
DA:43,63
DA:44,63
DA:45,63
DA:46,62
DA:47,62
DA:48,62
DA:49,62
DA:50,63
DA:51,63
DA:52,62
DA:53,62
DA:54,62
DA:55,47
DA:56,47
DA:57,45
DA:58,44
DA:59,44
DA:60,63
DA:61,63
DA:62,63
DA:63,29
DA:64,29
DA:65,29
DA:66,29
DA:67,29
DA:68,29
DA:69,29
DA:70,29
DA:71,29
DA:72,26
DA:73,29
DA:74,29
DA:75,29
DA:76,29
DA:77,29
DA:78,29
DA:79,29
DA:80,29
DA:81,62
DA:82,62
DA:83,62
DA:84,62
DA:85,33
DA:86,33
DA:87,33
DA:88,33
DA:89,33
DA:90,33
DA:91,33
DA:92,33
DA:93,63
DA:94,63
DA:95,63
DA:96,27
DA:97,27
DA:98,27
DA:99,27
DA:100,27
DA:101,27
DA:102,27
DA:103,27
DA:104,27
DA:105,27
DA:106,27
DA:107,27
DA:108,27
DA:109,62
DA:110,62
DA:111,62
DA:112,63
DA:113,63
DA:114,63
DA:115,37
DA:116,37
DA:117,37
DA:118,37
DA:119,35
DA:120,35
DA:121,37
DA:122,37
DA:123,35
DA:124,35
DA:125,7
DA:126,7
DA:127,37
DA:128,37
DA:129,37
DA:130,63
DA:131,63
DA:132,63
DA:133,26
DA:134,26
DA:135,26
DA:136,1
DA:137,26
DA:138,26
DA:139,26
DA:140,26
DA:141,26
DA:142,26
DA:143,63
DA:144,63
DA:145,63
DA:146,63
DA:147,63
DA:148,33
DA:149,33
DA:150,33
DA:151,33
DA:152,33
DA:153,33
DA:154,33
DA:155,63
DA:156,63
DA:157,63
DA:158,25
DA:159,25
DA:160,25
DA:161,1
DA:162,25
DA:163,25
DA:164,25
DA:165,25
DA:166,25
DA:167,25
DA:168,63
DA:169,63
DA:170,63
DA:171,63
DA:172,63
DA:173,5
DA:174,5
DA:175,5
DA:176,5
DA:177,5
DA:178,2
DA:179,2
DA:180,2
DA:181,1
DA:182,5
DA:183,5
DA:184,5
DA:185,5
DA:186,0
DA:187,0
DA:188,0
DA:189,0
DA:190,0
DA:191,0
DA:192,0
DA:193,0
DA:194,0
DA:195,5
DA:196,5
DA:197,5
DA:198,5
DA:199,5
DA:200,63
DA:201,63
DA:202,63
DA:203,5
DA:204,5
DA:205,5
DA:206,5
DA:207,5
DA:208,5
DA:209,5
DA:210,2
DA:211,2
DA:212,5
DA:213,5
DA:214,5
DA:215,5
DA:216,63
DA:217,63
DA:218,63
DA:219,5
DA:220,5
DA:221,5
DA:222,5
DA:223,5
DA:224,5
DA:225,5
DA:226,63
DA:227,63
DA:228,63
DA:229,63
DA:230,63
DA:231,29
DA:232,29
DA:233,29
DA:234,29
DA:235,22
DA:236,22
DA:237,18
DA:238,18
DA:239,18
DA:240,18
DA:241,18
DA:242,29
DA:243,29
DA:244,29
DA:245,4
DA:246,4
DA:247,4
DA:248,4
DA:249,4
DA:250,4
DA:251,4
DA:252,4
DA:253,4
DA:254,4
DA:255,4
DA:256,4
DA:257,4
DA:258,4
DA:259,4
DA:260,29
DA:261,29
DA:262,29
DA:263,29
DA:264,5
DA:265,5
DA:266,5
DA:267,5
DA:268,5
DA:269,5
DA:270,5
DA:271,5
DA:272,5
DA:273,5
DA:274,29
DA:275,29
DA:276,29
DA:277,1
DA:278,1
DA:279,1
DA:280,1
DA:281,1
DA:282,1
DA:283,1
DA:284,1
DA:285,1
DA:286,1
DA:287,1
DA:288,1
DA:289,1
DA:290,29
DA:291,29
DA:292,29
DA:293,63
DA:294,63
DA:295,63
DA:296,29
DA:297,29
DA:298,29
DA:299,29
DA:300,29
DA:301,63
DA:302,63
DA:303,63
DA:304,21
DA:305,21
DA:306,2
DA:307,21
DA:308,21
DA:309,21
DA:310,21
DA:311,21
DA:312,21
DA:313,21
DA:314,21
DA:315,63
DA:316,63
DA:317,63
DA:318,63
DA:319,63
DA:320,3
DA:321,3
DA:322,3
DA:323,3
DA:324,3
DA:325,3
DA:326,3
DA:327,3
DA:328,3
DA:329,3
DA:330,3
DA:331,3
DA:332,1
DA:333,1
DA:334,1
DA:335,1
DA:336,1
DA:337,1
DA:338,1
DA:339,1
DA:340,1
DA:341,1
DA:342,1
DA:343,1
DA:344,1
DA:345,1
DA:346,1
DA:347,3
DA:348,3
DA:349,3
DA:350,3
DA:351,3
DA:352,1
DA:353,1
DA:354,1
DA:355,1
DA:356,1
DA:357,3
DA:358,3
DA:359,1
DA:360,1
DA:361,1
DA:362,1
DA:363,1
DA:364,1
DA:365,1
DA:366,1
DA:367,1
DA:368,1
DA:369,1
DA:370,1
DA:371,1
DA:372,3
DA:373,3
DA:374,3
DA:375,63
DA:376,63
DA:377,63
DA:378,3
DA:379,3
DA:380,3
DA:381,3
DA:382,3
DA:383,3
DA:384,3
DA:385,3
DA:386,3
DA:387,3
DA:388,3
DA:389,3
DA:390,63
DA:391,63
DA:392,63
DA:393,48
DA:394,48
DA:395,40
DA:396,29
DA:397,3
DA:398,63
DA:399,63
DA:400,63
DA:401,37
DA:402,37
DA:403,31
DA:404,21
DA:405,2
DA:406,49
DA:407,49
DA:408,49
DA:409,49
DA:410,37
DA:411,37
DA:412,24
DA:413,23
DA:414,23
DA:415,23
DA:416,23
DA:417,23
DA:418,23
DA:419,23
DA:420,23
DA:421,2
DA:422,2
DA:423,2
DA:424,48
DA:425,48
DA:426,12
DA:427,12
DA:428,12
DA:429,12
DA:430,12
DA:431,12
DA:432,12
DA:433,12
DA:434,12
DA:435,12
DA:436,12
DA:437,12
DA:438,12
DA:439,2
DA:440,2
DA:441,2
DA:442,2
DA:443,2
DA:444,2
DA:445,2
DA:446,2
DA:447,1
DA:448,1
DA:449,1
DA:450,1
DA:451,1
DA:452,1
DA:453,1
DA:454,63
DA:455,63
DA:456,63
DA:457,63
DA:458,63
DA:459,63
DA:460,63
DA:461,63
DA:462,63
DA:463,63
DA:464,63
DA:465,63
DA:466,63
DA:467,63
LF:467
LH:458
BRDA:34,0,0,16
BRDA:458,1,0,63
BRDA:45,2,0,1
BRDA:71,3,0,1
BRDA:56,4,0,38
BRDA:90,5,0,8
BRDA:114,6,0,156
BRDA:132,7,0,28
BRDA:147,8,0,56
BRDA:157,9,0,27
BRDA:172,10,0,8
BRDA:173,11,0,1
BRDA:185,12,0,1
BRDA:179,13,0,3
BRDA:180,14,0,2
BRDA:202,15,0,8
BRDA:203,16,0,1
BRDA:206,17,0,2
BRDA:218,18,0,6
BRDA:230,19,0,85
BRDA:231,20,0,1
BRDA:237,21,0,1
BRDA:238,22,0,19
BRDA:271,23,0,6
BRDA:295,24,0,34
BRDA:303,25,0,24
BRDA:319,26,0,7
BRDA:320,27,0,1
BRDA:324,28,0,1
BRDA:326,29,0,4
BRDA:356,30,0,2
BRDA:377,31,0,5
BRDA:380,32,0,4
BRDA:384,33,0,4
BRDA:392,34,0,196
BRDA:400,35,0,148
BRDA:405,36,0,196
BRDA:425,37,0,2
BRDA:413,38,0,24
BRDA:45,39,0,16
BRDA:51,40,0,16
BRDA:62,41,0,16
BRDA:95,42,0,16
BRDA:115,43,0,156
BRDA:118,44,0,156
BRDA:119,45,0,156
BRDA:122,46,0,156
BRDA:126,47,0,156
BRDA:149,48,0,56
BRDA:151,49,0,56
BRDA:393,50,0,196
BRDA:395,51,0,196
BRDA:409,52,0,196
BRDA:420,53,0,196
BRDA:425,54,0,196
BRDA:236,55,0,85
BRDA:244,56,0,85
BRDA:263,57,0,85
BRDA:265,58,0,85
BRDA:276,59,0,85
BRDA:296,60,0,34
BRDA:394,61,0,196
BRDA:395,62,0,196
BRDA:396,63,0,196
BRDA:51,64,0,16
BRDA:54,65,0,16
BRDA:62,66,0,16
BRDA:84,67,0,16
BRDA:95,68,0,16
BRDA:124,69,0,156
BRDA:135,70,0,28
BRDA:160,71,0,27
BRDA:401,72,0,148
BRDA:403,73,0,148
BRDA:411,74,0,196
BRDA:394,75,0,196
BRDA:234,76,0,85
BRDA:305,77,0,24
BRDA:402,78,0,148
BRDA:404,79,0,148
BRDA:403,80,0,148
BRDA:331,81,0,7
BRDA:351,82,0,7
BRDA:358,83,0,7
BRDA:378,84,0,5
BRDA:438,85,0,16
BRDA:446,86,0,16
BRDA:412,87,0,196
BRDA:423,88,0,196
BRDA:402,89,0,148
BRDA:177,90,0,8
BRDA:209,91,0,8
BRDA:57,92,0,38
BRF:93
BRH:93
end_of_record
TN:
SF:src/Hosting.ts
FN:45,Hosting
FN:210,HostingElement
FN:71,action
FN:82,disabled
FN:92,action
FN:103,disabled
FN:113,action
FN:124,disabled
FN:134,action
FN:148,disabled
FN:166,disabled
FN:174,disabled
FN:182,action
FN:189,action
FN:197,action
FN:204,action
FN:234,renderMenuItem
FN:253,renderActionItem
FN:265,renderEditorTab
FN:270,render
FNF:20
FNH:14
FNDA:3,Hosting
FNDA:2,HostingElement
FNDA:0,action
FNDA:1,disabled
FNDA:0,action
FNDA:1,disabled
FNDA:0,action
FNDA:1,disabled
FNDA:0,action
FNDA:1,disabled
FNDA:2,disabled
FNDA:2,disabled
FNDA:1,action
FNDA:1,action
FNDA:0,action
FNDA:0,action
FNDA:2,renderMenuItem
FNDA:2,renderActionItem
FNDA:1,renderEditorTab
FNDA:2,render
DA:1,3
DA:2,3
DA:3,3
DA:4,3
DA:5,3
DA:6,3
DA:7,3
DA:8,3
DA:9,3
DA:10,3
DA:11,3
DA:12,3
DA:13,3
DA:14,3
DA:15,3
DA:16,3
DA:17,3
DA:18,3
DA:19,3
DA:20,3
DA:21,3
DA:22,3
DA:23,3
DA:24,3
DA:25,3
DA:26,3
DA:27,3
DA:28,3
DA:29,3
DA:30,3
DA:31,3
DA:32,3
DA:33,3
DA:34,3
DA:35,3
DA:36,3
DA:37,3
DA:38,3
DA:39,3
DA:40,3
DA:41,3
DA:42,3
DA:43,3
DA:44,3
DA:45,3
DA:46,3
DA:47,3
DA:48,3
DA:49,3
DA:50,3
DA:51,3
DA:52,3
DA:53,3
DA:54,3
DA:55,3
DA:56,3
DA:57,3
DA:58,3
DA:59,3
DA:60,3
DA:61,3
DA:62,3
DA:63,3
DA:64,3
DA:65,3
DA:66,3
DA:67,3
DA:68,2
DA:69,2
DA:70,2
DA:71,2
DA:72,1
DA:73,1
DA:74,1
DA:75,1
DA:76,1
DA:77,1
DA:78,1
DA:79,2
DA:80,2
DA:81,2
DA:82,2
DA:83,2
DA:84,2
DA:85,3
DA:86,3
DA:87,3
DA:88,3
DA:89,2
DA:90,2
DA:91,2
DA:92,2
DA:93,1
DA:94,1
DA:95,1
DA:96,1
DA:97,1
DA:98,1
DA:99,1
DA:100,2
DA:101,2
DA:102,2
DA:103,2
DA:104,2
DA:105,2
DA:106,3
DA:107,3
DA:108,3
DA:109,3
DA:110,2
DA:111,2
DA:112,2
DA:113,2
DA:114,1
DA:115,1
DA:116,1
DA:117,1
DA:118,1
DA:119,1
DA:120,1
DA:121,2
DA:122,2
DA:123,2
DA:124,2
DA:125,2
DA:126,2
DA:127,3
DA:128,3
DA:129,3
DA:130,3
DA:131,2
DA:132,2
DA:133,2
DA:134,2
DA:135,1
DA:136,1
DA:137,1
DA:138,1
DA:139,1
DA:140,1
DA:141,1
DA:142,1
DA:143,1
DA:144,1
DA:145,2
DA:146,2
DA:147,2
DA:148,2
DA:149,2
DA:150,2
DA:151,3
DA:152,3
DA:153,3
DA:154,3
DA:155,3
DA:156,3
DA:157,3
DA:158,3
DA:159,3
DA:160,3
DA:161,3
DA:162,3
DA:163,3
DA:164,3
DA:165,3
DA:166,3
DA:167,3
DA:168,3
DA:169,3
DA:170,3
DA:171,3
DA:172,3
DA:173,3
DA:174,3
DA:175,3
DA:176,3
DA:177,3
DA:178,3
DA:179,3
DA:180,3
DA:181,3
DA:182,3
DA:183,3
DA:184,3
DA:185,3
DA:186,3
DA:187,3
DA:188,3
DA:189,3
DA:190,3
DA:191,3
DA:192,3
DA:193,3
DA:194,3
DA:195,3
DA:196,3
DA:197,3
DA:198,3
DA:199,3
DA:200,3
DA:201,3
DA:202,3
DA:203,3
DA:204,3
DA:205,3
DA:206,3
DA:207,3
DA:208,3
DA:209,3
DA:210,3
DA:211,2
DA:212,2
DA:213,2
DA:214,0
DA:215,0
DA:216,0
DA:217,0
DA:218,0
DA:219,0
DA:220,0
DA:221,0
DA:222,0
DA:223,0
DA:224,0
DA:225,0
DA:226,0
DA:227,0
DA:228,0
DA:229,0
DA:230,0
DA:231,3
DA:232,3
DA:233,3
DA:234,3
DA:235,2
DA:236,2
DA:237,2
DA:238,2
DA:239,2
DA:240,2
DA:241,2
DA:242,2
DA:243,2
DA:244,2
DA:245,2
DA:246,0
DA:247,2
DA:248,2
DA:249,2
DA:250,3
DA:251,3
DA:252,3
DA:253,3
DA:254,2
DA:255,2
DA:256,2
DA:257,2
DA:258,2
DA:259,2
DA:260,2
DA:261,2
DA:262,2
DA:263,3
DA:264,3
DA:265,3
DA:266,1
DA:267,3
DA:268,3
DA:269,3
DA:270,3
DA:271,2
DA:272,2
DA:273,2
DA:274,2
DA:275,2
DA:276,2
DA:277,2
DA:278,2
DA:279,0
DA:280,2
DA:281,2
DA:282,2
DA:283,2
DA:284,1
DA:285,1
DA:286,1
DA:287,1
DA:288,1
DA:289,1
DA:290,2
DA:291,2
DA:292,2
DA:293,2
DA:294,2
DA:295,2
DA:296,2
DA:297,2
DA:298,2
DA:299,2
DA:300,2
DA:301,2
DA:302,2
DA:303,2
DA:304,2
DA:305,1
DA:306,1
DA:307,1
DA:308,1
DA:309,1
DA:310,1
DA:311,1
DA:312,2
DA:313,2
DA:314,2
DA:315,2
DA:316,1
DA:317,1
DA:318,1
DA:319,1
DA:320,1
DA:321,1
DA:322,1
DA:323,1
DA:324,1
DA:325,1
DA:326,0
DA:327,0
DA:328,0
DA:329,0
DA:330,0
DA:331,1
DA:332,1
DA:333,1
DA:334,1
DA:335,1
DA:336,2
DA:337,2
DA:338,2
DA:339,3
DA:340,3
DA:341,3
DA:342,3
LF:342
LH:318
BRDA:45,0,0,8
BRDA:210,1,0,3
BRDA:67,2,0,3
BRDA:69,3,0,2
BRDA:82,4,0,3
BRDA:88,5,0,3
BRDA:103,6,0,3
BRDA:109,7,0,3
BRDA:111,8,0,2
BRDA:124,9,0,3
BRDA:130,10,0,3
BRDA:132,11,0,2
BRDA:148,12,0,3
BRDA:166,13,0,3
BRDA:174,14,0,3
BRDA:182,15,0,3
BRDA:189,16,0,3
BRDA:234,17,0,3
BRDA:245,18,0,1
BRDA:253,19,0,3
BRDA:270,20,0,5
BRDA:278,21,0,1
BRDA:304,22,0,4
BRDA:315,23,0,2
BRDA:315,24,0,2
BRDA:283,25,0,3
BRDA:288,26,0,3
BRDA:300,27,0,3
BRDA:318,28,0,2
BRDA:319,29,0,2
BRDA:154,30,0,8
BRDA:155,31,0,8
BRDA:265,32,0,8
BRDA:266,33,0,8
BRDA:309,34,0,5
BRDA:316,35,0,5
BRDA:306,36,0,4
BRF:37
BRH:37
end_of_record
TN:
SF:src/Logging.ts
FN:46,getPluginName
FN:71,Logging
FN:188,LoggingElement
FN:92,get canRedo
FN:95,get previousAction
FN:103,get nextAction
FN:113,onIssue
FN:124,undo
FN:134,redo
FN:143,onLog
FN:178,performUpdate
FN:199,renderLogEntry
FN:228,renderHistory
FN:238,renderIssueEntry
FN:247,renderValidatorsIssues
FN:258,renderIssues
FN:275,renderFilterButtons
FN:284,render
FNF:18
FNH:18
FNDA:4,getPluginName
FNDA:8,Logging
FNDA:8,LoggingElement
FNDA:8,get canRedo
FNDA:2,get previousAction
FNDA:8,get nextAction
FNDA:4,onIssue
FNDA:2,undo
FNDA:2,redo
FNDA:6,onLog
FNDA:8,performUpdate
FNDA:6,renderLogEntry
FNDA:8,renderHistory
FNDA:4,renderIssueEntry
FNDA:4,renderValidatorsIssues
FNDA:8,renderIssues
FNDA:8,renderFilterButtons
FNDA:8,render
DA:1,8
DA:2,8
DA:3,8
DA:4,8
DA:5,8
DA:6,8
DA:7,8
DA:8,8
DA:9,8
DA:10,8
DA:11,8
DA:12,8
DA:13,8
DA:14,8
DA:15,8
DA:16,8
DA:17,8
DA:18,8
DA:19,8
DA:20,8
DA:21,8
DA:22,8
DA:23,8
DA:24,8
DA:25,8
DA:26,8
DA:27,8
DA:28,8
DA:29,8
DA:30,8
DA:31,8
DA:32,8
DA:33,8
DA:34,8
DA:35,8
DA:36,8
DA:37,8
DA:38,8
DA:39,8
DA:40,8
DA:41,8
DA:42,8
DA:43,8
DA:44,8
DA:45,8
DA:46,4
DA:47,4
DA:48,4
DA:49,4
DA:50,4
DA:51,4
DA:52,4
DA:53,2
DA:54,2
DA:55,2
DA:56,8
DA:57,8
DA:58,8
DA:59,8
DA:60,8
DA:61,8
DA:62,8
DA:63,8
DA:64,8
DA:65,8
DA:66,8
DA:67,8
DA:68,8
DA:69,8
DA:70,8
DA:71,8
DA:72,8
DA:73,8
DA:74,8
DA:75,8
DA:76,8
DA:77,8
DA:78,8
DA:79,8
DA:80,8
DA:81,8
DA:82,8
DA:83,8
DA:84,8
DA:85,8
DA:86,8
DA:87,8
DA:88,8
DA:89,8
DA:90,8
DA:91,8
DA:92,8
DA:93,8
DA:94,8
DA:95,8
DA:96,2
DA:97,2
DA:98,2
DA:99,2
DA:100,2
DA:101,2
DA:102,2
DA:103,2
DA:104,8
DA:105,8
DA:106,8
DA:107,8
DA:108,8
DA:109,8
DA:110,8
DA:111,8
DA:112,8
DA:113,8
DA:114,4
DA:115,4
DA:116,4
DA:117,2
DA:118,4
DA:119,4
DA:120,4
DA:121,4
DA:122,8
DA:123,8
DA:124,8
DA:125,2
DA:126,2
DA:127,2
DA:128,2
DA:129,2
DA:130,2
DA:131,2
DA:132,2
DA:133,8
DA:134,8
DA:135,2
DA:136,2
DA:137,2
DA:138,2
DA:139,2
DA:140,2
DA:141,8
DA:142,8
DA:143,8
DA:144,6
DA:145,1
DA:146,1
DA:147,1
DA:148,6
DA:149,6
DA:150,6
DA:151,6
DA:152,6
DA:153,6
DA:154,6
DA:155,6
DA:156,3
DA:157,3
DA:158,3
DA:159,3
DA:160,6
DA:161,6
DA:162,6
DA:163,6
DA:164,6
DA:165,6
DA:166,6
DA:167,6
DA:168,6
DA:169,6
DA:170,6
DA:171,6
DA:172,6
DA:173,6
DA:174,6
DA:175,4
DA:176,4
DA:177,6
DA:178,6
DA:179,8
DA:180,8
DA:181,8
DA:182,8
DA:183,8
DA:184,8
DA:185,8
DA:186,8
DA:187,8
DA:188,8
DA:189,8
DA:190,8
DA:191,8
DA:192,8
DA:193,8
DA:194,8
DA:195,8
DA:196,8
DA:197,8
DA:198,8
DA:199,8
DA:200,6
DA:201,6
DA:202,6
DA:203,6
DA:204,6
DA:205,6
DA:206,6
DA:207,6
DA:208,6
DA:209,6
DA:210,6
DA:211,6
DA:212,6
DA:213,6
DA:214,6
DA:215,6
DA:216,6
DA:217,6
DA:218,6
DA:219,6
DA:220,6
DA:221,6
DA:222,6
DA:223,8
DA:224,8
DA:225,8
DA:226,8
DA:227,8
DA:228,8
DA:229,8
DA:230,8
DA:231,8
DA:232,8
DA:233,8
DA:234,8
DA:235,8
DA:236,8
DA:237,8
DA:238,8
DA:239,4
DA:240,4
DA:241,4
DA:242,4
DA:243,8
DA:244,8
DA:245,8
DA:246,8
DA:247,8
DA:248,4
DA:249,4
DA:250,4
DA:251,4
DA:252,4
DA:253,4
DA:254,4
DA:255,8
DA:256,8
DA:257,8
DA:258,8
DA:259,8
DA:260,8
DA:261,8
DA:262,4
DA:263,4
DA:264,8
DA:265,8
DA:266,8
DA:267,8
DA:268,4
DA:269,8
DA:270,8
DA:271,8
DA:272,8
DA:273,8
DA:274,8
DA:275,8
DA:276,8
DA:277,8
DA:278,8
DA:279,8
DA:280,8
DA:281,8
DA:282,8
DA:283,8
DA:284,8
DA:285,8
DA:286,8
DA:287,8
DA:288,8
DA:289,8
DA:290,8
DA:291,8
DA:292,8
DA:293,8
DA:294,8
DA:295,8
DA:296,8
DA:297,8
DA:298,8
DA:299,8
DA:300,8
DA:301,8
DA:302,8
DA:303,8
DA:304,8
DA:305,8
DA:306,8
DA:307,8
DA:308,8
DA:309,8
DA:310,8
DA:311,8
DA:312,8
DA:313,8
DA:314,8
DA:315,8
DA:316,8
DA:317,8
DA:318,8
DA:319,8
DA:320,8
DA:321,8
DA:322,8
DA:323,8
DA:324,8
DA:325,8
DA:326,8
DA:327,8
DA:328,8
DA:329,8
DA:330,8
DA:331,8
DA:332,8
DA:333,8
DA:334,8
DA:335,8
DA:336,8
DA:337,8
DA:338,8
DA:339,8
DA:340,8
DA:341,8
DA:342,8
DA:343,8
DA:344,8
DA:345,8
DA:346,8
DA:347,8
DA:348,8
DA:349,8
DA:350,8
DA:351,8
DA:352,8
DA:353,8
DA:354,8
DA:355,8
DA:356,8
DA:357,8
DA:358,8
DA:359,8
DA:360,8
DA:361,8
DA:362,8
DA:363,8
DA:364,8
DA:365,8
DA:366,8
DA:367,8
DA:368,8
DA:369,8
DA:370,8
DA:371,8
DA:372,8
DA:373,8
DA:374,8
DA:375,8
DA:376,8
DA:377,8
DA:378,8
DA:379,8
DA:380,8
DA:381,8
DA:382,8
DA:383,8
DA:384,8
DA:385,8
DA:386,8
DA:387,8
DA:388,8
DA:389,8
DA:390,8
DA:391,8
DA:392,8
DA:393,8
DA:394,8
DA:395,8
DA:396,8
DA:397,8
DA:398,8
DA:399,8
DA:400,8
DA:401,8
DA:402,8
DA:403,8
DA:404,8
DA:405,8
DA:406,8
DA:407,8
DA:408,8
DA:409,8
DA:410,8
DA:411,8
DA:412,8
DA:413,8
DA:414,8
DA:415,8
DA:416,8
DA:417,8
DA:418,8
DA:419,8
DA:420,8
DA:421,8
DA:422,8
DA:423,8
DA:424,8
DA:425,8
DA:426,8
DA:427,8
DA:428,8
DA:429,8
DA:430,8
DA:431,8
DA:432,8
DA:433,8
DA:434,8
DA:435,8
DA:436,8
DA:437,8
DA:438,8
DA:439,8
DA:440,8
DA:441,8
DA:442,8
DA:443,8
LF:443
LH:443
BRDA:46,0,0,9
BRDA:52,1,0,2
BRDA:71,2,0,2
BRDA:188,3,0,8
BRDA:92,4,0,8
BRDA:95,5,0,4
BRDA:102,6,0,3
BRDA:103,7,0,9
BRDA:108,8,0,8
BRDA:113,9,0,4
BRDA:116,10,0,2
BRDA:124,11,0,4
BRDA:134,12,0,4
BRDA:143,13,0,12
BRDA:178,14,0,8
BRDA:182,15,0,8
BRDA:183,16,0,8
BRDA:199,17,0,6
BRDA:228,18,0,13
BRDA:238,19,0,4
BRDA:247,20,0,4
BRDA:248,21,0,0
BRDA:254,22,0,4
BRDA:258,23,0,11
BRDA:261,24,0,8
BRDA:262,25,0,8
BRDA:275,26,0,8
BRDA:277,27,0,8
BRDA:284,28,0,20
BRDA:386,29,0,8
BRDA:397,30,0,8
BRDA:414,31,0,8
BRDA:420,32,0,8
BRDA:434,33,0,8
BRDA:109,34,0,9
BRDA:144,35,0,12
BRDA:155,36,0,12
BRDA:99,37,0,4
BRDA:125,38,0,4
BRDA:135,39,0,4
BRDA:158,40,0,12
BRDA:174,41,0,12
BRDA:267,42,0,11
BRDA:397,43,0,20
BRDA:414,44,0,20
BRDA:428,45,0,20
BRDA:386,46,0,20
BRDA:230,47,0,13
BRDA:48,48,0,9
BRDA:52,49,0,9
BRDA:55,50,0,2
BRDA:49,51,0,9
BRDA:156,52,0,12
BRF:53
BRH:52
end_of_record
TN:
SF:src/Plugging.ts
FN:35,pluginTag
FN:74,staticTagHtml
FN:122,withoutContent
FN:128,storePlugins
FN:141,resetPlugins
FN:161,menuCompare
FN:169,compareNeedsDoc
FN:179,Plugging
FN:182,get editors
FN:188,get validators
FN:193,get menuEntries
FN:198,get topMenu
FN:202,get middleMenu
FN:205,get bottomMenu
FN:208,get plugins
FN:224,get storedPlugins
FN:242,setPlugins
FN:250,updatePlugins
FN:273,addExternalPlugin
FN:281,addContent
FN:305,handleAddPlugin
FN:347,PluggingElement
FN:354,renderDownloadUI
FN:449,renderPluginKind
FN:472,renderPluginUI
FN:559,render
FNF:26
FNH:26
FNDA:3,pluginTag
FNDA:3,staticTagHtml
FNDA:3,withoutContent
FNDA:3,storePlugins
FNDA:1,resetPlugins
FNDA:3,menuCompare
FNDA:3,compareNeedsDoc
FNDA:4,Plugging
FNDA:2,get editors
FNDA:3,get validators
FNDA:3,get menuEntries
FNDA:2,get topMenu
FNDA:2,get middleMenu
FNDA:2,get bottomMenu
FNDA:3,get plugins
FNDA:3,get storedPlugins
FNDA:3,setPlugins
FNDA:3,updatePlugins
FNDA:1,addExternalPlugin
FNDA:3,addContent
FNDA:1,handleAddPlugin
FNDA:3,PluggingElement
FNDA:3,renderDownloadUI
FNDA:3,renderPluginKind
FNDA:3,renderPluginUI
FNDA:3,render
DA:1,4
DA:2,4
DA:3,4
DA:4,4
DA:5,4
DA:6,4
DA:7,4
DA:8,4
DA:9,4
DA:10,4
DA:11,4
DA:12,4
DA:13,4
DA:14,4
DA:15,4
DA:16,4
DA:17,4
DA:18,4
DA:19,4
DA:20,4
DA:21,4
DA:22,4
DA:23,4
DA:24,4
DA:25,4
DA:26,4
DA:27,4
DA:28,4
DA:29,4
DA:30,4
DA:31,4
DA:32,4
DA:33,4
DA:34,4
DA:35,3
DA:36,3
DA:37,3
DA:38,3
DA:39,3
DA:40,3
DA:41,3
DA:42,3
DA:43,3
DA:44,3
DA:45,3
DA:46,3
DA:47,3
DA:48,3
DA:49,3
DA:50,3
DA:51,3
DA:52,3
DA:53,3
DA:54,3
DA:55,3
DA:56,3
DA:57,3
DA:58,4
DA:59,4
DA:60,4
DA:61,4
DA:62,4
DA:63,4
DA:64,4
DA:65,4
DA:66,4
DA:67,4
DA:68,4
DA:69,4
DA:70,4
DA:71,4
DA:72,4
DA:73,4
DA:74,3
DA:75,3
DA:76,3
DA:77,3
DA:78,3
DA:79,3
DA:80,3
DA:81,3
DA:82,3
DA:83,3
DA:84,0
DA:85,3
DA:86,3
DA:87,3
DA:88,3
DA:89,3
DA:90,3
DA:91,3
DA:92,3
DA:93,3
DA:94,3
DA:95,3
DA:96,3
DA:97,3
DA:98,4
DA:99,4
DA:100,4
DA:101,4
DA:102,4
DA:103,4
DA:104,4
DA:105,4
DA:106,4
DA:107,4
DA:108,4
DA:109,4
DA:110,4
DA:111,4
DA:112,4
DA:113,4
DA:114,4
DA:115,4
DA:116,4
DA:117,4
DA:118,4
DA:119,4
DA:120,4
DA:121,4
DA:122,3
DA:123,3
DA:124,3
DA:125,3
DA:126,4
DA:127,4
DA:128,3
DA:129,3
DA:130,4
DA:131,4
DA:132,4
DA:133,4
DA:134,4
DA:135,4
DA:136,4
DA:137,4
DA:138,4
DA:139,4
DA:140,4
DA:141,1
DA:142,1
DA:143,1
DA:144,1
DA:145,1
DA:146,1
DA:147,1
DA:148,4
DA:149,4
DA:150,4
DA:151,4
DA:152,4
DA:153,4
DA:154,4
DA:155,4
DA:156,4
DA:157,4
DA:158,4
DA:159,4
DA:160,4
DA:161,3
DA:162,3
DA:163,3
DA:164,3
DA:165,3
DA:166,3
DA:167,4
DA:168,4
DA:169,3
DA:170,3
DA:171,3
DA:172,4
DA:173,4
DA:174,4
DA:175,4
DA:176,4
DA:177,4
DA:178,4
DA:179,4
DA:180,4
DA:181,4
DA:182,4
DA:183,2
DA:184,2
DA:185,2
DA:186,2
DA:187,2
DA:188,2
DA:189,3
DA:190,3
DA:191,3
DA:192,3
DA:193,3
DA:194,3
DA:195,3
DA:196,3
DA:197,3
DA:198,3
DA:199,2
DA:200,2
DA:201,2
DA:202,2
DA:203,2
DA:204,2
DA:205,2
DA:206,2
DA:207,2
DA:208,2
DA:209,3
DA:210,3
DA:211,3
DA:212,3
DA:213,3
DA:214,3
DA:215,3
DA:216,3
DA:217,3
DA:218,3
DA:219,3
DA:220,3
DA:221,3
DA:222,3
DA:223,3
DA:224,3
DA:225,3
DA:226,3
DA:227,3
DA:228,3
DA:229,3
DA:230,3
DA:231,4
DA:232,4
DA:233,4
DA:234,4
DA:235,4
DA:236,4
DA:237,4
DA:238,4
DA:239,4
DA:240,4
DA:241,4
DA:242,4
DA:243,3
DA:244,3
DA:245,3
DA:246,3
DA:247,3
DA:248,4
DA:249,4
DA:250,4
DA:251,3
DA:252,3
DA:253,3
DA:254,3
DA:255,3
DA:256,3
DA:257,2
DA:258,2
DA:259,2
DA:260,2
DA:261,3
DA:262,3
DA:263,3
DA:264,3
DA:265,3
DA:266,3
DA:267,3
DA:268,3
DA:269,3
DA:270,3
DA:271,4
DA:272,4
DA:273,4
DA:274,1
DA:275,1
DA:276,1
DA:277,1
DA:278,1
DA:279,4
DA:280,4
DA:281,4
DA:282,3
DA:283,3
DA:284,3
DA:285,3
DA:286,3
DA:287,3
DA:288,3
DA:289,3
DA:290,3
DA:291,3
DA:292,3
DA:293,3
DA:294,3
DA:295,3
DA:296,3
DA:297,3
DA:298,3
DA:299,3
DA:300,3
DA:301,3
DA:302,4
DA:303,4
DA:304,4
DA:305,4
DA:306,1
DA:307,1
DA:308,1
DA:309,1
DA:310,1
DA:311,1
DA:312,1
DA:313,1
DA:314,1
DA:315,1
DA:316,1
DA:317,1
DA:318,1
DA:319,1
DA:320,1
DA:321,1
DA:322,1
DA:323,1
DA:324,1
DA:325,1
DA:326,1
DA:327,1
DA:328,1
DA:329,1
DA:330,1
DA:331,1
DA:332,1
DA:333,1
DA:334,1
DA:335,1
DA:336,1
DA:337,1
DA:338,1
DA:339,1
DA:340,1
DA:341,1
DA:342,1
DA:343,1
DA:344,1
DA:345,4
DA:346,4
DA:347,4
DA:348,3
DA:349,3
DA:350,3
DA:351,3
DA:352,4
DA:353,4
DA:354,4
DA:355,3
DA:356,3
DA:357,3
DA:358,3
DA:359,3
DA:360,3
DA:361,3
DA:362,3
DA:363,3
DA:364,3
DA:365,3
DA:366,3
DA:367,3
DA:368,3
DA:369,3
DA:370,3
DA:371,3
DA:372,3
DA:373,3
DA:374,3
DA:375,3
DA:376,3
DA:377,3
DA:378,3
DA:379,3
DA:380,3
DA:381,3
DA:382,3
DA:383,3
DA:384,3
DA:385,3
DA:386,3
DA:387,3
DA:388,3
DA:389,3
DA:390,3
DA:391,3
DA:392,3
DA:393,3
DA:394,3
DA:395,3
DA:396,3
DA:397,3
DA:398,3
DA:399,3
DA:400,3
DA:401,3
DA:402,3
DA:403,3
DA:404,3
DA:405,3
DA:406,3
DA:407,3
DA:408,3
DA:409,3
DA:410,3
DA:411,3
DA:412,3
DA:413,3
DA:414,3
DA:415,3
DA:416,3
DA:417,3
DA:418,3
DA:419,3
DA:420,3
DA:421,3
DA:422,3
DA:423,3
DA:424,3
DA:425,3
DA:426,3
DA:427,3
DA:428,3
DA:429,3
DA:430,3
DA:431,3
DA:432,3
DA:433,3
DA:434,3
DA:435,3
DA:436,3
DA:437,3
DA:438,3
DA:439,3
DA:440,3
DA:441,3
DA:442,3
DA:443,3
DA:444,4
DA:445,4
DA:446,4
DA:447,4
DA:448,4
DA:449,4
DA:450,3
DA:451,3
DA:452,3
DA:453,3
DA:454,3
DA:455,3
DA:456,3
DA:457,3
DA:458,3
DA:459,3
DA:460,3
DA:461,3
DA:462,3
DA:463,3
DA:464,3
DA:465,3
DA:466,3
DA:467,4
DA:468,4
DA:469,4
DA:470,4
DA:471,4
DA:472,4
DA:473,3
DA:474,3
DA:475,3
DA:476,3
DA:477,3
DA:478,3
DA:479,3
DA:480,3
DA:481,3
DA:482,3
DA:483,3
DA:484,3
DA:485,3
DA:486,3
DA:487,3
DA:488,3
DA:489,3
DA:490,3
DA:491,3
DA:492,3
DA:493,3
DA:494,3
DA:495,3
DA:496,3
DA:497,3
DA:498,3
DA:499,3
DA:500,3
DA:501,3
DA:502,3
DA:503,3
DA:504,3
DA:505,3
DA:506,3
DA:507,3
DA:508,3
DA:509,3
DA:510,3
DA:511,3
DA:512,3
DA:513,3
DA:514,3
DA:515,3
DA:516,3
DA:517,3
DA:518,3
DA:519,3
DA:520,3
DA:521,3
DA:522,3
DA:523,3
DA:524,3
DA:525,3
DA:526,3
DA:527,3
DA:528,3
DA:529,3
DA:530,3
DA:531,3
DA:532,3
DA:533,3
DA:534,1
DA:535,1
DA:536,3
DA:537,3
DA:538,3
DA:539,3
DA:540,3
DA:541,3
DA:542,3
DA:543,3
DA:544,3
DA:545,3
DA:546,3
DA:547,3
DA:548,3
DA:549,3
DA:550,3
DA:551,3
DA:552,3
DA:553,4
DA:554,4
DA:555,4
DA:556,4
DA:557,4
DA:558,4
DA:559,4
DA:560,3
DA:561,3
DA:562,3
DA:563,4
DA:564,4
DA:565,4
DA:566,4
DA:567,4
DA:568,4
LF:568
LH:567
BRDA:35,0,0,3
BRDA:74,1,0,3
BRDA:83,2,0,0
BRDA:122,3,0,3
BRDA:128,4,0,3
BRDA:141,5,0,1
BRDA:143,6,0,1
BRDA:146,7,0,0
BRDA:161,8,0,3
BRDA:163,9,0,3
BRDA:169,10,0,3
BRDA:179,11,0,22
BRDA:182,12,0,4
BRDA:188,13,0,4
BRDA:188,14,0,4
BRDA:193,15,0,4
BRDA:193,16,0,4
BRDA:198,17,0,4
BRDA:208,18,0,4
BRDA:213,19,0,6
BRDA:216,20,0,4
BRDA:224,21,0,6
BRDA:229,22,0,4
BRDA:242,23,0,4
BRDA:243,24,0,4
BRDA:250,25,0,16
BRDA:255,26,0,7
BRDA:256,27,0,4
BRDA:259,28,0,2
BRDA:269,29,0,4
BRDA:273,30,0,4
BRDA:274,31,0,3
BRDA:274,32,0,4
BRDA:281,33,0,7
BRDA:305,34,0,4
BRDA:347,35,0,4
BRDA:354,36,0,4
BRDA:395,37,0,4
BRDA:443,38,0,4
BRDA:449,39,0,4
BRDA:455,40,0,6
BRDA:472,41,0,4
BRDA:482,42,0,4
BRDA:494,43,0,4
BRDA:506,44,0,4
BRDA:512,45,0,4
BRDA:518,46,0,4
BRDA:525,47,0,4
BRDA:533,48,0,4
BRDA:552,49,0,4
BRDA:559,50,0,4
BRDA:198,51,0,22
BRDA:202,52,0,22
BRDA:202,53,0,22
BRDA:205,54,0,22
BRDA:205,55,0,22
BRDA:208,56,0,22
BRDA:214,57,0,6
BRDA:457,58,0,6
BRDA:229,59,0,6
BRDA:252,60,0,16
BRDA:255,61,0,7
BRDA:264,62,0,16
BRDA:264,63,0,16
BRDA:267,64,0,16
BRDA:285,65,0,7
BRF:66
BRH:64
end_of_record
TN:
SF:src/Setting.ts
FN:74,newLoadNsdocEvent
FN:89,Setting
FN:361,SettingElement
FN:364,empty
FN:102,nsdVersions
FN:165,getSetting
FN:172,setSetting
FN:181,removeSetting
FN:191,onClosing
FN:206,updated
FN:211,renderFileSelect
FN:229,uploadNsdocFile
FN:248,onLoadNsdoc
FN:302,isEqual
FN:315,renderNsdocItem
FN:357,parseToXmlObject
FN:370,render
FNF:17
FNH:16
FNDA:1,newLoadNsdocEvent
FNDA:5,Setting
FNDA:4,SettingElement
FNDA:2,empty
FNDA:1,nsdVersions
FNDA:4,getSetting
FNDA:2,setSetting
FNDA:1,removeSetting
FNDA:2,onClosing
FNDA:4,updated
FNDA:4,renderFileSelect
FNDA:0,uploadNsdocFile
FNDA:1,onLoadNsdoc
FNDA:1,isEqual
FNDA:4,renderNsdocItem
FNDA:2,parseToXmlObject
FNDA:4,render
DA:1,5
DA:2,5
DA:3,5
DA:4,5
DA:5,5
DA:6,5
DA:7,5
DA:8,5
DA:9,5
DA:10,5
DA:11,5
DA:12,5
DA:13,5
DA:14,5
DA:15,5
DA:16,5
DA:17,5
DA:18,5
DA:19,5
DA:20,5
DA:21,5
DA:22,5
DA:23,5
DA:24,5
DA:25,5
DA:26,5
DA:27,5
DA:28,5
DA:29,5
DA:30,5
DA:31,5
DA:32,5
DA:33,5
DA:34,5
DA:35,5
DA:36,5
DA:37,5
DA:38,5
DA:39,5
DA:40,5
DA:41,5
DA:42,5
DA:43,5
DA:44,5
DA:45,5
DA:46,5
DA:47,5
DA:48,5
DA:49,5
DA:50,5
DA:51,5
DA:52,5
DA:53,5
DA:54,5
DA:55,5
DA:56,5
DA:57,5
DA:58,5
DA:59,5
DA:60,5
DA:61,5
DA:62,5
DA:63,5
DA:64,5
DA:65,5
DA:66,5
DA:67,5
DA:68,5
DA:69,5
DA:70,5
DA:71,5
DA:72,5
DA:73,5
DA:74,5
DA:75,1
DA:76,1
DA:77,1
DA:78,1
DA:79,1
DA:80,1
DA:81,1
DA:82,5
DA:83,5
DA:84,5
DA:85,5
DA:86,5
DA:87,5
DA:88,5
DA:89,5
DA:90,5
DA:91,5
DA:92,5
DA:93,5
DA:94,5
DA:95,5
DA:96,5
DA:97,5
DA:98,5
DA:99,5
DA:100,5
DA:101,5
DA:102,5
DA:103,1
DA:104,1
DA:105,1
DA:106,1
DA:107,1
DA:108,1
DA:109,1
DA:110,1
DA:111,1
DA:112,1
DA:113,1
DA:114,1
DA:115,1
DA:116,1
DA:117,1
DA:118,1
DA:119,1
DA:120,1
DA:121,1
DA:122,1
DA:123,1
DA:124,1
DA:125,1
DA:126,1
DA:127,1
DA:128,1
DA:129,1
DA:130,1
DA:131,1
DA:132,1
DA:133,1
DA:134,1
DA:135,1
DA:136,1
DA:137,1
DA:138,1
DA:139,1
DA:140,1
DA:141,1
DA:142,1
DA:143,1
DA:144,1
DA:145,1
DA:146,1
DA:147,5
DA:148,5
DA:149,5
DA:150,5
DA:151,5
DA:152,5
DA:153,5
DA:154,5
DA:155,5
DA:156,5
DA:157,5
DA:158,5
DA:159,5
DA:160,5
DA:161,5
DA:162,5
DA:163,5
DA:164,5
DA:165,5
DA:166,4
DA:167,4
DA:168,5
DA:169,5
DA:170,5
DA:171,5
DA:172,5
DA:173,2
DA:174,2
DA:175,2
DA:176,0
DA:177,2
DA:178,5
DA:179,5
DA:180,5
DA:181,5
DA:182,1
DA:183,1
DA:184,1
DA:185,0
DA:186,1
DA:187,1
DA:188,1
DA:189,5
DA:190,5
DA:191,5
DA:192,2
DA:193,1
DA:194,1
DA:195,1
DA:196,1
DA:197,2
DA:198,1
DA:199,1
DA:200,1
DA:201,1
DA:202,1
DA:203,5
DA:204,5
DA:205,5
DA:206,5
DA:207,4
DA:208,4
DA:209,5
DA:210,5
DA:211,5
DA:212,4
DA:213,4
DA:214,4
DA:215,4
DA:216,4
DA:217,4
DA:218,4
DA:219,4
DA:220,4
DA:221,4
DA:222,4
DA:223,4
DA:224,4
DA:225,4
DA:226,0
DA:227,0
DA:228,0
DA:229,0
DA:230,0
DA:231,0
DA:232,0
DA:233,0
DA:234,0
DA:235,0
DA:236,0
DA:237,0
DA:238,0
DA:239,0
DA:240,0
DA:241,0
DA:242,0
DA:243,0
DA:244,0
DA:245,0
DA:246,0
DA:247,0
DA:248,0
DA:249,1
DA:250,1
DA:251,1
DA:252,1
DA:253,1
DA:254,1
DA:255,1
DA:256,1
DA:257,1
DA:258,1
DA:259,1
DA:260,1
DA:261,1
DA:262,1
DA:263,1
DA:264,1
DA:265,1
DA:266,1
DA:267,1
DA:268,1
DA:269,1
DA:270,1
DA:271,1
DA:272,1
DA:273,1
DA:274,1
DA:275,1
DA:276,1
DA:277,1
DA:278,1
DA:279,1
DA:280,1
DA:281,1
DA:282,1
DA:283,1
DA:284,1
DA:285,1
DA:286,1
DA:287,1
DA:288,1
DA:289,1
DA:290,1
DA:291,1
DA:292,1
DA:293,1
DA:294,5
DA:295,5
DA:296,5
DA:297,5
DA:298,5
DA:299,5
DA:300,5
DA:301,5
DA:302,5
DA:303,1
DA:304,1
DA:305,1
DA:306,1
DA:307,5
DA:308,5
DA:309,5
DA:310,5
DA:311,5
DA:312,5
DA:313,5
DA:314,5
DA:315,5
DA:316,4
DA:317,4
DA:318,4
DA:319,4
DA:320,4
DA:321,4
DA:322,2
DA:323,2
DA:324,2
DA:325,2
DA:326,4
DA:327,4
DA:328,4
DA:329,4
DA:330,4
DA:331,4
DA:332,4
DA:333,4
DA:334,4
DA:335,4
DA:336,4
DA:337,2
DA:338,2
DA:339,4
DA:340,4
DA:341,4
DA:342,2
DA:343,4
DA:344,4
DA:345,2
DA:346,2
DA:347,2
DA:348,2
DA:349,1
DA:350,4
DA:351,4
DA:352,4
DA:353,4
DA:354,5
DA:355,5
DA:356,5
DA:357,5
DA:358,2
DA:359,5
DA:360,5
DA:361,5
DA:362,4
DA:363,4
DA:364,4
DA:365,4
DA:366,4
DA:367,4
DA:368,5
DA:369,5
DA:370,5
DA:371,4
DA:372,4
DA:373,4
DA:374,4
DA:375,4
DA:376,4
DA:377,4
DA:378,4
DA:379,4
DA:380,4
DA:381,4
DA:382,4
DA:383,4
DA:384,4
DA:385,4
DA:386,4
DA:387,4
DA:388,4
DA:389,4
DA:390,4
DA:391,4
DA:392,4
DA:393,4
DA:394,4
DA:395,4
DA:396,4
DA:397,4
DA:398,4
DA:399,4
DA:400,4
DA:401,4
DA:402,4
DA:403,4
DA:404,4
DA:405,4
DA:406,4
DA:407,4
DA:408,4
DA:409,4
DA:410,4
DA:411,4
DA:412,4
DA:413,4
DA:414,4
DA:415,4
DA:416,4
DA:417,4
DA:418,4
DA:419,4
DA:420,4
DA:421,4
DA:422,4
DA:423,4
DA:424,4
DA:425,4
DA:426,4
DA:427,4
DA:428,4
DA:429,4
DA:430,4
DA:431,4
DA:432,4
DA:433,4
DA:434,4
DA:435,4
DA:436,4
DA:437,4
DA:438,4
DA:439,4
DA:440,4
DA:441,5
DA:442,5
DA:443,5
DA:444,5
DA:445,5
DA:446,5
DA:447,5
LF:447
LH:422
BRDA:89,0,0,62
BRDA:361,1,0,9
BRDA:165,2,0,5
BRDA:172,3,0,5
BRDA:175,4,0,3
BRDA:181,5,0,5
BRDA:184,6,0,4
BRDA:191,7,0,11
BRDA:199,8,0,3
BRDA:200,9,0,3
BRDA:201,10,0,3
BRDA:193,11,0,4
BRDA:206,12,0,6
BRDA:211,13,0,5
BRDA:315,14,0,13
BRDA:348,15,0,3
BRDA:357,16,0,5
BRDA:370,17,0,5
BRDA:385,18,0,5
BRDA:74,19,0,1
BRDA:102,20,0,62
BRDA:129,21,0,62
BRDA:130,22,0,62
BRDA:131,23,0,62
BRDA:134,24,0,62
BRDA:135,25,0,62
BRDA:136,26,0,62
BRDA:139,27,0,62
BRDA:140,28,0,62
BRDA:141,29,0,62
BRDA:144,30,0,62
BRDA:145,31,0,62
BRDA:146,32,0,62
BRDA:192,33,0,11
BRDA:197,34,0,11
BRDA:208,35,0,6
BRDA:248,36,0,62
BRDA:272,37,0,62
BRDA:273,38,0,62
BRDA:274,39,0,62
BRDA:302,40,0,62
BRDA:364,41,0,9
BRDA:321,42,0,13
BRDA:336,43,0,13
BRDA:341,44,0,13
BRDA:344,45,0,13
BRF:46
BRH:46
end_of_record
TN:
SF:src/Waiting.ts
FN:16,Waiting
FN:35,WaitingElement
FN:42,render
FNF:3
FNH:3
FNDA:4,Waiting
FNDA:3,WaitingElement
FNDA:3,render
DA:1,4
DA:2,4
DA:3,4
DA:4,4
DA:5,4
DA:6,4
DA:7,4
DA:8,4
DA:9,4
DA:10,4
DA:11,4
DA:12,4
DA:13,4
DA:14,4
DA:15,4
DA:16,4
DA:17,4
DA:18,4
DA:19,4
DA:20,4
DA:21,4
DA:22,4
DA:23,4
DA:24,4
DA:25,4
DA:26,4
DA:27,4
DA:28,4
DA:29,4
DA:30,4
DA:31,4
DA:32,4
DA:33,4
DA:34,4
DA:35,4
DA:36,3
DA:37,3
DA:38,3
DA:39,3
DA:40,4
DA:41,4
DA:42,4
DA:43,3
DA:44,3
DA:45,3
DA:46,4
DA:47,4
DA:48,4
DA:49,4
DA:50,4
DA:51,4
DA:52,4
LF:52
LH:52
BRDA:16,0,0,4
BRDA:35,1,0,4
BRDA:30,2,0,4
BRDA:42,3,0,4
BRF:4
BRH:4
end_of_record
TN:
SF:src/WizardDivider.ts
FN:5,render
FNF:1
FNH:1
FNDA:5,render
DA:1,9
DA:2,9
DA:3,9
DA:4,9
DA:5,9
DA:6,5
DA:7,9
DA:8,9
DA:9,9
DA:10,9
DA:11,9
DA:12,9
DA:13,9
DA:14,9
DA:15,9
DA:16,9
DA:17,9
DA:18,9
DA:19,9
DA:20,9
DA:21,9
DA:22,9
LF:22
LH:22
BRDA:5,0,0,5
BRF:1
BRH:1
end_of_record
TN:
SF:src/Wizarding.ts
FN:17,Wizarding
FN:40,WizardingElement
FN:49,render
FNF:3
FNH:3
FNDA:110,Wizarding
FNDA:110,WizardingElement
FNDA:110,render
DA:1,110
DA:2,110
DA:3,110
DA:4,110
DA:5,110
DA:6,110
DA:7,110
DA:8,110
DA:9,110
DA:10,110
DA:11,110
DA:12,110
DA:13,110
DA:14,110
DA:15,110
DA:16,110
DA:17,110
DA:18,110
DA:19,110
DA:20,110
DA:21,110
DA:22,110
DA:23,110
DA:24,110
DA:25,110
DA:26,110
DA:27,110
DA:28,79
DA:29,78
DA:30,110
DA:31,110
DA:32,110
DA:33,110
DA:34,79
DA:35,110
DA:36,110
DA:37,110
DA:38,110
DA:39,110
DA:40,110
DA:41,110
DA:42,110
DA:43,110
DA:44,110
DA:45,71
DA:46,110
DA:47,110
DA:48,110
DA:49,110
DA:50,110
DA:51,110
DA:52,110
DA:53,110
DA:54,110
DA:55,110
DA:56,110
LF:56
LH:56
BRDA:17,0,0,5
BRDA:40,1,0,219
BRDA:28,2,0,0
BRDA:31,3,0,74
BRDA:32,4,0,116
BRDA:33,5,0,74
BRDA:49,6,0,203
BRDA:44,7,0,219
BRDA:27,8,0,5
BRDA:33,9,0,116
BRDA:28,10,0,5
BRDA:51,11,0,203
BRDA:27,12,0,5
BRF:13
BRH:12
end_of_record
TN:
SF:src/action-icon.ts
FN:21,ActionIcon
FN:36,firstUpdated
FN:42,renderIcon
FN:50,render
FNF:4
FNH:4
FNDA:37,ActionIcon
FNDA:37,firstUpdated
FNDA:37,renderIcon
FNDA:37,render
DA:1,41
DA:2,41
DA:3,41
DA:4,41
DA:5,41
DA:6,41
DA:7,41
DA:8,41
DA:9,41
DA:10,41
DA:11,41
DA:12,41
DA:13,41
DA:14,41
DA:15,41
DA:16,41
DA:17,41
DA:18,41
DA:19,41
DA:20,41
DA:21,41
DA:22,37
DA:23,37
DA:24,37
DA:25,37
DA:26,37
DA:27,37
DA:28,37
DA:29,37
DA:30,37
DA:31,37
DA:32,37
DA:33,37
DA:34,37
DA:35,37
DA:36,37
DA:37,37
DA:38,37
DA:39,37
DA:40,41
DA:41,41
DA:42,41
DA:43,37
DA:44,37
DA:45,37
DA:46,41
DA:47,41
DA:48,41
DA:49,41
DA:50,41
DA:51,37
DA:52,37
DA:53,37
DA:54,41
DA:55,41
DA:56,41
DA:57,41
DA:58,41
DA:59,41
DA:60,41
DA:61,41
DA:62,41
DA:63,41
DA:64,41
DA:65,41
DA:66,41
DA:67,41
DA:68,41
DA:69,41
DA:70,41
DA:71,41
DA:72,41
DA:73,41
DA:74,41
DA:75,41
DA:76,41
DA:77,41
DA:78,41
DA:79,41
DA:80,41
DA:81,41
DA:82,41
DA:83,41
DA:84,41
DA:85,41
DA:86,41
DA:87,41
DA:88,41
DA:89,41
DA:90,41
DA:91,41
DA:92,41
DA:93,41
DA:94,41
DA:95,41
DA:96,41
DA:97,41
DA:98,41
DA:99,41
DA:100,41
DA:101,41
DA:102,41
DA:103,41
DA:104,41
DA:105,41
DA:106,41
DA:107,41
DA:108,41
DA:109,41
DA:110,41
DA:111,41
DA:112,41
DA:113,41
DA:114,41
DA:115,41
DA:116,41
DA:117,41
DA:118,41
DA:119,41
DA:120,41
DA:121,41
DA:122,41
DA:123,41
DA:124,41
DA:125,41
DA:126,41
DA:127,41
DA:128,41
DA:129,41
DA:130,41
DA:131,41
DA:132,41
DA:133,41
DA:134,41
DA:135,41
DA:136,41
DA:137,41
DA:138,41
DA:139,41
DA:140,41
DA:141,41
DA:142,41
DA:143,41
DA:144,41
DA:145,41
DA:146,41
DA:147,41
DA:148,41
DA:149,41
DA:150,41
DA:151,41
DA:152,41
DA:153,41
DA:154,41
DA:155,41
DA:156,41
DA:157,41
DA:158,41
DA:159,41
DA:160,41
DA:161,41
DA:162,41
DA:163,41
DA:164,41
DA:165,41
DA:166,41
DA:167,41
DA:168,41
DA:169,41
DA:170,41
DA:171,41
DA:172,41
DA:173,41
DA:174,41
DA:175,41
DA:176,41
DA:177,41
DA:178,41
DA:179,41
DA:180,41
DA:181,41
DA:182,41
DA:183,41
DA:184,41
DA:185,41
DA:186,41
DA:187,41
DA:188,41
DA:189,41
DA:190,41
DA:191,41
DA:192,41
DA:193,41
DA:194,41
DA:195,41
DA:196,41
DA:197,41
DA:198,41
DA:199,41
DA:200,41
DA:201,41
DA:202,41
DA:203,41
DA:204,41
DA:205,41
DA:206,41
DA:207,41
DA:208,41
DA:209,41
DA:210,41
DA:211,41
DA:212,41
DA:213,41
DA:214,41
DA:215,41
DA:216,41
DA:217,41
DA:218,41
DA:219,41
LF:219
LH:219
BRDA:21,0,0,37
BRDA:36,1,0,37
BRDA:42,2,0,79
BRDA:50,3,0,37
BRDA:51,4,0,37
BRDA:53,5,0,37
BRDA:45,6,0,79
BRDA:45,7,0,79
BRF:8
BRH:8
end_of_record
TN:
SF:src/action-pane.ts
FN:14,closestTo
FN:37,ActionPane
FN:52,firstUpdated
FN:63,renderHeader
FN:89,render
FNF:5
FNH:5
FNDA:42,closestTo
FNDA:42,ActionPane
FNDA:42,firstUpdated
FNDA:42,renderHeader
FNDA:42,render
DA:1,44
DA:2,44
DA:3,44
DA:4,44
DA:5,44
DA:6,44
DA:7,44
DA:8,44
DA:9,44
DA:10,44
DA:11,44
DA:12,44
DA:13,44
DA:14,42
DA:15,42
DA:16,42
DA:17,42
DA:18,42
DA:19,42
DA:20,42
DA:21,42
DA:22,42
DA:23,42
DA:24,42
DA:25,42
DA:26,42
DA:27,44
DA:28,44
DA:29,44
DA:30,44
DA:31,44
DA:32,44
DA:33,44
DA:34,44
DA:35,44
DA:36,44
DA:37,44
DA:38,42
DA:39,42
DA:40,42
DA:41,42
DA:42,42
DA:43,42
DA:44,42
DA:45,42
DA:46,42
DA:47,42
DA:48,42
DA:49,42
DA:50,42
DA:51,42
DA:52,42
DA:53,42
DA:54,42
DA:55,42
DA:56,42
DA:57,42
DA:58,42
DA:59,42
DA:60,42
DA:61,44
DA:62,44
DA:63,44
DA:64,42
DA:65,42
DA:66,42
DA:67,19
DA:68,34
DA:69,42
DA:70,42
DA:71,42
DA:72,42
DA:73,42
DA:74,42
DA:75,42
DA:76,42
DA:77,42
DA:78,42
DA:79,42
DA:80,38
DA:81,38
DA:82,26
DA:83,26
DA:84,8
DA:85,8
DA:86,44
DA:87,44
DA:88,44
DA:89,44
DA:90,42
DA:91,42
DA:92,42
DA:93,42
DA:94,42
DA:95,42
DA:96,42
DA:97,42
DA:98,44
DA:99,44
DA:100,44
DA:101,44
DA:102,44
DA:103,44
DA:104,44
DA:105,44
DA:106,44
DA:107,44
DA:108,44
DA:109,44
DA:110,44
DA:111,44
DA:112,44
DA:113,44
DA:114,44
DA:115,44
DA:116,44
DA:117,44
DA:118,44
DA:119,44
DA:120,44
DA:121,44
DA:122,44
DA:123,44
DA:124,44
DA:125,44
DA:126,44
DA:127,44
DA:128,44
DA:129,44
DA:130,44
DA:131,44
DA:132,44
DA:133,44
DA:134,44
DA:135,44
DA:136,44
DA:137,44
DA:138,44
DA:139,44
DA:140,44
DA:141,44
DA:142,44
DA:143,44
DA:144,44
DA:145,44
DA:146,44
DA:147,44
DA:148,44
DA:149,44
DA:150,44
DA:151,44
DA:152,44
DA:153,44
DA:154,44
DA:155,44
DA:156,44
DA:157,44
DA:158,44
DA:159,44
DA:160,44
DA:161,44
DA:162,44
DA:163,44
DA:164,44
DA:165,44
DA:166,44
DA:167,44
DA:168,44
DA:169,44
DA:170,44
DA:171,44
DA:172,44
DA:173,44
DA:174,44
DA:175,44
DA:176,44
DA:177,44
DA:178,44
DA:179,44
DA:180,44
DA:181,44
LF:181
LH:181
BRDA:14,0,0,79
BRDA:37,1,0,42
BRDA:52,2,0,79
BRDA:63,3,0,204
BRDA:89,4,0,42
BRDA:66,5,0,204
BRDA:71,6,0,204
BRDA:76,7,0,204
BRDA:83,8,0,204
BRDA:76,9,0,204
BRDA:81,10,0,204
BRDA:20,11,0,79
BRDA:58,12,0,79
BRDA:79,13,0,204
BRDA:67,14,0,204
BRF:15
BRH:15
end_of_record
TN:
SF:src/filtered-list.ts
FN:23,slotItem
FN:29,hideFiltered
FN:118,FilteredList
FN:75,get isAllSelected
FN:83,get isSomeSelected
FN:96,onCheckAll
FN:103,onFilterInput
FN:113,onListItemConnected
FN:125,renderCheckAll
FN:139,render
FNF:10
FNH:10
FNDA:1,slotItem
FNDA:1,hideFiltered
FNDA:78,FilteredList
FNDA:31,get isAllSelected
FNDA:25,get isSomeSelected
FNDA:6,onCheckAll
FNDA:1,onFilterInput
FNDA:78,onListItemConnected
FNDA:78,renderCheckAll
FNDA:78,render
DA:1,124
DA:2,124
DA:3,124
DA:4,124
DA:5,124
DA:6,124
DA:7,124
DA:8,124
DA:9,124
DA:10,124
DA:11,124
DA:12,124
DA:13,124
DA:14,124
DA:15,124
DA:16,124
DA:17,124
DA:18,124
DA:19,124
DA:20,124
DA:21,124
DA:22,124
DA:23,1
DA:24,1
DA:25,1
DA:26,1
DA:27,124
DA:28,124
DA:29,1
DA:30,1
DA:31,1
DA:32,1
DA:33,1
DA:34,1
DA:35,1
DA:36,1
DA:37,1
DA:38,1
DA:39,1
DA:40,1
DA:41,1
DA:42,1
DA:43,1
DA:44,1
DA:45,1
DA:46,1
DA:47,1
DA:48,1
DA:49,1
DA:50,1
DA:51,1
DA:52,1
DA:53,1
DA:54,1
DA:55,1
DA:56,1
DA:57,1
DA:58,1
DA:59,124
DA:60,124
DA:61,124
DA:62,124
DA:63,124
DA:64,124
DA:65,124
DA:66,124
DA:67,124
DA:68,124
DA:69,124
DA:70,124
DA:71,124
DA:72,124
DA:73,124
DA:74,124
DA:75,124
DA:76,31
DA:77,31
DA:78,31
DA:79,31
DA:80,31
DA:81,31
DA:82,31
DA:83,31
DA:84,25
DA:85,25
DA:86,25
DA:87,25
DA:88,25
DA:89,25
DA:90,25
DA:91,25
DA:92,124
DA:93,124
DA:94,124
DA:95,124
DA:96,124
DA:97,6
DA:98,6
DA:99,6
DA:100,6
DA:101,124
DA:102,124
DA:103,124
DA:104,1
DA:105,1
DA:106,1
DA:107,1
DA:108,1
DA:109,1
DA:110,124
DA:111,124
DA:112,124
DA:113,124
DA:114,78
DA:115,78
DA:116,124
DA:117,124
DA:118,124
DA:119,78
DA:120,78
DA:121,55
DA:122,124
DA:123,124
DA:124,124
DA:125,124
DA:126,78
DA:127,31
DA:128,31
DA:129,31
DA:130,31
DA:131,31
DA:132,6
DA:133,78
DA:134,78
DA:135,78
DA:136,78
DA:137,124
DA:138,124
DA:139,124
DA:140,78
DA:141,78
DA:142,78
DA:143,78
DA:144,78
DA:145,78
DA:146,78
DA:147,78
DA:148,78
DA:149,78
DA:150,78
DA:151,78
DA:152,124
DA:153,124
DA:154,124
DA:155,124
DA:156,124
DA:157,124
DA:158,124
DA:159,124
DA:160,124
DA:161,124
DA:162,124
DA:163,124
DA:164,124
DA:165,124
DA:166,124
DA:167,124
DA:168,124
DA:169,124
DA:170,124
DA:171,124
DA:172,124
DA:173,124
DA:174,124
DA:175,124
DA:176,124
DA:177,124
DA:178,124
DA:179,124
DA:180,124
DA:181,124
DA:182,124
DA:183,124
DA:184,124
DA:185,124
DA:186,124
DA:187,124
LF:187
LH:187
BRDA:118,0,0,155
BRDA:75,1,0,78
BRDA:113,2,0,78
BRDA:125,3,0,78
BRDA:126,4,0,35
BRDA:126,5,0,87
BRDA:139,6,0,224
BRDA:23,7,0,1
BRDA:24,8,0,0
BRDA:29,9,0,1
BRDA:32,10,0,1
BRDA:49,11,0,1
BRDA:120,12,0,155
BRDA:75,13,0,31
BRDA:81,14,0,31
BRDA:82,15,0,31
BRDA:83,16,0,31
BRDA:83,17,0,25
BRDA:89,18,0,25
BRDA:90,19,0,25
BRDA:91,20,0,25
BRDA:96,21,0,6
BRDA:99,22,0,6
BRDA:100,23,0,6
BRDA:103,24,0,1
BRDA:108,25,0,1
BRDA:131,26,0,87
BRDA:141,27,0,224
BRDA:143,28,0,224
BRDA:129,29,0,87
BRF:30
BRH:29
end_of_record
TN:
SF:src/finder-list.ts
FN:44,FinderList
FN:53,get paths
FN:58,set paths
FN:69,get path
FN:74,set path
FN:92,getTitle
FN:96,getDisplayString
FN:103,getPaths
FN:121,multiSelect
FN:130,singleSelect
FN:133,select
FN:148,renderDirectory
FN:160,renderColumn
FN:183,render
FN:81,FinderList.read
FN:144,container.scrollLeft
FNF:16
FNH:16
FNDA:11,FinderList
FNDA:8,get paths
FNDA:11,set paths
FNDA:2,get path
FNDA:7,set path
FNDA:1,getTitle
FNDA:1,getDisplayString
FNDA:11,getPaths
FNDA:1,multiSelect
FNDA:1,singleSelect
FNDA:1,select
FNDA:11,renderDirectory
FNDA:11,renderColumn
FNDA:11,render
FNDA:1,FinderList.read
FNDA:1,container.scrollLeft
DA:1,81
DA:2,81
DA:3,81
DA:4,81
DA:5,81
DA:6,81
DA:7,81
DA:8,81
DA:9,81
DA:10,81
DA:11,81
DA:12,81
DA:13,81
DA:14,81
DA:15,81
DA:16,81
DA:17,81
DA:18,81
DA:19,81
DA:20,81
DA:21,81
DA:22,81
DA:23,81
DA:24,81
DA:25,81
DA:26,81
DA:27,81
DA:28,81
DA:29,81
DA:30,81
DA:31,81
DA:32,81
DA:33,81
DA:34,81
DA:35,81
DA:36,81
DA:37,81
DA:38,81
DA:39,81
DA:40,81
DA:41,81
DA:42,81
DA:43,81
DA:44,81
DA:45,11
DA:46,11
DA:47,11
DA:48,11
DA:49,11
DA:50,11
DA:51,11
DA:52,11
DA:53,11
DA:54,8
DA:55,8
DA:56,8
DA:57,8
DA:58,8
DA:59,11
DA:60,11
DA:61,11
DA:62,11
DA:63,11
DA:64,11
DA:65,11
DA:66,11
DA:67,11
DA:68,11
DA:69,11
DA:70,2
DA:71,2
DA:72,2
DA:73,2
DA:74,2
DA:75,7
DA:76,7
DA:77,7
DA:78,11
DA:79,11
DA:80,11
DA:81,11
DA:82,1
DA:83,1
DA:84,1
DA:85,1
DA:86,11
DA:87,11
DA:88,11
DA:89,11
DA:90,11
DA:91,81
DA:92,81
DA:93,1
DA:94,81
DA:95,81
DA:96,81
DA:97,1
DA:98,81
DA:99,81
DA:100,81
DA:101,81
DA:102,81
DA:103,81
DA:104,11
DA:105,11
DA:106,11
DA:107,11
DA:108,11
DA:109,11
DA:110,11
DA:111,11
DA:112,11
DA:113,11
DA:114,11
DA:115,11
DA:116,11
DA:117,8
DA:118,11
DA:119,81
DA:120,81
DA:121,81
DA:122,1
DA:123,1
DA:124,1
DA:125,1
DA:126,1
DA:127,1
DA:128,81
DA:129,81
DA:130,81
DA:131,1
DA:132,1
DA:133,1
DA:134,1
DA:135,1
DA:136,1
DA:137,1
DA:138,1
DA:139,1
DA:140,1
DA:141,1
DA:142,1
DA:143,1
DA:144,1
DA:145,1
DA:146,81
DA:147,81
DA:148,81
DA:149,11
DA:150,11
DA:151,11
DA:152,11
DA:153,11
DA:154,11
DA:155,11
DA:156,11
DA:157,11
DA:158,11
DA:159,11
DA:160,11
DA:161,11
DA:162,11
DA:163,11
DA:164,11
DA:165,11
DA:166,11
DA:167,11
DA:168,11
DA:169,11
DA:170,11
DA:171,11
DA:172,11
DA:173,11
DA:174,11
DA:175,11
DA:176,11
DA:177,11
DA:178,11
DA:179,11
DA:180,11
DA:181,81
DA:182,81
DA:183,81
DA:184,11
DA:185,11
DA:186,11
DA:187,11
DA:188,11
DA:189,11
DA:190,81
DA:191,81
DA:192,81
DA:193,81
DA:194,81
DA:195,81
DA:196,81
DA:197,81
DA:198,81
DA:199,81
DA:200,81
DA:201,81
DA:202,81
DA:203,81
DA:204,81
DA:205,81
DA:206,81
DA:207,81
DA:208,81
DA:209,81
DA:210,81
DA:211,81
DA:212,81
DA:213,81
DA:214,81
DA:215,81
DA:216,81
DA:217,81
DA:218,81
DA:219,81
DA:220,81
DA:221,81
DA:222,81
DA:223,81
DA:224,81
DA:225,81
DA:226,81
DA:227,81
DA:228,81
DA:229,81
DA:230,81
LF:230
LH:230
BRDA:44,0,0,11
BRDA:81,1,0,11
BRDA:53,2,0,11
BRDA:58,3,0,11
BRDA:69,4,0,11
BRDA:74,5,0,11
BRDA:92,6,0,1
BRDA:96,7,0,1
BRDA:103,8,0,11
BRDA:104,9,0,11
BRDA:108,10,0,11
BRDA:111,11,0,11
BRDA:118,12,0,11
BRDA:121,13,0,1
BRDA:130,14,0,1
BRDA:133,15,0,1
BRDA:144,16,0,1
BRDA:148,17,0,11
BRDA:150,18,0,11
BRDA:154,19,0,11
BRDA:158,20,0,11
BRDA:160,21,0,11
BRDA:169,22,0,11
BRDA:183,23,0,11
BRDA:186,24,0,11
BRDA:189,25,0,11
BRDA:106,26,0,8
BRDA:116,27,0,8
BRDA:112,28,0,6
BRDA:179,29,0,7
BRDA:74,30,0,10
BRF:31
BRH:31
end_of_record
TN:
SF:src/foundation.ts
FN:56,isCreate
FN:63,isDelete
FN:70,isMove
FN:78,isReplace
FN:86,isUpdate
FN:95,isSimple
FN:100,invert
FN:141,createUpdateAction
FN:160,newActionEvent
FN:191,isWizardFactory
FN:198,checkValidity
FN:205,reportValidity
FN:212,getValue
FN:223,getMultiplier
FN:333,newWizardEvent
FN:357,newSubWizardEvent
FN:389,newLogEvent
FN:405,newIssueEvent
FN:432,newPendingStateEvent
FN:447,newValidateEvent
FN:464,newOpenDocEvent
FN:479,referencePath
FN:490,getSclSchemaVersion
FN:504,getNameAttribute
FN:514,getDescriptionAttribute
FN:524,getPathNameAttribute
FN:534,getInstanceAttribute
FN:539,pathParts
FN:548,hitemIdentity
FN:552,hitemSelector
FN:560,terminalIdentity
FN:564,terminalSelector
FN:580,lNodeIdentity
FN:596,lNodeSelector
FN:650,kDCIdentity
FN:656,kDCSelector
FN:665,associationIdentity
FN:671,associationSelector
FN:682,lDeviceIdentity
FN:686,lDeviceSelector
FN:694,iEDNameIdentity
FN:708,iEDNameSelector
FN:747,fCDAIdentity
FN:766,fCDASelector
FN:824,extRefIdentity
FN:874,extRefSelector
FN:1013,lNIdentity
FN:1020,lNSelector
FN:1049,clientLNIdentity
FN:1063,clientLNSelector
FN:1104,ixNamingIdentity
FN:1109,ixNamingSelector
FN:1151,valIdentity
FN:1160,valSelector
FN:1186,connectedAPIdentity
FN:1193,connectedAPSelector
FN:1199,controlBlockIdentity
FN:1206,controlBlockSelector
FN:1214,physConnIdentity
FN:1227,physConnSelector
FN:1242,pIdentity
FN:1254,pSelector
FN:1284,enumValIdentity
FN:1288,enumValSelector
FN:1293,protNsIdentity
FN:1299,protNsSelector
FN:1322,sCLIdentity
FN:1326,sCLSelector
FN:1330,namingIdentity
FN:1336,namingSelector
FN:1361,singletonIdentity
FN:1365,singletonSelector
FN:1380,idNamingIdentity
FN:1384,idNamingSelector
FN:1558,isSCLTag
FN:2138,identity
FN:2139,selector
FN:2480,getReference
FN:2505,selector
FN:2515,identity
FN:2526,isSame
FN:2532,isEqual
FN:2563,createElement
FN:2576,cloneElement
FN:2630,compareNames
FN:2648,unreachable
FN:2653,crossProduct
FN:2661,depth
FN:2680,getUniqueElementName
FN:2692,findFCDAs
FN:2730,findControlBlocks
FN:2748,isPublic
FN:2753,getVersion
FN:2761,getChildElementsByTagName
FN:2784,newLnInstGenerator
FN:347,wizard
FNF:96
FNH:93
FNDA:77,isCreate
FNDA:60,isDelete
FNDA:49,isMove
FNDA:58,isReplace
FNDA:6,isUpdate
FNDA:68,isSimple
FNDA:3,invert
FNDA:5,createUpdateAction
FNDA:82,newActionEvent
FNDA:83,isWizardFactory
FNDA:73,checkValidity
FNDA:41,reportValidity
FNDA:66,getValue
FNDA:6,getMultiplier
FNDA:85,newWizardEvent
FNDA:9,newSubWizardEvent
FNDA:54,newLogEvent
FNDA:4,newIssueEvent
FNDA:4,newPendingStateEvent
FNDA:13,newValidateEvent
FNDA:2,newOpenDocEvent
FNDA:3,referencePath
FNDA:16,getSclSchemaVersion
FNDA:43,getNameAttribute
FNDA:24,getDescriptionAttribute
FNDA:2,getPathNameAttribute
FNDA:16,getInstanceAttribute
FNDA:34,pathParts
FNDA:1,hitemIdentity
FNDA:1,hitemSelector
FNDA:3,terminalIdentity
FNDA:1,terminalSelector
FNDA:11,lNodeIdentity
FNDA:2,lNodeSelector
FNDA:3,kDCIdentity
FNDA:1,kDCSelector
FNDA:1,associationIdentity
FNDA:1,associationSelector
FNDA:57,lDeviceIdentity
FNDA:26,lDeviceSelector
FNDA:1,iEDNameIdentity
FNDA:1,iEDNameSelector
FNDA:21,fCDAIdentity
FNDA:2,fCDASelector
FNDA:9,extRefIdentity
FNDA:3,extRefSelector
FNDA:36,lNIdentity
FNDA:21,lNSelector
FNDA:3,clientLNIdentity
FNDA:1,clientLNSelector
FNDA:3,ixNamingIdentity
FNDA:2,ixNamingSelector
FNDA:2,valIdentity
FNDA:1,valSelector
FNDA:4,connectedAPIdentity
FNDA:1,connectedAPSelector
FNDA:4,controlBlockIdentity
FNDA:1,controlBlockSelector
FNDA:1,physConnIdentity
FNDA:1,physConnSelector
FNDA:1,pIdentity
FNDA:1,pSelector
FNDA:4,enumValIdentity
FNDA:2,enumValSelector
FNDA:1,protNsIdentity
FNDA:1,protNsSelector
FNDA:1,sCLIdentity
FNDA:14,sCLSelector
FNDA:77,namingIdentity
FNDA:32,namingSelector
FNDA:55,singletonIdentity
FNDA:26,singletonSelector
FNDA:30,idNamingIdentity
FNDA:22,idNamingSelector
FNDA:107,isSCLTag
FNDA:0,identity
FNDA:0,selector
FNDA:37,getReference
FNDA:45,selector
FNDA:98,identity
FNDA:1,isSame
FNDA:0,isEqual
FNDA:64,createElement
FNDA:54,cloneElement
FNDA:22,compareNames
FNDA:1,unreachable
FNDA:49,crossProduct
FNDA:12,depth
FNDA:7,getUniqueElementName
FNDA:4,findFCDAs
FNDA:4,findControlBlocks
FNDA:55,isPublic
FNDA:1,getVersion
FNDA:41,getChildElementsByTagName
FNDA:7,newLnInstGenerator
FNDA:43,wizard
DA:1,203
DA:2,203
DA:3,203
DA:4,203
DA:5,203
DA:6,203
DA:7,203
DA:8,203
DA:9,203
DA:10,203
DA:11,203
DA:12,203
DA:13,203
DA:14,203
DA:15,203
DA:16,203
DA:17,203
DA:18,203
DA:19,203
DA:20,203
DA:21,203
DA:22,203
DA:23,203
DA:24,203
DA:25,203
DA:26,203
DA:27,203
DA:28,203
DA:29,203
DA:30,203
DA:31,203
DA:32,203
DA:33,203
DA:34,203
DA:35,203
DA:36,203
DA:37,203
DA:38,203
DA:39,203
DA:40,203
DA:41,203
DA:42,203
DA:43,203
DA:44,203
DA:45,203
DA:46,203
DA:47,203
DA:48,203
DA:49,203
DA:50,203
DA:51,203
DA:52,203
DA:53,203
DA:54,203
DA:55,203
DA:56,203
DA:57,77
DA:58,77
DA:59,66
DA:60,66
DA:61,203
DA:62,203
DA:63,203
DA:64,60
DA:65,60
DA:66,53
DA:67,53
DA:68,203
DA:69,203
DA:70,203
DA:71,49
DA:72,49
DA:73,34
DA:74,34
DA:75,6
DA:76,203
DA:77,203
DA:78,203
DA:79,58
DA:80,58
DA:81,58
DA:82,58
DA:83,58
DA:84,203
DA:85,203
DA:86,203
DA:87,6
DA:88,6
DA:89,6
DA:90,6
DA:91,5
DA:92,5
DA:93,203
DA:94,203
DA:95,203
DA:96,68
DA:97,203
DA:98,203
DA:99,203
DA:100,203
DA:101,3
DA:102,1
DA:103,1
DA:104,1
DA:105,1
DA:106,1
DA:107,1
DA:108,1
DA:109,1
DA:110,1
DA:111,3
DA:112,3
DA:113,3
DA:114,3
DA:115,3
DA:116,3
DA:117,3
DA:118,3
DA:119,2
DA:120,2
DA:121,2
DA:122,2
DA:123,2
DA:124,2
DA:125,2
DA:126,2
DA:127,2
DA:128,2
DA:129,2
DA:130,2
DA:131,2
DA:132,2
DA:133,1
DA:134,1
DA:135,1
DA:136,1
DA:137,1
DA:138,1
DA:139,203
DA:140,203
DA:141,203
DA:142,5
DA:143,5
DA:144,5
DA:145,5
DA:146,5
DA:147,5
DA:148,5
DA:149,5
DA:150,5
DA:151,203
DA:152,203
DA:153,203
DA:154,203
DA:155,203
DA:156,203
DA:157,203
DA:158,203
DA:159,203
DA:160,203
DA:161,82
DA:162,82
DA:163,82
DA:164,82
DA:165,82
DA:166,82
DA:167,82
DA:168,82
DA:169,203
DA:170,203
DA:171,203
DA:172,203
DA:173,203
DA:174,203
DA:175,203
DA:176,203
DA:177,203
DA:178,203
DA:179,203
DA:180,203
DA:181,203
DA:182,203
DA:183,203
DA:184,203
DA:185,203
DA:186,203
DA:187,203
DA:188,203
DA:189,203
DA:190,203
DA:191,203
DA:192,83
DA:193,83
DA:194,83
DA:195,203
DA:196,203
DA:197,203
DA:198,203
DA:199,73
DA:200,73
DA:201,16
DA:202,203
DA:203,203
DA:204,203
DA:205,203
DA:206,41
DA:207,41
DA:208,8
DA:209,203
DA:210,203
DA:211,203
DA:212,203
DA:213,66
DA:214,66
DA:215,22
DA:216,17
DA:217,66
DA:218,66
DA:219,4
DA:220,203
DA:221,203
DA:222,203
DA:223,203
DA:224,6
DA:225,0
DA:226,203
DA:227,203
DA:228,203
DA:229,203
DA:230,203
DA:231,203
DA:232,203
DA:233,203
DA:234,203
DA:235,203
DA:236,203
DA:237,203
DA:238,203
DA:239,203
DA:240,203
DA:241,203
DA:242,203
DA:243,203
DA:244,203
DA:245,203
DA:246,203
DA:247,203
DA:248,203
DA:249,203
DA:250,203
DA:251,203
DA:252,203
DA:253,203
DA:254,203
DA:255,203
DA:256,203
DA:257,203
DA:258,203
DA:259,203
DA:260,203
DA:261,203
DA:262,203
DA:263,203
DA:264,203
DA:265,203
DA:266,203
DA:267,203
DA:268,203
DA:269,203
DA:270,203
DA:271,203
DA:272,203
DA:273,203
DA:274,203
DA:275,203
DA:276,203
DA:277,203
DA:278,203
DA:279,203
DA:280,203
DA:281,203
DA:282,203
DA:283,203
DA:284,203
DA:285,203
DA:286,203
DA:287,203
DA:288,203
DA:289,203
DA:290,203
DA:291,203
DA:292,203
DA:293,203
DA:294,203
DA:295,203
DA:296,203
DA:297,203
DA:298,203
DA:299,203
DA:300,203
DA:301,203
DA:302,203
DA:303,203
DA:304,203
DA:305,203
DA:306,203
DA:307,203
DA:308,203
DA:309,203
DA:310,203
DA:311,203
DA:312,203
DA:313,203
DA:314,203
DA:315,203
DA:316,203
DA:317,203
DA:318,203
DA:319,203
DA:320,203
DA:321,203
DA:322,203
DA:323,203
DA:324,203
DA:325,203
DA:326,203
DA:327,203
DA:328,203
DA:329,203
DA:330,203
DA:331,203
DA:332,203
DA:333,203
DA:334,85
DA:335,85
DA:336,85
DA:337,85
DA:338,85
DA:339,69
DA:340,69
DA:341,69
DA:342,69
DA:343,52
DA:344,52
DA:345,52
DA:346,18
DA:347,44
DA:348,85
DA:349,85
DA:350,85
DA:351,85
DA:352,85
DA:353,85
DA:354,203
DA:355,203
DA:356,203
DA:357,203
DA:358,9
DA:359,9
DA:360,9
DA:361,203
DA:362,203
DA:363,203
DA:364,203
DA:365,203
DA:366,203
DA:367,203
DA:368,203
DA:369,203
DA:370,203
DA:371,203
DA:372,203
DA:373,203
DA:374,203
DA:375,203
DA:376,203
DA:377,203
DA:378,203
DA:379,203
DA:380,203
DA:381,203
DA:382,203
DA:383,203
DA:384,203
DA:385,203
DA:386,203
DA:387,203
DA:388,203
DA:389,203
DA:390,54
DA:391,54
DA:392,54
DA:393,54
DA:394,54
DA:395,54
DA:396,54
DA:397,54
DA:398,203
DA:399,203
DA:400,203
DA:401,203
DA:402,203
DA:403,203
DA:404,203
DA:405,203
DA:406,4
DA:407,4
DA:408,4
DA:409,4
DA:410,4
DA:411,4
DA:412,4
DA:413,4
DA:414,203
DA:415,203
DA:416,203
DA:417,203
DA:418,203
DA:419,203
DA:420,203
DA:421,203
DA:422,203
DA:423,203
DA:424,203
DA:425,203
DA:426,203
DA:427,203
DA:428,203
DA:429,203
DA:430,203
DA:431,203
DA:432,203
DA:433,4
DA:434,4
DA:435,4
DA:436,4
DA:437,4
DA:438,4
DA:439,4
DA:440,4
DA:441,203
DA:442,203
DA:443,203
DA:444,203
DA:445,203
DA:446,203
DA:447,203
DA:448,13
DA:449,13
DA:450,13
DA:451,13
DA:452,13
DA:453,13
DA:454,203
DA:455,203
DA:456,203
DA:457,203
DA:458,203
DA:459,203
DA:460,203
DA:461,203
DA:462,203
DA:463,203
DA:464,203
DA:465,2
DA:466,2
DA:467,2
DA:468,2
DA:469,2
DA:470,2
DA:471,2
DA:472,2
DA:473,2
DA:474,203
DA:475,203
DA:476,203
DA:477,203
DA:478,203
DA:479,203
DA:480,3
DA:481,3
DA:482,3
DA:483,3
DA:484,3
DA:485,3
DA:486,3
DA:487,203
DA:488,203
DA:489,203
DA:490,203
DA:491,16
DA:492,16
DA:493,16
DA:494,16
DA:495,16
DA:496,16
DA:497,203
DA:498,203
DA:499,203
DA:500,203
DA:501,203
DA:502,203
DA:503,203
DA:504,203
DA:505,43
DA:506,43
DA:507,203
DA:508,203
DA:509,203
DA:510,203
DA:511,203
DA:512,203
DA:513,203
DA:514,203
DA:515,24
DA:516,24
DA:517,203
DA:518,203
DA:519,203
DA:520,203
DA:521,203
DA:522,203
DA:523,203
DA:524,203
DA:525,2
DA:526,2
DA:527,203
DA:528,203
DA:529,203
DA:530,203
DA:531,203
DA:532,203
DA:533,203
DA:534,203
DA:535,16
DA:536,16
DA:537,203
DA:538,203
DA:539,203
DA:540,34
DA:541,34
DA:542,34
DA:543,34
DA:544,203
DA:545,203
DA:546,203
DA:547,203
DA:548,1
DA:549,1
DA:550,203
DA:551,203
DA:552,1
DA:553,1
DA:554,1
DA:555,1
DA:556,1
DA:557,1
DA:558,203
DA:559,203
DA:560,3
DA:561,3
DA:562,203
DA:563,203
DA:564,1
DA:565,1
DA:566,1
DA:567,1
DA:568,1
DA:569,1
DA:570,1
DA:571,1
DA:572,1
DA:573,1
DA:574,1
DA:575,1
DA:576,1
DA:577,1
DA:578,203
DA:579,203
DA:580,11
DA:581,11
DA:582,11
DA:583,11
DA:584,11
DA:585,11
DA:586,11
DA:587,11
DA:588,11
DA:589,11
DA:590,11
DA:591,11
DA:592,11
DA:593,203
DA:594,203
DA:595,203
DA:596,2
DA:597,2
DA:598,1
DA:599,1
DA:600,1
DA:601,1
DA:602,1
DA:603,1
DA:604,1
DA:605,1
DA:606,1
DA:607,1
DA:608,1
DA:609,1
DA:610,1
DA:611,1
DA:612,1
DA:613,1
DA:614,1
DA:615,1
DA:616,1
DA:617,1
DA:618,1
DA:619,1
DA:620,2
DA:621,1
DA:622,1
DA:623,1
DA:624,1
DA:625,1
DA:626,1
DA:627,1
DA:628,1
DA:629,1
DA:630,1
DA:631,0
DA:632,1
DA:633,2
DA:634,2
DA:635,2
DA:636,2
DA:637,2
DA:638,2
DA:639,2
DA:640,2
DA:641,2
DA:642,2
DA:643,2
DA:644,2
DA:645,2
DA:646,2
DA:647,2
DA:648,203
DA:649,203
DA:650,3
DA:651,3
DA:652,3
DA:653,3
DA:654,203
DA:655,203
DA:656,1
DA:657,1
DA:658,1
DA:659,1
DA:660,1
DA:661,1
DA:662,1
DA:663,203
DA:664,203
DA:665,1
DA:666,1
DA:667,1
DA:668,203
DA:669,203
DA:670,203
DA:671,1
DA:672,1
DA:673,1
DA:674,1
DA:675,0
DA:676,0
DA:677,0
DA:678,0
DA:679,0
DA:680,203
DA:681,203
DA:682,57
DA:683,57
DA:684,203
DA:685,203
DA:686,26
DA:687,26
DA:688,26
DA:689,26
DA:690,26
DA:691,26
DA:692,203
DA:693,203
DA:694,1
DA:695,1
DA:696,1
DA:697,1
DA:698,1
DA:699,1
DA:700,1
DA:701,1
DA:702,1
DA:703,1
DA:704,1
DA:705,1
DA:706,203
DA:707,203
DA:708,1
DA:709,1
DA:710,1
DA:711,1
DA:712,1
DA:713,1
DA:714,1
DA:715,1
DA:716,1
DA:717,1
DA:718,1
DA:719,1
DA:720,1
DA:721,1
DA:722,1
DA:723,1
DA:724,1
DA:725,1
DA:726,1
DA:727,1
DA:728,1
DA:729,1
DA:730,1
DA:731,1
DA:732,1
DA:733,1
DA:734,1
DA:735,1
DA:736,1
DA:737,1
DA:738,1
DA:739,1
DA:740,1
DA:741,1
DA:742,1
DA:743,1
DA:744,1
DA:745,203
DA:746,203
DA:747,21
DA:748,21
DA:749,21
DA:750,21
DA:751,21
DA:752,21
DA:753,21
DA:754,21
DA:755,21
DA:756,21
DA:757,21
DA:758,21
DA:759,21
DA:760,21
DA:761,21
DA:762,21
DA:763,203
DA:764,203
DA:765,203
DA:766,2
DA:767,2
DA:768,2
DA:769,2
DA:770,2
DA:771,2
DA:772,2
DA:773,2
DA:774,2
DA:775,2
DA:776,2
DA:777,2
DA:778,2
DA:779,2
DA:780,2
DA:781,2
DA:782,2
DA:783,2
DA:784,2
DA:785,2
DA:786,2
DA:787,2
DA:788,2
DA:789,2
DA:790,2
DA:791,2
DA:792,2
DA:793,2
DA:794,2
DA:795,2
DA:796,2
DA:797,2
DA:798,2
DA:799,2
DA:800,2
DA:801,2
DA:802,2
DA:803,2
DA:804,2
DA:805,2
DA:806,2
DA:807,2
DA:808,2
DA:809,2
DA:810,2
DA:811,2
DA:812,2
DA:813,2
DA:814,2
DA:815,2
DA:816,2
DA:817,2
DA:818,2
DA:819,2
DA:820,2
DA:821,2
DA:822,203
DA:823,203
DA:824,9
DA:825,9
DA:826,9
DA:827,9
DA:828,9
DA:829,9
DA:830,9
DA:831,9
DA:832,9
DA:833,9
DA:834,9
DA:835,9
DA:836,9
DA:837,9
DA:838,9
DA:839,9
DA:840,9
DA:841,9
DA:842,9
DA:843,9
DA:844,9
DA:845,9
DA:846,9
DA:847,9
DA:848,9
DA:849,9
DA:850,9
DA:851,9
DA:852,9
DA:853,9
DA:854,9
DA:855,9
DA:856,9
DA:857,9
DA:858,9
DA:859,9
DA:860,9
DA:861,9
DA:862,5
DA:863,5
DA:864,5
DA:865,5
DA:866,9
DA:867,9
DA:868,9
DA:869,9
DA:870,9
DA:871,203
DA:872,203
DA:873,203
DA:874,3
DA:875,3
DA:876,3
DA:877,3
DA:878,3
DA:879,3
DA:880,3
DA:881,3
DA:882,0
DA:883,0
DA:884,0
DA:885,0
DA:886,0
DA:887,0
DA:888,3
DA:889,3
DA:890,3
DA:891,3
DA:892,3
DA:893,3
DA:894,3
DA:895,3
DA:896,3
DA:897,3
DA:898,3
DA:899,3
DA:900,3
DA:901,3
DA:902,3
DA:903,3
DA:904,3
DA:905,3
DA:906,1
DA:907,1
DA:908,3
DA:909,0
DA:910,0
DA:911,0
DA:912,0
DA:913,0
DA:914,0
DA:915,0
DA:916,0
DA:917,0
DA:918,0
DA:919,0
DA:920,0
DA:921,0
DA:922,0
DA:923,0
DA:924,3
DA:925,2
DA:926,2
DA:927,1
DA:928,1
DA:929,1
DA:930,1
DA:931,1
DA:932,1
DA:933,1
DA:934,1
DA:935,1
DA:936,1
DA:937,1
DA:938,1
DA:939,1
DA:940,1
DA:941,1
DA:942,1
DA:943,1
DA:944,3
DA:945,3
DA:946,3
DA:947,3
DA:948,3
DA:949,3
DA:950,3
DA:951,3
DA:952,3
DA:953,3
DA:954,3
DA:955,3
DA:956,3
DA:957,3
DA:958,3
DA:959,3
DA:960,3
DA:961,3
DA:962,3
DA:963,3
DA:964,3
DA:965,3
DA:966,3
DA:967,3
DA:968,3
DA:969,3
DA:970,1
DA:971,3
DA:972,3
DA:973,1
DA:974,3
DA:975,3
DA:976,1
DA:977,3
DA:978,3
DA:979,0
DA:980,3
DA:981,3
DA:982,1
DA:983,3
DA:984,3
DA:985,0
DA:986,3
DA:987,3
DA:988,3
DA:989,3
DA:990,3
DA:991,3
DA:992,3
DA:993,3
DA:994,3
DA:995,3
DA:996,3
DA:997,3
DA:998,3
DA:999,3
DA:1000,3
DA:1001,3
DA:1002,3
DA:1003,3
DA:1004,3
DA:1005,3
DA:1006,3
DA:1007,3
DA:1008,3
DA:1009,3
DA:1010,3
DA:1011,203
DA:1012,203
DA:1013,36
DA:1014,36
DA:1015,36
DA:1016,36
DA:1017,36
DA:1018,203
DA:1019,203
DA:1020,21
DA:1021,21
DA:1022,21
DA:1023,21
DA:1024,21
DA:1025,21
DA:1026,21
DA:1027,21
DA:1028,21
DA:1029,21
DA:1030,13
DA:1031,13
DA:1032,21
DA:1033,21
DA:1034,21
DA:1035,21
DA:1036,21
DA:1037,21
DA:1038,21
DA:1039,21
DA:1040,21
DA:1041,21
DA:1042,21
DA:1043,21
DA:1044,21
DA:1045,21
DA:1046,21
DA:1047,203
DA:1048,203
DA:1049,3
DA:1050,3
DA:1051,3
DA:1052,3
DA:1053,3
DA:1054,3
DA:1055,3
DA:1056,3
DA:1057,3
DA:1058,3
DA:1059,3
DA:1060,3
DA:1061,203
DA:1062,203
DA:1063,1
DA:1064,1
DA:1065,1
DA:1066,1
DA:1067,1
DA:1068,1
DA:1069,1
DA:1070,1
DA:1071,1
DA:1072,1
DA:1073,1
DA:1074,1
DA:1075,1
DA:1076,1
DA:1077,1
DA:1078,1
DA:1079,1
DA:1080,1
DA:1081,1
DA:1082,1
DA:1083,1
DA:1084,1
DA:1085,1
DA:1086,1
DA:1087,1
DA:1088,1
DA:1089,1
DA:1090,1
DA:1091,1
DA:1092,1
DA:1093,1
DA:1094,1
DA:1095,1
DA:1096,1
DA:1097,1
DA:1098,1
DA:1099,1
DA:1100,1
DA:1101,1
DA:1102,203
DA:1103,203
DA:1104,3
DA:1105,3
DA:1106,3
DA:1107,203
DA:1108,203
DA:1109,2
DA:1110,2
DA:1111,2
DA:1112,2
DA:1113,2
DA:1114,2
DA:1115,2
DA:1116,2
DA:1117,2
DA:1118,2
DA:1119,2
DA:1120,2
DA:1121,2
DA:1122,2
DA:1123,2
DA:1124,2
DA:1125,2
DA:1126,2
DA:1127,2
DA:1128,2
DA:1129,2
DA:1130,2
DA:1131,2
DA:1132,2
DA:1133,2
DA:1134,2
DA:1135,2
DA:1136,2
DA:1137,2
DA:1138,2
DA:1139,2
DA:1140,2
DA:1141,2
DA:1142,2
DA:1143,2
DA:1144,2
DA:1145,2
DA:1146,2
DA:1147,2
DA:1148,2
DA:1149,203
DA:1150,203
DA:1151,2
DA:1152,2
DA:1153,2
DA:1154,2
DA:1155,2
DA:1156,2
DA:1157,2
DA:1158,203
DA:1159,203
DA:1160,1
DA:1161,1
DA:1162,1
DA:1163,1
DA:1164,1
DA:1165,1
DA:1166,1
DA:1167,1
DA:1168,1
DA:1169,1
DA:1170,1
DA:1171,1
DA:1172,1
DA:1173,1
DA:1174,1
DA:1175,1
DA:1176,1
DA:1177,1
DA:1178,1
DA:1179,1
DA:1180,1
DA:1181,1
DA:1182,1
DA:1183,1
DA:1184,203
DA:1185,203
DA:1186,4
DA:1187,4
DA:1188,4
DA:1189,4
DA:1190,4
DA:1191,203
DA:1192,203
DA:1193,1
DA:1194,1
DA:1195,1
DA:1196,1
DA:1197,203
DA:1198,203
DA:1199,4
DA:1200,4
DA:1201,4
DA:1202,4
DA:1203,4
DA:1204,203
DA:1205,203
DA:1206,1
DA:1207,1
DA:1208,1
DA:1209,1
DA:1210,1
DA:1211,1
DA:1212,203
DA:1213,203
DA:1214,1
DA:1215,1
DA:1216,1
DA:1217,1
DA:1218,1
DA:1219,1
DA:1220,1
DA:1221,1
DA:1222,1
DA:1223,1
DA:1224,1
DA:1225,203
DA:1226,203
DA:1227,1
DA:1228,1
DA:1229,1
DA:1230,1
DA:1231,1
DA:1232,1
DA:1233,1
DA:1234,1
DA:1235,1
DA:1236,1
DA:1237,1
DA:1238,1
DA:1239,1
DA:1240,203
DA:1241,203
DA:1242,1
DA:1243,1
DA:1244,1
DA:1245,1
DA:1246,1
DA:1247,1
DA:1248,1
DA:1249,1
DA:1250,1
DA:1251,1
DA:1252,203
DA:1253,203
DA:1254,1
DA:1255,1
DA:1256,1
DA:1257,1
DA:1258,1
DA:1259,1
DA:1260,1
DA:1261,1
DA:1262,1
DA:1263,1
DA:1264,1
DA:1265,1
DA:1266,1
DA:1267,1
DA:1268,1
DA:1269,1
DA:1270,1
DA:1271,1
DA:1272,1
DA:1273,1
DA:1274,1
DA:1275,1
DA:1276,1
DA:1277,1
DA:1278,1
DA:1279,1
DA:1280,1
DA:1281,1
DA:1282,203
DA:1283,203
DA:1284,4
DA:1285,4
DA:1286,203
DA:1287,203
DA:1288,2
DA:1289,2
DA:1290,2
DA:1291,203
DA:1292,203
DA:1293,1
DA:1294,1
DA:1295,1
DA:1296,203
DA:1297,203
DA:1298,203
DA:1299,1
DA:1300,1
DA:1301,1
DA:1302,1
DA:1303,1
DA:1304,1
DA:1305,1
DA:1306,1
DA:1307,1
DA:1308,1
DA:1309,1
DA:1310,1
DA:1311,1
DA:1312,1
DA:1313,1
DA:1314,1
DA:1315,1
DA:1316,1
DA:1317,1
DA:1318,1
DA:1319,1
DA:1320,203
DA:1321,203
DA:1322,1
DA:1323,1
DA:1324,203
DA:1325,203
DA:1326,14
DA:1327,14
DA:1328,203
DA:1329,203
DA:1330,77
DA:1331,77
DA:1332,63
DA:1333,68
DA:1334,203
DA:1335,203
DA:1336,32
DA:1337,32
DA:1338,32
DA:1339,32
DA:1340,32
DA:1341,28
DA:1342,28
DA:1343,28
DA:1344,28
DA:1345,28
DA:1346,28
DA:1347,28
DA:1348,28
DA:1349,20
DA:1350,24
DA:1351,28
DA:1352,28
DA:1353,28
DA:1354,28
DA:1355,24
DA:1356,24
DA:1357,24
DA:1358,24
DA:1359,203
DA:1360,203
DA:1361,55
DA:1362,55
DA:1363,203
DA:1364,203
DA:1365,26
DA:1366,26
DA:1367,26
DA:1368,26
DA:1369,26
DA:1370,26
DA:1371,26
DA:1372,26
DA:1373,26
DA:1374,26
DA:1375,26
DA:1376,26
DA:1377,26
DA:1378,203
DA:1379,203
DA:1380,30
DA:1381,30
DA:1382,203
DA:1383,203
DA:1384,22
DA:1385,22
DA:1386,22
DA:1387,22
DA:1388,22
DA:1389,22
DA:1390,203
DA:1391,203
DA:1392,203
DA:1393,203
DA:1394,203
DA:1395,203
DA:1396,203
DA:1397,203
DA:1398,203
DA:1399,203
DA:1400,203
DA:1401,203
DA:1402,203
DA:1403,203
DA:1404,203
DA:1405,203
DA:1406,203
DA:1407,203
DA:1408,203
DA:1409,203
DA:1410,203
DA:1411,203
DA:1412,203
DA:1413,203
DA:1414,203
DA:1415,203
DA:1416,203
DA:1417,203
DA:1418,203
DA:1419,203
DA:1420,203
DA:1421,203
DA:1422,203
DA:1423,203
DA:1424,203
DA:1425,203
DA:1426,203
DA:1427,203
DA:1428,203
DA:1429,203
DA:1430,203
DA:1431,203
DA:1432,203
DA:1433,203
DA:1434,203
DA:1435,203
DA:1436,203
DA:1437,203
DA:1438,203
DA:1439,203
DA:1440,203
DA:1441,203
DA:1442,203
DA:1443,203
DA:1444,203
DA:1445,203
DA:1446,203
DA:1447,203
DA:1448,203
DA:1449,203
DA:1450,203
DA:1451,203
DA:1452,203
DA:1453,203
DA:1454,203
DA:1455,203
DA:1456,203
DA:1457,203
DA:1458,203
DA:1459,203
DA:1460,203
DA:1461,203
DA:1462,203
DA:1463,203
DA:1464,203
DA:1465,203
DA:1466,203
DA:1467,203
DA:1468,203
DA:1469,203
DA:1470,203
DA:1471,203
DA:1472,203
DA:1473,203
DA:1474,203
DA:1475,203
DA:1476,203
DA:1477,203
DA:1478,203
DA:1479,203
DA:1480,203
DA:1481,203
DA:1482,203
DA:1483,203
DA:1484,203
DA:1485,203
DA:1486,203
DA:1487,203
DA:1488,203
DA:1489,203
DA:1490,203
DA:1491,203
DA:1492,203
DA:1493,203
DA:1494,203
DA:1495,203
DA:1496,203
DA:1497,203
DA:1498,203
DA:1499,203
DA:1500,203
DA:1501,203
DA:1502,203
DA:1503,203
DA:1504,203
DA:1505,203
DA:1506,203
DA:1507,203
DA:1508,203
DA:1509,203
DA:1510,203
DA:1511,203
DA:1512,203
DA:1513,203
DA:1514,203
DA:1515,203
DA:1516,203
DA:1517,203
DA:1518,203
DA:1519,203
DA:1520,203
DA:1521,203
DA:1522,203
DA:1523,203
DA:1524,203
DA:1525,203
DA:1526,203
DA:1527,203
DA:1528,203
DA:1529,203
DA:1530,203
DA:1531,203
DA:1532,203
DA:1533,203
DA:1534,203
DA:1535,203
DA:1536,203
DA:1537,203
DA:1538,203
DA:1539,203
DA:1540,203
DA:1541,203
DA:1542,203
DA:1543,203
DA:1544,203
DA:1545,203
DA:1546,203
DA:1547,203
DA:1548,203
DA:1549,203
DA:1550,203
DA:1551,203
DA:1552,203
DA:1553,203
DA:1554,203
DA:1555,203
DA:1556,203
DA:1557,203
DA:1558,107
DA:1559,107
DA:1560,203
DA:1561,203
DA:1562,203
DA:1563,203
DA:1564,203
DA:1565,203
DA:1566,203
DA:1567,203
DA:1568,203
DA:1569,203
DA:1570,203
DA:1571,203
DA:1572,203
DA:1573,203
DA:1574,203
DA:1575,203
DA:1576,203
DA:1577,203
DA:1578,203
DA:1579,203
DA:1580,203
DA:1581,203
DA:1582,203
DA:1583,203
DA:1584,203
DA:1585,203
DA:1586,203
DA:1587,203
DA:1588,203
DA:1589,203
DA:1590,203
DA:1591,203
DA:1592,203
DA:1593,203
DA:1594,203
DA:1595,203
DA:1596,203
DA:1597,203
DA:1598,203
DA:1599,203
DA:1600,203
DA:1601,203
DA:1602,203
DA:1603,203
DA:1604,203
DA:1605,203
DA:1606,203
DA:1607,203
DA:1608,203
DA:1609,203
DA:1610,203
DA:1611,203
DA:1612,203
DA:1613,203
DA:1614,203
DA:1615,203
DA:1616,203
DA:1617,203
DA:1618,203
DA:1619,203
DA:1620,203
DA:1621,203
DA:1622,203
DA:1623,203
DA:1624,203
DA:1625,203
DA:1626,203
DA:1627,203
DA:1628,203
DA:1629,203
DA:1630,203
DA:1631,203
DA:1632,203
DA:1633,203
DA:1634,203
DA:1635,203
DA:1636,203
DA:1637,203
DA:1638,203
DA:1639,203
DA:1640,203
DA:1641,203
DA:1642,203
DA:1643,203
DA:1644,203
DA:1645,203
DA:1646,203
DA:1647,203
DA:1648,203
DA:1649,203
DA:1650,203
DA:1651,203
DA:1652,203
DA:1653,203
DA:1654,203
DA:1655,203
DA:1656,203
DA:1657,203
DA:1658,203
DA:1659,203
DA:1660,203
DA:1661,203
DA:1662,203
DA:1663,203
DA:1664,203
DA:1665,203
DA:1666,203
DA:1667,203
DA:1668,203
DA:1669,203
DA:1670,203
DA:1671,203
DA:1672,203
DA:1673,203
DA:1674,203
DA:1675,203
DA:1676,203
DA:1677,203
DA:1678,203
DA:1679,203
DA:1680,203
DA:1681,203
DA:1682,203
DA:1683,203
DA:1684,203
DA:1685,203
DA:1686,203
DA:1687,203
DA:1688,203
DA:1689,203
DA:1690,203
DA:1691,203
DA:1692,203
DA:1693,203
DA:1694,203
DA:1695,203
DA:1696,203
DA:1697,203
DA:1698,203
DA:1699,203
DA:1700,203
DA:1701,203
DA:1702,203
DA:1703,203
DA:1704,203
DA:1705,203
DA:1706,203
DA:1707,203
DA:1708,203
DA:1709,203
DA:1710,203
DA:1711,203
DA:1712,203
DA:1713,203
DA:1714,203
DA:1715,203
DA:1716,203
DA:1717,203
DA:1718,203
DA:1719,203
DA:1720,203
DA:1721,203
DA:1722,203
DA:1723,203
DA:1724,203
DA:1725,203
DA:1726,203
DA:1727,203
DA:1728,203
DA:1729,203
DA:1730,203
DA:1731,203
DA:1732,203
DA:1733,203
DA:1734,203
DA:1735,203
DA:1736,203
DA:1737,203
DA:1738,203
DA:1739,203
DA:1740,203
DA:1741,203
DA:1742,203
DA:1743,203
DA:1744,203
DA:1745,203
DA:1746,203
DA:1747,203
DA:1748,203
DA:1749,203
DA:1750,203
DA:1751,203
DA:1752,203
DA:1753,203
DA:1754,203
DA:1755,203
DA:1756,203
DA:1757,203
DA:1758,203
DA:1759,203
DA:1760,203
DA:1761,203
DA:1762,203
DA:1763,203
DA:1764,203
DA:1765,203
DA:1766,203
DA:1767,203
DA:1768,203
DA:1769,203
DA:1770,203
DA:1771,203
DA:1772,203
DA:1773,203
DA:1774,203
DA:1775,203
DA:1776,203
DA:1777,203
DA:1778,203
DA:1779,203
DA:1780,203
DA:1781,203
DA:1782,203
DA:1783,203
DA:1784,203
DA:1785,203
DA:1786,203
DA:1787,203
DA:1788,203
DA:1789,203
DA:1790,203
DA:1791,203
DA:1792,203
DA:1793,203
DA:1794,203
DA:1795,203
DA:1796,203
DA:1797,203
DA:1798,203
DA:1799,203
DA:1800,203
DA:1801,203
DA:1802,203
DA:1803,203
DA:1804,203
DA:1805,203
DA:1806,203
DA:1807,203
DA:1808,203
DA:1809,203
DA:1810,203
DA:1811,203
DA:1812,203
DA:1813,203
DA:1814,203
DA:1815,203
DA:1816,203
DA:1817,203
DA:1818,203
DA:1819,203
DA:1820,203
DA:1821,203
DA:1822,203
DA:1823,203
DA:1824,203
DA:1825,203
DA:1826,203
DA:1827,203
DA:1828,203
DA:1829,203
DA:1830,203
DA:1831,203
DA:1832,203
DA:1833,203
DA:1834,203
DA:1835,203
DA:1836,203
DA:1837,203
DA:1838,203
DA:1839,203
DA:1840,203
DA:1841,203
DA:1842,203
DA:1843,203
DA:1844,203
DA:1845,203
DA:1846,203
DA:1847,203
DA:1848,203
DA:1849,203
DA:1850,203
DA:1851,203
DA:1852,203
DA:1853,203
DA:1854,203
DA:1855,203
DA:1856,203
DA:1857,203
DA:1858,203
DA:1859,203
DA:1860,203
DA:1861,203
DA:1862,203
DA:1863,203
DA:1864,203
DA:1865,203
DA:1866,203
DA:1867,203
DA:1868,203
DA:1869,203
DA:1870,203
DA:1871,203
DA:1872,203
DA:1873,203
DA:1874,203
DA:1875,203
DA:1876,203
DA:1877,203
DA:1878,203
DA:1879,203
DA:1880,203
DA:1881,203
DA:1882,203
DA:1883,203
DA:1884,203
DA:1885,203
DA:1886,203
DA:1887,203
DA:1888,203
DA:1889,203
DA:1890,203
DA:1891,203
DA:1892,203
DA:1893,203
DA:1894,203
DA:1895,203
DA:1896,203
DA:1897,203
DA:1898,203
DA:1899,203
DA:1900,203
DA:1901,203
DA:1902,203
DA:1903,203
DA:1904,203
DA:1905,203
DA:1906,203
DA:1907,203
DA:1908,203
DA:1909,203
DA:1910,203
DA:1911,203
DA:1912,203
DA:1913,203
DA:1914,203
DA:1915,203
DA:1916,203
DA:1917,203
DA:1918,203
DA:1919,203
DA:1920,203
DA:1921,203
DA:1922,203
DA:1923,203
DA:1924,203
DA:1925,203
DA:1926,203
DA:1927,203
DA:1928,203
DA:1929,203
DA:1930,203
DA:1931,203
DA:1932,203
DA:1933,203
DA:1934,203
DA:1935,203
DA:1936,203
DA:1937,203
DA:1938,203
DA:1939,203
DA:1940,203
DA:1941,203
DA:1942,203
DA:1943,203
DA:1944,203
DA:1945,203
DA:1946,203
DA:1947,203
DA:1948,203
DA:1949,203
DA:1950,203
DA:1951,203
DA:1952,203
DA:1953,203
DA:1954,203
DA:1955,203
DA:1956,203
DA:1957,203
DA:1958,203
DA:1959,203
DA:1960,203
DA:1961,203
DA:1962,203
DA:1963,203
DA:1964,203
DA:1965,203
DA:1966,203
DA:1967,203
DA:1968,203
DA:1969,203
DA:1970,203
DA:1971,203
DA:1972,203
DA:1973,203
DA:1974,203
DA:1975,203
DA:1976,203
DA:1977,203
DA:1978,203
DA:1979,203
DA:1980,203
DA:1981,203
DA:1982,203
DA:1983,203
DA:1984,203
DA:1985,203
DA:1986,203
DA:1987,203
DA:1988,203
DA:1989,203
DA:1990,203
DA:1991,203
DA:1992,203
DA:1993,203
DA:1994,203
DA:1995,203
DA:1996,203
DA:1997,203
DA:1998,203
DA:1999,203
DA:2000,203
DA:2001,203
DA:2002,203
DA:2003,203
DA:2004,203
DA:2005,203
DA:2006,203
DA:2007,203
DA:2008,203
DA:2009,203
DA:2010,203
DA:2011,203
DA:2012,203
DA:2013,203
DA:2014,203
DA:2015,203
DA:2016,203
DA:2017,203
DA:2018,203
DA:2019,203
DA:2020,203
DA:2021,203
DA:2022,203
DA:2023,203
DA:2024,203
DA:2025,203
DA:2026,203
DA:2027,203
DA:2028,203
DA:2029,203
DA:2030,203
DA:2031,203
DA:2032,203
DA:2033,203
DA:2034,203
DA:2035,203
DA:2036,203
DA:2037,203
DA:2038,203
DA:2039,203
DA:2040,203
DA:2041,203
DA:2042,203
DA:2043,203
DA:2044,203
DA:2045,203
DA:2046,203
DA:2047,203
DA:2048,203
DA:2049,203
DA:2050,203
DA:2051,203
DA:2052,203
DA:2053,203
DA:2054,203
DA:2055,203
DA:2056,203
DA:2057,203
DA:2058,203
DA:2059,203
DA:2060,203
DA:2061,203
DA:2062,203
DA:2063,203
DA:2064,203
DA:2065,203
DA:2066,203
DA:2067,203
DA:2068,203
DA:2069,203
DA:2070,203
DA:2071,203
DA:2072,203
DA:2073,203
DA:2074,203
DA:2075,203
DA:2076,203
DA:2077,203
DA:2078,203
DA:2079,203
DA:2080,203
DA:2081,203
DA:2082,203
DA:2083,203
DA:2084,203
DA:2085,203
DA:2086,203
DA:2087,203
DA:2088,203
DA:2089,203
DA:2090,203
DA:2091,203
DA:2092,203
DA:2093,203
DA:2094,203
DA:2095,203
DA:2096,203
DA:2097,203
DA:2098,203
DA:2099,203
DA:2100,203
DA:2101,203
DA:2102,203
DA:2103,203
DA:2104,203
DA:2105,203
DA:2106,203
DA:2107,203
DA:2108,203
DA:2109,203
DA:2110,203
DA:2111,203
DA:2112,203
DA:2113,203
DA:2114,203
DA:2115,203
DA:2116,203
DA:2117,203
DA:2118,203
DA:2119,203
DA:2120,203
DA:2121,203
DA:2122,203
DA:2123,203
DA:2124,203
DA:2125,203
DA:2126,203
DA:2127,203
DA:2128,203
DA:2129,203
DA:2130,203
DA:2131,203
DA:2132,203
DA:2133,203
DA:2134,203
DA:2135,203
DA:2136,203
DA:2137,203
DA:2138,203
DA:2139,203
DA:2140,203
DA:2141,203
DA:2142,203
DA:2143,203
DA:2144,203
DA:2145,203
DA:2146,203
DA:2147,203
DA:2148,203
DA:2149,203
DA:2150,203
DA:2151,203
DA:2152,203
DA:2153,203
DA:2154,203
DA:2155,203
DA:2156,203
DA:2157,203
DA:2158,203
DA:2159,203
DA:2160,203
DA:2161,203
DA:2162,203
DA:2163,203
DA:2164,203
DA:2165,203
DA:2166,203
DA:2167,203
DA:2168,203
DA:2169,203
DA:2170,203
DA:2171,203
DA:2172,203
DA:2173,203
DA:2174,203
DA:2175,203
DA:2176,203
DA:2177,203
DA:2178,203
DA:2179,203
DA:2180,203
DA:2181,203
DA:2182,203
DA:2183,203
DA:2184,203
DA:2185,203
DA:2186,203
DA:2187,203
DA:2188,203
DA:2189,203
DA:2190,203
DA:2191,203
DA:2192,203
DA:2193,203
DA:2194,203
DA:2195,203
DA:2196,203
DA:2197,203
DA:2198,203
DA:2199,203
DA:2200,203
DA:2201,203
DA:2202,203
DA:2203,203
DA:2204,203
DA:2205,203
DA:2206,203
DA:2207,203
DA:2208,203
DA:2209,203
DA:2210,203
DA:2211,203
DA:2212,203
DA:2213,203
DA:2214,203
DA:2215,203
DA:2216,203
DA:2217,203
DA:2218,203
DA:2219,203
DA:2220,203
DA:2221,203
DA:2222,203
DA:2223,203
DA:2224,203
DA:2225,203
DA:2226,203
DA:2227,203
DA:2228,203
DA:2229,203
DA:2230,203
DA:2231,203
DA:2232,203
DA:2233,203
DA:2234,203
DA:2235,203
DA:2236,203
DA:2237,203
DA:2238,203
DA:2239,203
DA:2240,203
DA:2241,203
DA:2242,203
DA:2243,203
DA:2244,203
DA:2245,203
DA:2246,203
DA:2247,203
DA:2248,203
DA:2249,203
DA:2250,203
DA:2251,203
DA:2252,203
DA:2253,203
DA:2254,203
DA:2255,203
DA:2256,203
DA:2257,203
DA:2258,203
DA:2259,203
DA:2260,203
DA:2261,203
DA:2262,203
DA:2263,203
DA:2264,203
DA:2265,203
DA:2266,203
DA:2267,203
DA:2268,203
DA:2269,203
DA:2270,203
DA:2271,203
DA:2272,203
DA:2273,203
DA:2274,203
DA:2275,203
DA:2276,203
DA:2277,203
DA:2278,203
DA:2279,203
DA:2280,203
DA:2281,203
DA:2282,203
DA:2283,203
DA:2284,203
DA:2285,203
DA:2286,203
DA:2287,203
DA:2288,203
DA:2289,203
DA:2290,203
DA:2291,203
DA:2292,203
DA:2293,203
DA:2294,203
DA:2295,203
DA:2296,203
DA:2297,203
DA:2298,203
DA:2299,203
DA:2300,203
DA:2301,203
DA:2302,203
DA:2303,203
DA:2304,203
DA:2305,203
DA:2306,203
DA:2307,203
DA:2308,203
DA:2309,203
DA:2310,203
DA:2311,203
DA:2312,203
DA:2313,203
DA:2314,203
DA:2315,203
DA:2316,203
DA:2317,203
DA:2318,203
DA:2319,203
DA:2320,203
DA:2321,203
DA:2322,203
DA:2323,203
DA:2324,203
DA:2325,203
DA:2326,203
DA:2327,203
DA:2328,203
DA:2329,203
DA:2330,203
DA:2331,203
DA:2332,203
DA:2333,203
DA:2334,203
DA:2335,203
DA:2336,203
DA:2337,203
DA:2338,203
DA:2339,203
DA:2340,203
DA:2341,203
DA:2342,203
DA:2343,203
DA:2344,203
DA:2345,203
DA:2346,203
DA:2347,203
DA:2348,203
DA:2349,203
DA:2350,203
DA:2351,203
DA:2352,203
DA:2353,203
DA:2354,203
DA:2355,203
DA:2356,203
DA:2357,203
DA:2358,203
DA:2359,203
DA:2360,203
DA:2361,203
DA:2362,203
DA:2363,203
DA:2364,203
DA:2365,203
DA:2366,203
DA:2367,203
DA:2368,203
DA:2369,203
DA:2370,203
DA:2371,203
DA:2372,203
DA:2373,203
DA:2374,203
DA:2375,203
DA:2376,203
DA:2377,203
DA:2378,203
DA:2379,203
DA:2380,203
DA:2381,203
DA:2382,203
DA:2383,203
DA:2384,203
DA:2385,203
DA:2386,203
DA:2387,203
DA:2388,203
DA:2389,203
DA:2390,203
DA:2391,203
DA:2392,203
DA:2393,203
DA:2394,203
DA:2395,203
DA:2396,203
DA:2397,203
DA:2398,203
DA:2399,203
DA:2400,203
DA:2401,203
DA:2402,203
DA:2403,203
DA:2404,203
DA:2405,203
DA:2406,203
DA:2407,203
DA:2408,203
DA:2409,203
DA:2410,203
DA:2411,203
DA:2412,203
DA:2413,203
DA:2414,203
DA:2415,203
DA:2416,203
DA:2417,203
DA:2418,203
DA:2419,203
DA:2420,203
DA:2421,203
DA:2422,203
DA:2423,203
DA:2424,203
DA:2425,203
DA:2426,203
DA:2427,203
DA:2428,203
DA:2429,203
DA:2430,203
DA:2431,203
DA:2432,203
DA:2433,203
DA:2434,203
DA:2435,203
DA:2436,203
DA:2437,203
DA:2438,203
DA:2439,203
DA:2440,203
DA:2441,203
DA:2442,203
DA:2443,203
DA:2444,203
DA:2445,203
DA:2446,203
DA:2447,203
DA:2448,203
DA:2449,203
DA:2450,203
DA:2451,203
DA:2452,203
DA:2453,203
DA:2454,203
DA:2455,203
DA:2456,203
DA:2457,203
DA:2458,203
DA:2459,203
DA:2460,203
DA:2461,203
DA:2462,203
DA:2463,203
DA:2464,203
DA:2465,203
DA:2466,203
DA:2467,203
DA:2468,203
DA:2469,203
DA:2470,203
DA:2471,203
DA:2472,203
DA:2473,203
DA:2474,203
DA:2475,203
DA:2476,203
DA:2477,203
DA:2478,203
DA:2479,203
DA:2480,203
DA:2481,37
DA:2482,37
DA:2483,37
DA:2484,37
DA:2485,37
DA:2486,37
DA:2487,37
DA:2488,37
DA:2489,37
DA:2490,37
DA:2491,37
DA:2492,37
DA:2493,37
DA:2494,37
DA:2495,37
DA:2496,37
DA:2497,37
DA:2498,37
DA:2499,37
DA:2500,37
DA:2501,37
DA:2502,37
DA:2503,203
DA:2504,203
DA:2505,203
DA:2506,45
DA:2507,45
DA:2508,45
DA:2509,1
DA:2510,1
DA:2511,203
DA:2512,203
DA:2513,203
DA:2514,203
DA:2515,203
DA:2516,98
DA:2517,98
DA:2518,98
DA:2519,98
DA:2520,98
DA:2521,2
DA:2522,2
DA:2523,203
DA:2524,203
DA:2525,203
DA:2526,203
DA:2527,1
DA:2528,1
DA:2529,1
DA:2530,203
DA:2531,203
DA:2532,203
DA:2533,0
DA:2534,0
DA:2535,0
DA:2536,0
DA:2537,0
DA:2538,0
DA:2539,0
DA:2540,0
DA:2541,0
DA:2542,0
DA:2543,0
DA:2544,0
DA:2545,0
DA:2546,0
DA:2547,0
DA:2548,0
DA:2549,0
DA:2550,0
DA:2551,0
DA:2552,0
DA:2553,0
DA:2554,0
DA:2555,0
DA:2556,0
DA:2557,0
DA:2558,0
DA:2559,0
DA:2560,203
DA:2561,203
DA:2562,203
DA:2563,203
DA:2564,64
DA:2565,64
DA:2566,64
DA:2567,64
DA:2568,64
DA:2569,64
DA:2570,64
DA:2571,64
DA:2572,64
DA:2573,203
DA:2574,203
DA:2575,203
DA:2576,203
DA:2577,54
DA:2578,54
DA:2579,54
DA:2580,54
DA:2581,54
DA:2582,52
DA:2583,52
DA:2584,54
DA:2585,54
DA:2586,203
DA:2587,203
DA:2588,203
DA:2589,203
DA:2590,119
DA:2591,105
DA:2592,203
DA:2593,203
DA:2594,203
DA:2595,203
DA:2596,203
DA:2597,203
DA:2598,203
DA:2599,203
DA:2600,203
DA:2601,203
DA:2602,203
DA:2603,203
DA:2604,203
DA:2605,203
DA:2606,203
DA:2607,203
DA:2608,203
DA:2609,203
DA:2610,203
DA:2611,203
DA:2612,203
DA:2613,203
DA:2614,203
DA:2615,203
DA:2616,203
DA:2617,203
DA:2618,203
DA:2619,203
DA:2620,203
DA:2621,203
DA:2622,203
DA:2623,203
DA:2624,203
DA:2625,203
DA:2626,203
DA:2627,203
DA:2628,203
DA:2629,203
DA:2630,203
DA:2631,22
DA:2632,18
DA:2633,18
DA:2634,22
DA:2635,18
DA:2636,18
DA:2637,22
DA:2638,18
DA:2639,18
DA:2640,22
DA:2641,18
DA:2642,0
DA:2643,0
DA:2644,0
DA:2645,203
DA:2646,203
DA:2647,203
DA:2648,203
DA:2649,1
DA:2650,203
DA:2651,203
DA:2652,203
DA:2653,203
DA:2654,49
DA:2655,49
DA:2656,49
DA:2657,203
DA:2658,203
DA:2659,203
DA:2660,203
DA:2661,203
DA:2662,12
DA:2663,12
DA:2664,12
DA:2665,12
DA:2666,12
DA:2667,12
DA:2668,12
DA:2669,12
DA:2670,12
DA:2671,12
DA:2672,12
DA:2673,1
DA:2674,1
DA:2675,1
DA:2676,1
DA:2677,203
DA:2678,203
DA:2679,203
DA:2680,203
DA:2681,7
DA:2682,7
DA:2683,7
DA:2684,7
DA:2685,7
DA:2686,7
DA:2687,7
DA:2688,7
DA:2689,1
DA:2690,203
DA:2691,203
DA:2692,203
DA:2693,4
DA:2694,4
DA:2695,4
DA:2696,4
DA:2697,4
DA:2698,4
DA:2699,4
DA:2700,4
DA:2701,4
DA:2702,4
DA:2703,4
DA:2704,4
DA:2705,4
DA:2706,4
DA:2707,4
DA:2708,4
DA:2709,4
DA:2710,4
DA:2711,4
DA:2712,4
DA:2713,4
DA:2714,4
DA:2715,4
DA:2716,4
DA:2717,4
DA:2718,4
DA:2719,4
DA:2720,203
DA:2721,203
DA:2722,203
DA:2723,203
DA:2724,203
DA:2725,203
DA:2726,203
DA:2727,203
DA:2728,203
DA:2729,203
DA:2730,203
DA:2731,4
DA:2732,4
DA:2733,4
DA:2734,0
DA:2735,4
DA:2736,4
DA:2737,4
DA:2738,4
DA:2739,4
DA:2740,4
DA:2741,4
DA:2742,4
DA:2743,4
DA:2744,4
DA:2745,4
DA:2746,203
DA:2747,203
DA:2748,203
DA:2749,55
DA:2750,203
DA:2751,203
DA:2752,203
DA:2753,203
DA:2754,1
DA:2755,1
DA:2756,1
DA:2757,1
DA:2758,1
DA:2759,203
DA:2760,203
DA:2761,203
DA:2762,41
DA:2763,41
DA:2764,41
DA:2765,41
DA:2766,41
DA:2767,41
DA:2768,203
DA:2769,203
DA:2770,203
DA:2771,203
DA:2772,203
DA:2773,203
DA:2774,203
DA:2775,203
DA:2776,203
DA:2777,203
DA:2778,203
DA:2779,203
DA:2780,203
DA:2781,203
DA:2782,203
DA:2783,203
DA:2784,203
DA:2785,7
DA:2786,7
DA:2787,7
DA:2788,7
DA:2789,7
DA:2790,7
DA:2791,7
DA:2792,7
DA:2793,7
DA:2794,7
DA:2795,7
DA:2796,7
DA:2797,7
DA:2798,7
DA:2799,7
DA:2800,7
DA:2801,7
DA:2802,7
DA:2803,7
DA:2804,7
DA:2805,203
DA:2806,203
DA:2807,203
DA:2808,203
DA:2809,203
DA:2810,203
DA:2811,203
DA:2812,203
DA:2813,203
DA:2814,203
DA:2815,203
DA:2816,203
DA:2817,203
DA:2818,203
LF:2818
LH:2757
BRDA:56,0,0,207
BRDA:63,1,0,164
BRDA:70,2,0,165
BRDA:78,3,0,58
BRDA:86,4,0,14
BRDA:95,5,0,68
BRDA:141,6,0,5
BRDA:146,7,0,5
BRDA:160,8,0,82
BRDA:168,9,0,0
BRDA:389,10,0,54
BRDA:397,11,0,0
BRDA:447,12,0,13
BRDA:1558,13,0,107
BRDA:2421,14,0,2
BRDA:2480,15,0,37
BRDA:2489,16,0,0
BRDA:2491,17,0,0
BRDA:2494,18,0,0
[...]
FN:40,getCustomField
FN:242,getDateValueFromTimestamp
FN:255,getTimeValueFromTimestamp
FN:64,booleanField
FN:66,render
FN:79,value
FN:85,enumField
FN:87,render
FN:103,value
FN:109,floatField
FN:111,render
FN:126,value
FN:132,integerField
FN:134,render
FN:148,value
FN:154,timestampField
FN:156,render
FN:176,value
FN:189,stringField
FN:191,render
FN:204,value
FN:210,getInstanceValue
FN:214,getEnumValues
FNF:23
FNH:23
FNDA:4,getCustomField
FNDA:2,getDateValueFromTimestamp
FNDA:2,getTimeValueFromTimestamp
FNDA:4,booleanField
FNDA:1,render
FNDA:1,value
FNDA:4,enumField
FNDA:2,render
FNDA:2,value
FNDA:4,floatField
FNDA:1,render
FNDA:1,value
FNDA:4,integerField
FNDA:2,render
FNDA:2,value
FNDA:4,timestampField
FNDA:2,render
FNDA:2,value
FNDA:4,stringField
FNDA:1,render
FNDA:1,value
FNDA:2,getInstanceValue
FNDA:2,getEnumValues
DA:1,64
DA:2,64
DA:3,64
DA:4,64
DA:5,64
DA:6,64
DA:7,64
DA:8,64
DA:9,64
DA:10,64
DA:11,64
DA:12,64
DA:13,64
DA:14,64
DA:15,64
DA:16,64
DA:17,64
DA:18,64
DA:19,64
DA:20,64
DA:21,64
DA:22,64
DA:23,64
DA:24,64
DA:25,64
DA:26,64
DA:27,64
DA:28,64
DA:29,64
DA:30,64
DA:31,64
DA:32,64
DA:33,64
DA:34,64
DA:35,64
DA:36,64
DA:37,64
DA:38,64
DA:39,64
DA:40,64
DA:41,4
DA:42,4
DA:43,4
DA:44,4
DA:45,4
DA:46,4
DA:47,4
DA:48,4
DA:49,4
DA:50,4
DA:51,4
DA:52,4
DA:53,4
DA:54,4
DA:55,4
DA:56,4
DA:57,4
DA:58,4
DA:59,4
DA:60,4
DA:61,4
DA:62,4
DA:63,4
DA:64,4
DA:65,4
DA:66,4
DA:67,1
DA:68,1
DA:69,1
DA:70,1
DA:71,1
DA:72,4
DA:73,4
DA:74,4
DA:75,4
DA:76,4
DA:77,4
DA:78,4
DA:79,4
DA:80,1
DA:81,4
DA:82,4
DA:83,4
DA:84,4
DA:85,4
DA:86,4
DA:87,4
DA:88,2
DA:89,2
DA:90,2
DA:91,2
DA:92,2
DA:93,2
DA:94,2
DA:95,2
DA:96,2
DA:97,2
DA:98,4
DA:99,4
DA:100,4
DA:101,4
DA:102,4
DA:103,4
DA:104,2
DA:105,4
DA:106,4
DA:107,4
DA:108,4
DA:109,4
DA:110,4
DA:111,4
DA:112,1
DA:113,1
DA:114,1
DA:115,1
DA:116,1
DA:117,1
DA:118,1
DA:119,1
DA:120,1
DA:121,4
DA:122,4
DA:123,4
DA:124,4
DA:125,4
DA:126,4
DA:127,1
DA:128,4
DA:129,4
DA:130,4
DA:131,4
DA:132,4
DA:133,4
DA:134,4
DA:135,2
DA:136,2
DA:137,2
DA:138,2
DA:139,2
DA:140,2
DA:141,2
DA:142,2
DA:143,2
DA:144,4
DA:145,4
DA:146,4
DA:147,4
DA:148,4
DA:149,2
DA:150,4
DA:151,4
DA:152,4
DA:153,4
DA:154,4
DA:155,4
DA:156,4
DA:157,2
DA:158,2
DA:159,2
DA:160,2
DA:161,2
DA:162,2
DA:163,2
DA:164,2
DA:165,2
DA:166,2
DA:167,2
DA:168,2
DA:169,2
DA:170,4
DA:171,4
DA:172,4
DA:173,4
DA:174,4
DA:175,4
DA:176,4
DA:177,2
DA:178,2
DA:179,2
DA:180,2
DA:181,2
DA:182,2
DA:183,2
DA:184,2
DA:185,4
DA:186,4
DA:187,4
DA:188,4
DA:189,4
DA:190,4
DA:191,4
DA:192,1
DA:193,1
DA:194,1
DA:195,1
DA:196,1
DA:197,1
DA:198,1
DA:199,4
DA:200,4
DA:201,4
DA:202,4
DA:203,4
DA:204,4
DA:205,1
DA:206,4
DA:207,4
DA:208,4
DA:209,4
DA:210,4
DA:211,2
DA:212,4
DA:213,4
DA:214,4
DA:215,2
DA:216,2
DA:217,2
DA:218,2
DA:219,2
DA:220,2
DA:221,2
DA:222,2
DA:223,2
DA:224,2
DA:225,2
DA:226,2
DA:227,2
DA:228,2
DA:229,2
DA:230,2
DA:231,2
DA:232,2
DA:233,2
DA:234,2
DA:235,2
DA:236,2
DA:237,2
DA:238,2
DA:239,64
DA:240,64
DA:241,64
DA:242,64
DA:243,2
DA:244,2
DA:245,2
DA:246,2
DA:247,2
DA:248,2
DA:249,2
DA:250,1
DA:251,2
DA:252,2
DA:253,64
DA:254,64
DA:255,64
DA:256,2
DA:257,2
DA:258,2
DA:259,1
DA:260,1
DA:261,1
DA:262,1
DA:263,1
DA:264,1
DA:265,1
DA:266,1
DA:267,1
DA:268,2
DA:269,2
DA:270,2
DA:271,64
LF:271
LH:271
BRDA:40,0,0,4
BRDA:64,1,0,4
BRDA:85,2,0,4
BRDA:87,3,0,4
BRDA:95,4,0,4
BRDA:103,5,0,4
BRDA:104,6,0,4
BRDA:109,7,0,4
BRDA:132,8,0,4
BRDA:134,9,0,4
BRDA:148,10,0,4
BRDA:149,11,0,4
BRDA:154,12,0,4
BRDA:156,13,0,4
BRDA:176,14,0,4
BRDA:181,15,0,3
BRDA:182,16,0,3
BRDA:177,17,0,4
BRDA:178,18,0,4
BRDA:189,19,0,4
BRDA:210,20,0,4
BRDA:214,21,0,4
BRDA:226,22,0,4
BRDA:230,23,0,4
BRDA:231,24,0,2
BRDA:232,25,0,2
BRDA:234,26,0,4
BRDA:235,27,0,2
BRDA:242,28,0,2
BRDA:249,29,0,1
BRDA:255,30,0,2
BRDA:258,31,0,1
BRDA:66,32,0,4
BRDA:79,33,0,4
BRDA:80,34,0,4
BRDA:111,35,0,4
BRDA:126,36,0,4
BRDA:127,37,0,4
BRDA:191,38,0,4
BRDA:204,39,0,4
BRDA:205,40,0,4
BRDA:211,41,0,3
BRF:42
BRH:42
end_of_record
TN:
SF:src/wizards/foundation/enums.ts
FNF:0
FNH:0
DA:1,82
DA:2,82
DA:3,82
DA:4,82
DA:5,82
DA:6,82
DA:7,82
DA:8,82
DA:9,82
DA:10,82
DA:11,82
DA:12,82
DA:13,82
DA:14,82
DA:15,82
DA:16,82
DA:17,82
DA:18,82
DA:19,82
DA:20,82
DA:21,82
DA:22,82
DA:23,82
DA:24,82
DA:25,82
DA:26,82
DA:27,82
DA:28,82
DA:29,82
DA:30,82
DA:31,82
DA:32,82
DA:33,82
DA:34,82
DA:35,82
DA:36,82
DA:37,82
DA:38,82
DA:39,82
DA:40,82
DA:41,82
DA:42,82
DA:43,82
DA:44,82
DA:45,82
DA:46,82
DA:47,82
DA:48,82
DA:49,82
DA:50,82
DA:51,82
DA:52,82
DA:53,82
DA:54,82
DA:55,82
DA:56,82
DA:57,82
DA:58,82
DA:59,82
DA:60,82
DA:61,82
DA:62,82
DA:63,82
LF:63
LH:63
BRF:0
BRH:0
end_of_record
TN:
SF:src/wizards/foundation/finder.ts
FN:8,getDisplayString
FN:14,getReader
FN:35,getIED
FN:42,iEDPicker
FN:51,iEDsPicker
FN:61,getDataModelChildren
FN:82,dataAttributePicker
FN:92,getSMVDataChildren
FN:140,sampledValueDataPicker
FNF:9
FNH:8
FNDA:10,getDisplayString
FNDA:10,getReader
FNDA:5,getIED
FNDA:5,iEDPicker
FNDA:0,iEDsPicker
FNDA:10,getDataModelChildren
FNDA:7,dataAttributePicker
FNDA:2,getSMVDataChildren
FNDA:2,sampledValueDataPicker
DA:1,80
DA:2,80
DA:3,80
DA:4,80
DA:5,80
DA:6,80
DA:7,80
DA:8,80
DA:9,10
DA:10,9
DA:11,9
DA:12,80
DA:13,80
DA:14,80
DA:15,10
DA:16,10
DA:17,10
DA:18,10
DA:19,10
DA:20,10
DA:21,10
DA:22,10
DA:23,10
DA:24,10
DA:25,10
DA:26,10
DA:27,10
DA:28,10
DA:29,10
DA:30,80
DA:31,80
DA:32,80
DA:33,80
DA:34,80
DA:35,5
DA:36,5
DA:37,5
DA:38,1
DA:39,1
DA:40,80
DA:41,80
DA:42,80
DA:43,5
DA:44,5
DA:45,5
DA:46,5
DA:47,5
DA:48,80
DA:49,80
DA:50,80
DA:51,80
DA:52,0
DA:53,0
DA:54,0
DA:55,0
DA:56,0
DA:57,0
DA:58,80
DA:59,80
DA:60,80
DA:61,80
DA:62,10
DA:63,10
DA:64,10
DA:65,10
DA:66,10
DA:67,10
DA:68,6
DA:69,6
DA:70,6
DA:71,6
DA:72,5
DA:73,6
DA:74,10
DA:75,10
DA:76,10
DA:77,10
DA:78,80
DA:79,80
DA:80,80
DA:81,80
DA:82,80
DA:83,7
DA:84,7
DA:85,7
DA:86,7
DA:87,7
DA:88,7
DA:89,80
DA:90,80
DA:91,80
DA:92,80
DA:93,2
DA:94,2
DA:95,2
DA:96,2
DA:97,2
DA:98,1
DA:99,1
DA:100,1
DA:101,1
DA:102,1
DA:103,1
DA:104,1
DA:105,1
DA:106,1
DA:107,1
DA:108,1
DA:109,1
DA:110,1
DA:111,1
DA:112,2
DA:113,2
DA:114,2
DA:115,2
DA:116,2
DA:117,1
DA:118,2
DA:119,1
DA:120,1
DA:121,1
DA:122,1
DA:123,1
DA:124,1
DA:125,1
DA:126,2
DA:127,1
DA:128,1
DA:129,1
DA:130,1
DA:131,1
DA:132,1
DA:133,1
DA:134,1
DA:135,1
DA:136,80
DA:137,80
DA:138,80
DA:139,80
DA:140,80
DA:141,2
DA:142,2
DA:143,2
DA:144,2
DA:145,2
DA:146,2
DA:147,80
DA:148,80
LF:148
LH:142
BRDA:8,0,0,10
BRDA:9,1,0,6
BRDA:10,2,0,4
BRDA:14,3,0,10
BRDA:18,4,0,10
BRDA:23,5,0,1
BRDA:29,6,0,10
BRDA:61,7,0,10
BRDA:67,8,0,6
BRDA:71,9,0,5
BRDA:72,10,0,6
BRDA:64,11,0,10
BRDA:82,12,0,7
BRDA:88,13,0,7
BRDA:35,14,0,5
BRDA:37,15,0,1
BRDA:42,16,0,5
BRDA:47,17,0,5
BRDA:92,18,0,2
BRDA:119,19,0,0
BRDA:127,20,0,0
BRDA:95,21,0,2
BRDA:102,22,0,1
BRDA:119,23,0,1
BRDA:128,24,0,1
BRDA:140,25,0,2
BRDA:146,26,0,2
BRDA:9,27,0,9
BRDA:97,28,0,1
BRDA:109,29,0,1
BRDA:110,30,0,1
BRDA:116,31,0,1
BRDA:118,32,0,1
BRDA:126,33,0,1
BRF:34
BRH:32
end_of_record
TN:
SF:src/wizards/foundation/limits.ts
FNF:0
FNH:0
DA:1,95
DA:2,95
DA:3,95
DA:4,95
DA:5,95
DA:6,95
DA:7,95
DA:8,95
DA:9,95
DA:10,95
DA:11,95
DA:12,95
DA:13,95
DA:14,95
DA:15,95
DA:16,95
DA:17,95
DA:18,95
DA:19,95
DA:20,95
DA:21,95
DA:22,95
DA:23,95
DA:24,95
DA:25,95
DA:26,95
DA:27,95
DA:28,95
DA:29,95
DA:30,95
DA:31,95
DA:32,95
DA:33,95
DA:34,95
DA:35,95
DA:36,95
DA:37,95
DA:38,95
LF:38
LH:38
BRF:0
BRH:0
end_of_record
TN:
SF:src/wizards/foundation/p-types.ts
FN:4,getTypes
FNF:1
FNH:1
FNDA:4,getTypes
DA:1,99
DA:2,99
DA:3,99
DA:4,99
DA:5,4
DA:6,4
DA:7,4
DA:8,4
DA:9,4
DA:10,4
DA:11,4
DA:12,4
DA:13,4
DA:14,4
DA:15,3
DA:16,3
DA:17,3
DA:18,3
DA:19,99
DA:20,99
DA:21,99
DA:22,99
DA:23,99
DA:24,99
DA:25,99
DA:26,99
DA:27,99
DA:28,99
DA:29,99
DA:30,99
DA:31,99
DA:32,99
DA:33,99
DA:34,99
DA:35,99
DA:36,99
DA:37,99
DA:38,99
DA:39,99
DA:40,99
DA:41,99
DA:42,99
DA:43,99
DA:44,99
DA:45,99
DA:46,99
DA:47,99
DA:48,99
DA:49,99
DA:50,99
DA:51,99
DA:52,99
DA:53,99
DA:54,99
DA:55,99
DA:56,99
DA:57,99
DA:58,99
DA:59,99
DA:60,99
DA:61,99
DA:62,99
DA:63,99
DA:64,99
DA:65,99
DA:66,99
DA:67,99
DA:68,99
DA:69,99
DA:70,99
DA:71,99
DA:72,99
DA:73,99
DA:74,99
DA:75,99
DA:76,99
DA:77,99
DA:78,99
DA:79,99
DA:80,99
DA:81,99
DA:82,99
DA:83,99
DA:84,99
DA:85,99
DA:86,99
DA:87,99
DA:88,99
DA:89,99
DA:90,99
DA:91,99
DA:92,99
DA:93,99
DA:94,99
DA:95,99
DA:96,99
DA:97,99
DA:98,99
DA:99,99
DA:100,99
DA:101,99
DA:102,99
DA:103,99
DA:104,99
DA:105,99
DA:106,99
DA:107,99
DA:108,99
DA:109,99
DA:110,99
DA:111,99
DA:112,99
DA:113,99
DA:114,99
DA:115,99
DA:116,99
DA:117,99
DA:118,99
DA:119,99
DA:120,99
DA:121,99
DA:122,99
DA:123,99
DA:124,99
DA:125,99
DA:126,99
DA:127,99
DA:128,99
DA:129,99
DA:130,99
DA:131,99
DA:132,99
DA:133,99
DA:134,99
DA:135,99
DA:136,99
DA:137,99
DA:138,99
DA:139,99
DA:140,99
DA:141,99
DA:142,99
DA:143,99
DA:144,99
DA:145,99
DA:146,99
DA:147,99
DA:148,99
DA:149,99
DA:150,99
DA:151,99
DA:152,99
DA:153,99
DA:154,99
DA:155,99
DA:156,99
DA:157,99
LF:157
LH:157
BRDA:4,0,0,4
BRDA:5,1,0,0
BRDA:14,2,0,3
BRDA:10,3,0,2
BRDA:11,4,0,2
BRDA:12,5,0,2
BRDA:14,6,0,2
BRDA:16,7,0,1
BRF:8
BRH:7
end_of_record
TN:
SF:src/wizards/foundation/references.ts
FN:76,simpleAttributeFilter
FN:77,filter
FN:88,simpleTextContentFilter
FN:89,filter
FN:108,attributeFilterWithParentNameAttribute
FN:109,filter
FN:132,cloneElement
FN:145,cloneElementAndTextContent
FN:163,updateReferences
FN:208,deleteReferences
FNF:10
FNH:10
FNDA:73,simpleAttributeFilter
FNDA:6,filter
FNDA:73,simpleTextContentFilter
FNDA:4,filter
FNDA:73,attributeFilterWithParentNameAttribute
FNDA:3,filter
FNDA:6,cloneElement
FNDA:1,cloneElementAndTextContent
FNDA:8,updateReferences
FNDA:4,deleteReferences
DA:1,73
DA:2,73
DA:3,73
DA:4,73
DA:5,73
DA:6,73
DA:7,73
DA:8,73
DA:9,73
DA:10,73
DA:11,73
DA:12,73
DA:13,73
DA:14,73
DA:15,73
DA:16,73
DA:17,73
DA:18,73
DA:19,73
DA:20,73
DA:21,73
DA:22,73
DA:23,73
DA:24,73
DA:25,73
DA:26,73
DA:27,73
DA:28,73
DA:29,73
DA:30,73
DA:31,73
DA:32,73
DA:33,73
DA:34,73
DA:35,73
DA:36,73
DA:37,73
DA:38,73
DA:39,73
DA:40,73
DA:41,73
DA:42,73
DA:43,73
DA:44,73
DA:45,73
DA:46,73
DA:47,73
DA:48,73
DA:49,73
DA:50,73
DA:51,73
DA:52,73
DA:53,73
DA:54,73
DA:55,73
DA:56,73
DA:57,73
DA:58,73
DA:59,73
DA:60,73
DA:61,73
DA:62,73
DA:63,73
DA:64,73
DA:65,73
DA:66,73
DA:67,73
DA:68,73
DA:69,73
DA:70,73
DA:71,73
DA:72,73
DA:73,73
DA:74,73
DA:75,73
DA:76,73
DA:77,73
DA:78,6
DA:79,73
DA:80,73
DA:81,73
DA:82,73
DA:83,73
DA:84,73
DA:85,73
DA:86,73
DA:87,73
DA:88,73
DA:89,73
DA:90,4
DA:91,73
DA:92,73
DA:93,73
DA:94,73
DA:95,73
DA:96,73
DA:97,73
DA:98,73
DA:99,73
DA:100,73
DA:101,73
DA:102,73
DA:103,73
DA:104,73
DA:105,73
DA:106,73
DA:107,73
DA:108,73
DA:109,73
DA:110,3
DA:111,3
DA:112,3
DA:113,3
DA:114,3
DA:115,3
DA:116,0
DA:117,0
DA:118,3
DA:119,3
DA:120,73
DA:121,73
DA:122,73
DA:123,73
DA:124,73
DA:125,73
DA:126,73
DA:127,73
DA:128,73
DA:129,73
DA:130,73
DA:131,73
DA:132,6
DA:133,6
DA:134,6
DA:135,6
DA:136,73
DA:137,73
DA:138,73
DA:139,73
DA:140,73
DA:141,73
DA:142,73
DA:143,73
DA:144,73
DA:145,1
DA:146,1
DA:147,1
DA:148,1
DA:149,73
DA:150,73
DA:151,73
DA:152,73
DA:153,73
DA:154,73
DA:155,73
DA:156,73
DA:157,73
DA:158,73
DA:159,73
DA:160,73
DA:161,73
DA:162,73
DA:163,73
DA:164,8
DA:165,8
DA:166,6
DA:167,6
DA:168,6
DA:169,6
DA:170,1
DA:171,6
DA:172,6
DA:173,6
DA:174,6
DA:175,6
DA:176,6
DA:177,6
DA:178,6
DA:179,6
DA:180,6
DA:181,6
DA:182,6
DA:183,6
DA:184,2
DA:185,2
DA:186,2
DA:187,2
DA:188,2
DA:189,2
DA:190,2
DA:191,2
DA:192,1
DA:193,1
DA:194,6
DA:195,6
DA:196,6
DA:197,6
DA:198,73
DA:199,73
DA:200,73
DA:201,73
DA:202,73
DA:203,73
DA:204,73
DA:205,73
DA:206,73
DA:207,73
DA:208,73
DA:209,4
DA:210,4
DA:211,1
DA:212,4
DA:213,4
DA:214,4
DA:215,4
DA:216,1
DA:217,4
DA:218,4
DA:219,4
DA:220,4
DA:221,4
DA:222,4
DA:223,4
DA:224,4
DA:225,4
DA:226,4
DA:227,4
DA:228,4
DA:229,4
DA:230,4
DA:231,4
DA:232,4
DA:233,4
DA:234,4
DA:235,4
DA:236,4
DA:237,2
DA:238,2
DA:239,2
DA:240,4
DA:241,4
DA:242,4
DA:243,4
DA:244,4
DA:245,73
LF:245
LH:243
BRDA:76,0,0,9
BRDA:88,1,0,7
BRDA:108,2,0,11
BRDA:163,3,0,8
BRDA:164,4,0,7
BRDA:165,5,0,6
BRDA:77,6,0,9
BRDA:89,7,0,7
BRDA:132,8,0,6
BRDA:169,9,0,1
BRDA:174,10,0,6
BRDA:181,11,0,6
BRDA:189,12,0,2
BRDA:208,13,0,4
BRDA:209,14,0,1
BRDA:210,15,0,1
BRDA:215,16,0,1
BRDA:220,17,0,4
BRDA:227,18,0,4
BRDA:234,19,0,4
BRDA:183,20,0,2
BRDA:109,21,0,11
BRDA:111,22,0,11
BRDA:115,23,0,11
BRDA:145,24,0,1
BRDA:191,25,0,2
BRDA:236,26,0,4
BRF:27
BRH:27
end_of_record
TN:
SF:src/wizards/foundation/scl.ts
FN:1,getConnectedAP
FN:11,isAccessPointConnected
FN:15,incrementMac
FN:22,uniqueMacAddress
FN:44,incrementAppId
FN:51,uniqueAppId
FNF:6
FNH:6
FNDA:4,getConnectedAP
FNDA:4,isAccessPointConnected
FNDA:1,incrementMac
FNDA:5,uniqueMacAddress
FNDA:1,incrementAppId
FNDA:5,uniqueAppId
DA:1,69
DA:2,4
DA:3,4
DA:4,4
DA:5,4
DA:6,4
DA:7,4
DA:8,69
DA:9,69
DA:10,69
DA:11,69
DA:12,4
DA:13,69
DA:14,69
DA:15,1
DA:16,1
DA:17,1
DA:18,1
DA:19,1
DA:20,69
DA:21,69
DA:22,69
DA:23,5
DA:24,5
DA:25,5
DA:26,5
DA:27,5
DA:28,5
DA:29,5
DA:30,5
DA:31,5
DA:32,5
DA:33,5
DA:34,5
DA:35,5
DA:36,5
DA:37,5
DA:38,1
DA:39,1
DA:40,1
DA:41,5
DA:42,69
DA:43,69
DA:44,1
DA:45,1
DA:46,1
DA:47,1
DA:48,1
DA:49,69
DA:50,69
DA:51,69
DA:52,5
DA:53,5
DA:54,5
DA:55,5
DA:56,5
DA:57,5
DA:58,5
DA:59,5
DA:60,5
DA:61,5
DA:62,5
DA:63,5
DA:64,1
DA:65,0
DA:66,0
DA:67,5
DA:68,69
LF:68
LH:66
BRDA:1,0,0,4
BRDA:11,1,0,4
BRDA:22,2,0,5
BRDA:27,3,0,3
BRDA:29,4,0,3
BRDA:37,5,0,1
BRDA:41,6,0,1
BRDA:32,7,0,5
BRDA:33,8,0,5
BRDA:51,9,0,5
BRDA:59,10,0,0
BRDA:63,11,0,1
BRDA:67,12,0,0
BRDA:56,13,0,5
BRDA:57,14,0,5
BRDA:27,15,0,3
BRDA:29,16,0,3
BRDA:15,17,0,1
BRDA:44,18,0,1
BRDA:64,19,0,0
BRDA:12,20,0,2
BRF:21
BRH:18
end_of_record
TN:
SF:test/foundation.ts
FN:6,invertedRegex
FN:16,regexString
FN:26,ipV6
FN:34,MAC
FN:42,ipV6SubNet
FNF:5
FNH:5
FNDA:2,invertedRegex
FNDA:12,regexString
FNDA:1,ipV6
FNDA:1,MAC
FNDA:1,ipV6SubNet
DA:1,13
DA:2,13
DA:3,13
DA:4,13
DA:5,13
DA:6,13
DA:7,2
DA:8,2
DA:9,2
DA:10,2
DA:11,2
DA:12,2
DA:13,2
DA:14,13
DA:15,13
DA:16,13
DA:17,12
DA:18,12
DA:19,12
DA:20,12
DA:21,12
DA:22,12
DA:23,12
DA:24,13
DA:25,13
DA:26,13
DA:27,1
DA:28,1
DA:29,1
DA:30,1
DA:31,13
DA:32,13
DA:33,13
DA:34,13
DA:35,1
DA:36,1
DA:37,1
DA:38,1
DA:39,13
DA:40,13
DA:41,13
DA:42,13
DA:43,1
DA:44,13
DA:45,13
DA:46,13
DA:47,13
DA:48,13
DA:49,13
DA:50,13
DA:51,13
DA:52,13
DA:53,13
DA:54,13
DA:55,13
DA:56,13
DA:57,13
DA:58,13
DA:59,13
DA:60,13
DA:61,13
DA:62,13
DA:63,13
DA:64,13
DA:65,13
DA:66,13
DA:67,13
DA:68,13
DA:69,13
DA:70,13
DA:71,13
DA:72,13
DA:73,13
DA:74,13
DA:75,13
LF:75
LH:75
BRDA:16,0,0,12
BRDA:22,1,0,8
BRDA:23,2,0,12
BRDA:6,3,0,2
BRDA:13,4,0,2
BRDA:26,5,0,1
BRDA:28,6,0,1
BRDA:30,7,0,1
BRDA:42,8,0,1
BRDA:43,9,0,1
BRDA:34,10,0,1
BRDA:36,11,0,1
BRDA:38,12,0,1
BRF:13
BRH:13
end_of_record
TN:
SF:test/mock-editor-logger.ts
FNF:0
FNH:0
DA:1,4
DA:2,4
DA:3,4
DA:4,4
DA:5,4
DA:6,4
DA:7,4
LF:7
LH:7
BRF:0
BRH:0
end_of_record
TN:
SF:test/mock-setter-logger.ts
FNF:0
FNH:0
DA:1,1
DA:2,1
DA:3,1
DA:4,1
DA:5,1
DA:6,1
DA:7,1
LF:7
LH:7
BRF:0
BRH:0
end_of_record
TN:
SF:test/mock-wizard-editor.ts
FNF:0
FNH:0
DA:1,39
DA:2,39
DA:3,39
DA:4,39
DA:5,39
DA:6,39
LF:6
LH:6
BRF:0
BRH:0
end_of_record
TN:
SF:test/mock-wizard.ts
FNF:0
FNH:0
DA:1,60
DA:2,60
DA:3,60
DA:4,60
DA:5,60
LF:5
LH:5
BRF:0
BRH:0
end_of_record
TN:
SF:test/integration/editors/test-support.ts
FN:10,getFCDABindingList
FN:22,selectFCDAItem
FN:35,getExtrefDataBindingList
FN:43,getExtrefLaterBindingList
FN:51,getSelectedSubItemValue
FNF:5
FNH:5
FNDA:4,getFCDABindingList
FNDA:4,selectFCDAItem
FNDA:2,getExtrefDataBindingList
FNDA:2,getExtrefLaterBindingList
FNDA:4,getSelectedSubItemValue
DA:1,4
DA:2,4
DA:3,4
DA:4,4
DA:5,4
DA:6,4
DA:7,4
DA:8,4
DA:9,4
DA:10,4
DA:11,4
DA:12,4
DA:13,4
DA:14,4
DA:15,4
DA:16,4
DA:17,4
DA:18,4
DA:19,4
DA:20,4
DA:21,4
DA:22,4
DA:23,4
DA:24,4
DA:25,4
DA:26,4
DA:27,4
DA:28,4
DA:29,4
DA:30,4
DA:31,4
DA:32,4
DA:33,4
DA:34,4
DA:35,4
DA:36,2
DA:37,2
DA:38,2
DA:39,2
DA:40,4
DA:41,4
DA:42,4
DA:43,4
DA:44,2
DA:45,2
DA:46,2
DA:47,2
DA:48,4
DA:49,4
DA:50,4
DA:51,4
DA:52,4
DA:53,4
DA:54,4
DA:55,4
DA:56,4
DA:57,4
LF:57
LH:57
BRDA:10,0,0,4
BRDA:22,1,0,4
BRDA:29,2,0,4
BRDA:30,3,0,0
BRDA:35,4,0,2
BRDA:51,5,0,4
BRDA:43,6,0,2
BRF:7
BRH:6
end_of_record
TN:
SF:test/unit/mock-actions.ts
FN:10,get cre
FN:12,get del
FN:15,get mov
FN:18,get upd
FN:21,get complex
FNF:5
FNH:5
FNDA:2,get cre
FNDA:2,get del
FNDA:2,get mov
FNDA:1,get upd
FNDA:1,get complex
DA:1,2
DA:2,2
DA:3,2
DA:4,2
DA:5,2
DA:6,2
DA:7,2
DA:8,2
DA:9,2
DA:10,2
DA:11,2
DA:12,2
DA:13,2
DA:14,2
DA:15,2
DA:16,2
DA:17,2
DA:18,2
DA:19,1
DA:20,1
DA:21,1
DA:22,1
DA:23,1
DA:24,1
DA:25,1
DA:26,1
DA:27,2
DA:28,2
DA:29,2
LF:29
LH:29
BRDA:10,0,0,2
BRDA:12,1,0,2
BRDA:15,2,0,2
BRDA:18,3,0,1
BRDA:21,4,0,1
BRF:5
BRH:5
end_of_record
TN:
SF:test/unit/mock-editor.ts
FNF:0
FNH:0
DA:1,2
DA:2,2
DA:3,2
DA:4,2
DA:5,2
LF:5
LH:5
BRF:0
BRH:0
end_of_record
TN:
SF:test/unit/mock-logger.ts
FNF:0
FNH:0
DA:1,1
DA:2,1
DA:3,1
DA:4,1
DA:5,1
LF:5
LH:5
BRF:0
BRH:0
end_of_record
TN:
SF:test/unit/mock-plugger.ts
FNF:0
FNH:0
DA:1,1
DA:2,1
DA:3,1
DA:4,1
DA:5,1
DA:6,1
LF:6
LH:6
BRF:0
BRH:0
end_of_record
TN:
SF:test/unit/mock-setter.ts
FNF:0
FNH:0
DA:1,1
DA:2,1
DA:3,1
DA:4,1
DA:5,1
LF:5
LH:5
BRF:0
BRH:0
end_of_record
TN:
SF:test/unit/mock-waiter.ts
FNF:0
FNH:0
DA:1,1
DA:2,1
DA:3,1
DA:4,1
DA:5,1
LF:5
LH:5
BRF:0
BRH:0
end_of_record
TN:
SF:test/unit/editors/ied/test-support.ts
FN:1,getAncestorsFromDO
FN:19,getAncestorsFromDA
FN:32,getLNClasses
FNF:3
FNH:3
FNDA:3,getAncestorsFromDO
FNDA:2,getAncestorsFromDA
FNDA:3,getLNClasses
DA:1,6
DA:2,3
DA:3,3
DA:4,3
DA:5,3
DA:6,3
DA:7,3
DA:8,3
DA:9,3
DA:10,3
DA:11,3
DA:12,3
DA:13,3
DA:14,3
DA:15,3
DA:16,3
DA:17,6
DA:18,6
DA:19,6
DA:20,2
DA:21,2
DA:22,2
DA:23,2
DA:24,2
DA:25,2
DA:26,2
DA:27,2
DA:28,2
DA:29,2
DA:30,6
DA:31,6
DA:32,6
DA:33,3
DA:34,3
DA:35,3
DA:36,6
LF:36
LH:36
BRDA:32,0,0,3
BRDA:34,1,0,3
BRDA:35,2,0,3
BRDA:1,3,0,3
BRDA:19,4,0,2
BRF:5
BRH:5
end_of_record
TN:
SF:test/unit/wizards/test-support.ts
FN:19,setWizardTextFieldValue
FN:30,setWizardSelectValue
FN:41,executeWizardReplaceAction
FN:52,executeWizardCreateAction
FN:63,expectWizardNoUpdateAction
FN:72,expectReplaceAction
FN:106,expectUpdateAction
FN:133,expectUpdateTextValue
FN:144,fetchDoc
FN:150,expectDeleteAction
FNF:10
FNH:10
FNDA:8,setWizardTextFieldValue
FNDA:2,setWizardSelectValue
FNDA:5,executeWizardReplaceAction
FNDA:2,executeWizardCreateAction
FNDA:7,expectWizardNoUpdateAction
FNDA:3,expectReplaceAction
FNDA:2,expectUpdateAction
FNDA:1,expectUpdateTextValue
FNDA:12,fetchDoc
FNDA:2,expectDeleteAction
DA:1,12
DA:2,12
DA:3,12
DA:4,12
DA:5,12
DA:6,12
DA:7,12
DA:8,12
DA:9,12
DA:10,12
DA:11,12
DA:12,12
DA:13,12
DA:14,12
DA:15,12
DA:16,12
DA:17,12
DA:18,12
DA:19,8
DA:20,8
DA:21,8
DA:22,8
DA:23,8
DA:24,6
DA:25,8
DA:26,8
DA:27,8
DA:28,12
DA:29,12
DA:30,2
DA:31,2
DA:32,2
DA:33,2
DA:34,2
DA:35,1
DA:36,2
DA:37,2
DA:38,2
DA:39,12
DA:40,12
DA:41,12
DA:42,5
DA:43,5
DA:44,5
DA:45,5
DA:46,5
DA:47,5
DA:48,5
DA:49,5
DA:50,12
DA:51,12
DA:52,12
DA:53,2
DA:54,2
DA:55,2
DA:56,2
DA:57,2
DA:58,2
DA:59,2
DA:60,2
DA:61,12
DA:62,12
DA:63,12
DA:64,7
DA:65,7
DA:66,7
DA:67,7
DA:68,7
DA:69,7
DA:70,12
DA:71,12
DA:72,12
DA:73,3
DA:74,3
DA:75,3
DA:76,3
DA:77,3
DA:78,3
DA:79,3
DA:80,3
DA:81,3
DA:82,3
DA:83,0
DA:84,0
DA:85,3
DA:86,3
DA:87,3
DA:88,3
DA:89,3
DA:90,3
DA:91,3
DA:92,3
DA:93,3
DA:94,3
DA:95,0
DA:96,0
DA:97,3
DA:98,3
DA:99,3
DA:100,3
DA:101,3
DA:102,12
DA:103,12
DA:104,12
DA:105,12
DA:106,12
DA:107,2
DA:108,2
DA:109,2
DA:110,2
DA:111,2
DA:112,2
DA:113,2
DA:114,2
DA:115,2
DA:116,2
DA:117,2
DA:118,1
DA:119,2
DA:120,2
DA:121,2
DA:122,2
DA:123,2
DA:124,2
DA:125,2
DA:126,0
DA:127,2
DA:128,2
DA:129,2
DA:130,12
DA:131,12
DA:132,12
DA:133,12
DA:134,1
DA:135,1
DA:136,1
DA:137,1
DA:138,1
DA:139,1
DA:140,1
DA:141,1
DA:142,12
DA:143,12
DA:144,12
DA:145,12
DA:146,12
DA:147,12
DA:148,12
DA:149,12
DA:150,12
DA:151,2
DA:152,2
DA:153,2
DA:154,2
DA:155,2
DA:156,2
DA:157,2
DA:158,12
LF:158
LH:153
BRDA:144,0,0,12
BRDA:146,1,0,12
BRDA:147,2,0,12
BRDA:19,3,0,8
BRDA:23,4,0,7
BRDA:23,5,0,6
BRDA:30,6,0,2
BRDA:34,7,0,1
BRDA:34,8,0,1
BRDA:63,9,0,7
BRDA:72,10,0,3
BRDA:82,11,0,0
BRDA:94,12,0,0
BRDA:106,13,0,2
BRDA:125,14,0,0
BRDA:150,15,0,2
BRDA:41,16,0,5
BRDA:52,17,0,2
BRDA:117,18,0,1
BRDA:133,19,0,1
BRF:20
BRH:17
end_of_record
